[2.847s] Invoking command in '/home/ubuntu/robot_ws/build/sasa_bot': CMAKE_PREFIX_PATH=${CMAKE_PREFIX_PATH}:/home/ubuntu/robot_ws/install/serial_motor_demo:/home/ubuntu/robot_ws/install/joy_tester:/opt/ros/foxy /usr/bin/cmake --build /home/ubuntu/robot_ws/build/sasa_bot -- -j4 -l4
[3.059s] Invoked command in '/home/ubuntu/robot_ws/build/sasa_bot' returned '0': CMAKE_PREFIX_PATH=${CMAKE_PREFIX_PATH}:/home/ubuntu/robot_ws/install/serial_motor_demo:/home/ubuntu/robot_ws/install/joy_tester:/opt/ros/foxy /usr/bin/cmake --build /home/ubuntu/robot_ws/build/sasa_bot -- -j4 -l4
[3.227s] Invoking command in '/home/ubuntu/robot_ws/build/sasa_bot': CMAKE_PREFIX_PATH=${CMAKE_PREFIX_PATH}:/home/ubuntu/robot_ws/install/serial_motor_demo:/home/ubuntu/robot_ws/install/joy_tester:/opt/ros/foxy /usr/bin/cmake --install /home/ubuntu/robot_ws/build/sasa_bot
[3.276s] -- Install configuration: ""
[3.278s] -- Execute custom install script
[3.285s] -- Up-to-date symlink: /home/ubuntu/robot_ws/install/sasa_bot/share/sasa_bot/config/empty.yaml
[3.287s] -- Up-to-date symlink: /home/ubuntu/robot_ws/install/sasa_bot/share/sasa_bot/config/gazebo_params.yaml
[3.292s] -- Up-to-date symlink: /home/ubuntu/robot_ws/install/sasa_bot/share/sasa_bot/config/my_controllers.yaml
[3.297s] -- Up-to-date symlink: /home/ubuntu/robot_ws/install/sasa_bot/share/sasa_bot/config/view_bot.rviz
[3.306s] -- Up-to-date symlink: /home/ubuntu/robot_ws/install/sasa_bot/share/sasa_bot/description/camera.xacro
[3.307s] -- Up-to-date symlink: /home/ubuntu/robot_ws/install/sasa_bot/share/sasa_bot/description/depth_camera.xacro
[3.307s] -- Up-to-date symlink: /home/ubuntu/robot_ws/install/sasa_bot/share/sasa_bot/description/gazebo_control.xacro
[3.308s] -- Up-to-date symlink: /home/ubuntu/robot_ws/install/sasa_bot/share/sasa_bot/description/inertial_macros.xacro
[3.308s] -- Up-to-date symlink: /home/ubuntu/robot_ws/install/sasa_bot/share/sasa_bot/description/lidar.xacro
[3.309s] -- Up-to-date symlink: /home/ubuntu/robot_ws/install/sasa_bot/share/sasa_bot/description/robot.urdf.xacro
[3.312s] -- Up-to-date symlink: /home/ubuntu/robot_ws/install/sasa_bot/share/sasa_bot/description/robot_core.xacro
[3.313s] -- Up-to-date symlink: /home/ubuntu/robot_ws/install/sasa_bot/share/sasa_bot/description/ros2_control.xacro
[3.317s] -- Symlinking: /home/ubuntu/robot_ws/install/sasa_bot/share/sasa_bot/launch/launch_robot.launch.py
[3.384s] -- Up-to-date symlink: /home/ubuntu/robot_ws/install/sasa_bot/share/sasa_bot/launch/launch_sim.launch.py
[3.384s] -- Up-to-date symlink: /home/ubuntu/robot_ws/install/sasa_bot/share/sasa_bot/launch/rsp.launch.py
[3.385s] -- Up-to-date symlink: /home/ubuntu/robot_ws/install/sasa_bot/share/sasa_bot/worlds/empty.world
[3.385s] -- Up-to-date symlink: /home/ubuntu/robot_ws/install/sasa_bot/share/ament_index/resource_index/package_run_dependencies/sasa_bot
[3.387s] -- Up-to-date symlink: /home/ubuntu/robot_ws/install/sasa_bot/share/ament_index/resource_index/parent_prefix_path/sasa_bot
[3.390s] -- Up-to-date symlink: /home/ubuntu/robot_ws/install/sasa_bot/share/sasa_bot/environment/ament_prefix_path.sh
[3.393s] -- Up-to-date symlink: /home/ubuntu/robot_ws/install/sasa_bot/share/sasa_bot/environment/ament_prefix_path.dsv
[3.399s] -- Up-to-date symlink: /home/ubuntu/robot_ws/install/sasa_bot/share/sasa_bot/environment/path.sh
[3.400s] -- Up-to-date symlink: /home/ubuntu/robot_ws/install/sasa_bot/share/sasa_bot/environment/path.dsv
[3.403s] -- Up-to-date symlink: /home/ubuntu/robot_ws/install/sasa_bot/share/sasa_bot/local_setup.bash
[3.408s] -- Up-to-date symlink: /home/ubuntu/robot_ws/install/sasa_bot/share/sasa_bot/local_setup.sh
[3.409s] -- Up-to-date symlink: /home/ubuntu/robot_ws/install/sasa_bot/share/sasa_bot/local_setup.zsh
[3.410s] -- Up-to-date symlink: /home/ubuntu/robot_ws/install/sasa_bot/share/sasa_bot/local_setup.dsv
[3.410s] -- Symlinking: /home/ubuntu/robot_ws/install/sasa_bot/share/sasa_bot/package.dsv
[3.460s] -- Up-to-date symlink: /home/ubuntu/robot_ws/install/sasa_bot/share/ament_index/resource_index/packages/sasa_bot
[3.462s] -- Up-to-date symlink: /home/ubuntu/robot_ws/install/sasa_bot/share/sasa_bot/cmake/sasa_botConfig.cmake
[3.465s] -- Up-to-date symlink: /home/ubuntu/robot_ws/install/sasa_bot/share/sasa_bot/cmake/sasa_botConfig-version.cmake
[3.469s] -- Up-to-date symlink: /home/ubuntu/robot_ws/install/sasa_bot/share/sasa_bot/package.xml
[4.192s] Invoked command in '/home/ubuntu/robot_ws/build/sasa_bot' returned '0': CMAKE_PREFIX_PATH=${CMAKE_PREFIX_PATH}:/home/ubuntu/robot_ws/install/serial_motor_demo:/home/ubuntu/robot_ws/install/joy_tester:/opt/ros/foxy /usr/bin/cmake --install /home/ubuntu/robot_ws/build/sasa_bot
