[9.260s] DEBUG:colcon:Command line arguments: ['/usr/bin/colcon', 'build', '--symlink-install']
[9.260s] DEBUG:colcon:Parsed command line arguments: Namespace(allow_overriding=[], ament_cmake_args=None, base_paths=['.'], build_base='build', catkin_cmake_args=None, catkin_skip_building_tests=False, cmake_args=None, cmake_clean_cache=False, cmake_clean_first=False, cmake_force_configure=False, cmake_target=None, cmake_target_skip_unavailable=False, continue_on_error=False, event_handlers=None, executor='parallel', ignore_user_meta=False, install_base='install', log_base=None, log_level=None, main=<bound method BuildVerb.main of <colcon_core.verb.build.BuildVerb object at 0xffff8cc5bac0>>, merge_install=False, metas=['./colcon.meta'], packages_above=None, packages_above_and_dependencies=None, packages_above_depth=None, packages_end=None, packages_ignore=None, packages_ignore_regex=None, packages_select=None, packages_select_build_failed=False, packages_select_by_dep=None, packages_select_regex=None, packages_select_test_failures=False, packages_skip=None, packages_skip_build_finished=False, packages_skip_by_dep=None, packages_skip_regex=None, packages_skip_test_passed=False, packages_skip_up_to=None, packages_start=None, packages_up_to=None, packages_up_to_regex=None, parallel_workers=4, paths=None, symlink_install=True, test_result_base=None, verb_extension=<colcon_core.verb.build.BuildVerb object at 0xffff8cc5bac0>, verb_name='build', verb_parser=<colcon_defaults.argument_parser.defaults.DefaultArgumentsDecorator object at 0xffff8c888370>)
[9.650s] Level 1:colcon.colcon_core.package_discovery:discover_packages(colcon_meta) check parameters
[9.650s] Level 1:colcon.colcon_core.package_discovery:discover_packages(recursive) check parameters
[9.651s] Level 1:colcon.colcon_core.package_discovery:discover_packages(ignore) check parameters
[9.651s] Level 1:colcon.colcon_core.package_discovery:discover_packages(path) check parameters
[9.651s] Level 1:colcon.colcon_core.package_discovery:discover_packages(colcon_meta) discover
[9.651s] Level 1:colcon.colcon_core.package_discovery:discover_packages(recursive) discover
[9.651s] INFO:colcon.colcon_core.package_discovery:Crawling recursively for packages in '/home/ubuntu/robot_ws'
[9.652s] Level 1:colcon.colcon_core.package_identification:_identify(.) by extensions ['ignore', 'ignore_ament_install']
[9.652s] Level 1:colcon.colcon_core.package_identification:_identify(.) by extension 'ignore'
[9.652s] Level 1:colcon.colcon_core.package_identification:_identify(.) by extension 'ignore_ament_install'
[9.653s] Level 1:colcon.colcon_core.package_identification:_identify(.) by extensions ['colcon_pkg']
[9.653s] Level 1:colcon.colcon_core.package_identification:_identify(.) by extension 'colcon_pkg'
[9.653s] Level 1:colcon.colcon_core.package_identification:_identify(.) by extensions ['colcon_meta']
[9.653s] Level 1:colcon.colcon_core.package_identification:_identify(.) by extension 'colcon_meta'
[9.653s] Level 1:colcon.colcon_core.package_identification:_identify(.) by extensions ['ros']
[9.653s] Level 1:colcon.colcon_core.package_identification:_identify(.) by extension 'ros'
[9.697s] Level 1:colcon.colcon_core.package_identification:_identify(.) by extensions ['cmake', 'python']
[9.697s] Level 1:colcon.colcon_core.package_identification:_identify(.) by extension 'cmake'
[9.697s] Level 1:colcon.colcon_core.package_identification:_identify(.) by extension 'python'
[9.697s] Level 1:colcon.colcon_core.package_identification:_identify(.) by extensions ['python_setup_py']
[9.698s] Level 1:colcon.colcon_core.package_identification:_identify(.) by extension 'python_setup_py'
[9.698s] Level 1:colcon.colcon_core.package_identification:_identify(build) by extensions ['ignore', 'ignore_ament_install']
[9.699s] Level 1:colcon.colcon_core.package_identification:_identify(build) by extension 'ignore'
[9.699s] Level 1:colcon.colcon_core.package_identification:_identify(build) ignored
[9.700s] Level 1:colcon.colcon_core.package_identification:_identify(install) by extensions ['ignore', 'ignore_ament_install']
[9.700s] Level 1:colcon.colcon_core.package_identification:_identify(install) by extension 'ignore'
[9.700s] Level 1:colcon.colcon_core.package_identification:_identify(install) ignored
[9.701s] Level 1:colcon.colcon_core.package_identification:_identify(log) by extensions ['ignore', 'ignore_ament_install']
[9.701s] Level 1:colcon.colcon_core.package_identification:_identify(log) by extension 'ignore'
[9.701s] Level 1:colcon.colcon_core.package_identification:_identify(log) ignored
[9.702s] Level 1:colcon.colcon_core.package_identification:_identify(src) by extensions ['ignore', 'ignore_ament_install']
[9.702s] Level 1:colcon.colcon_core.package_identification:_identify(src) by extension 'ignore'
[9.702s] Level 1:colcon.colcon_core.package_identification:_identify(src) by extension 'ignore_ament_install'
[9.702s] Level 1:colcon.colcon_core.package_identification:_identify(src) by extensions ['colcon_pkg']
[9.702s] Level 1:colcon.colcon_core.package_identification:_identify(src) by extension 'colcon_pkg'
[9.703s] Level 1:colcon.colcon_core.package_identification:_identify(src) by extensions ['colcon_meta']
[9.703s] Level 1:colcon.colcon_core.package_identification:_identify(src) by extension 'colcon_meta'
[9.703s] Level 1:colcon.colcon_core.package_identification:_identify(src) by extensions ['ros']
[9.703s] Level 1:colcon.colcon_core.package_identification:_identify(src) by extension 'ros'
[9.703s] Level 1:colcon.colcon_core.package_identification:_identify(src) by extensions ['cmake', 'python']
[9.704s] Level 1:colcon.colcon_core.package_identification:_identify(src) by extension 'cmake'
[9.704s] Level 1:colcon.colcon_core.package_identification:_identify(src) by extension 'python'
[9.704s] Level 1:colcon.colcon_core.package_identification:_identify(src) by extensions ['python_setup_py']
[9.704s] Level 1:colcon.colcon_core.package_identification:_identify(src) by extension 'python_setup_py'
[9.705s] Level 1:colcon.colcon_core.package_identification:_identify(src/YDLidar-SDK) by extensions ['ignore', 'ignore_ament_install']
[9.705s] Level 1:colcon.colcon_core.package_identification:_identify(src/YDLidar-SDK) by extension 'ignore'
[9.705s] Level 1:colcon.colcon_core.package_identification:_identify(src/YDLidar-SDK) by extension 'ignore_ament_install'
[9.705s] Level 1:colcon.colcon_core.package_identification:_identify(src/YDLidar-SDK) by extensions ['colcon_pkg']
[9.706s] Level 1:colcon.colcon_core.package_identification:_identify(src/YDLidar-SDK) by extension 'colcon_pkg'
[9.706s] Level 1:colcon.colcon_core.package_identification:_identify(src/YDLidar-SDK) by extensions ['colcon_meta']
[9.706s] Level 1:colcon.colcon_core.package_identification:_identify(src/YDLidar-SDK) by extension 'colcon_meta'
[9.706s] Level 1:colcon.colcon_core.package_identification:_identify(src/YDLidar-SDK) by extensions ['ros']
[9.706s] Level 1:colcon.colcon_core.package_identification:_identify(src/YDLidar-SDK) by extension 'ros'
[9.707s] Level 1:colcon.colcon_core.package_identification:_identify(src/YDLidar-SDK) by extensions ['cmake', 'python']
[9.707s] Level 1:colcon.colcon_core.package_identification:_identify(src/YDLidar-SDK) by extension 'cmake'
[9.784s] Level 1:colcon.colcon_core.package_identification:_identify(src/YDLidar-SDK) by extension 'python'
[9.784s] DEBUG:colcon.colcon_core.package_identification:Package 'src/YDLidar-SDK' with type 'cmake' and name 'ydlidar_sdk'
[9.785s] Level 1:colcon.colcon_core.package_identification:_identify(src/diffdrive_arduino) by extensions ['ignore', 'ignore_ament_install']
[9.785s] Level 1:colcon.colcon_core.package_identification:_identify(src/diffdrive_arduino) by extension 'ignore'
[9.786s] Level 1:colcon.colcon_core.package_identification:_identify(src/diffdrive_arduino) by extension 'ignore_ament_install'
[9.786s] Level 1:colcon.colcon_core.package_identification:_identify(src/diffdrive_arduino) by extensions ['colcon_pkg']
[9.786s] Level 1:colcon.colcon_core.package_identification:_identify(src/diffdrive_arduino) by extension 'colcon_pkg'
[9.786s] Level 1:colcon.colcon_core.package_identification:_identify(src/diffdrive_arduino) by extensions ['colcon_meta']
[9.786s] Level 1:colcon.colcon_core.package_identification:_identify(src/diffdrive_arduino) by extension 'colcon_meta'
[9.786s] Level 1:colcon.colcon_core.package_identification:_identify(src/diffdrive_arduino) by extensions ['ros']
[9.787s] Level 1:colcon.colcon_core.package_identification:_identify(src/diffdrive_arduino) by extension 'ros'
[9.796s] DEBUG:colcon.colcon_core.package_identification:Package 'src/diffdrive_arduino' with type 'ros.ament_cmake' and name 'diffdrive_arduino'
[9.796s] Level 1:colcon.colcon_core.package_identification:_identify(src/joy_tester) by extensions ['ignore', 'ignore_ament_install']
[9.797s] Level 1:colcon.colcon_core.package_identification:_identify(src/joy_tester) by extension 'ignore'
[9.797s] Level 1:colcon.colcon_core.package_identification:_identify(src/joy_tester) by extension 'ignore_ament_install'
[9.797s] Level 1:colcon.colcon_core.package_identification:_identify(src/joy_tester) by extensions ['colcon_pkg']
[9.797s] Level 1:colcon.colcon_core.package_identification:_identify(src/joy_tester) by extension 'colcon_pkg'
[9.798s] Level 1:colcon.colcon_core.package_identification:_identify(src/joy_tester) by extensions ['colcon_meta']
[9.798s] Level 1:colcon.colcon_core.package_identification:_identify(src/joy_tester) by extension 'colcon_meta'
[9.798s] Level 1:colcon.colcon_core.package_identification:_identify(src/joy_tester) by extensions ['ros']
[9.798s] Level 1:colcon.colcon_core.package_identification:_identify(src/joy_tester) by extension 'ros'
[9.801s] DEBUG:colcon.colcon_core.package_identification:Package 'src/joy_tester' with type 'ros.ament_python' and name 'joy_tester'
[9.802s] Level 1:colcon.colcon_core.package_identification:_identify(src/sasa_bot) by extensions ['ignore', 'ignore_ament_install']
[9.802s] Level 1:colcon.colcon_core.package_identification:_identify(src/sasa_bot) by extension 'ignore'
[9.802s] Level 1:colcon.colcon_core.package_identification:_identify(src/sasa_bot) by extension 'ignore_ament_install'
[9.803s] Level 1:colcon.colcon_core.package_identification:_identify(src/sasa_bot) by extensions ['colcon_pkg']
[9.803s] Level 1:colcon.colcon_core.package_identification:_identify(src/sasa_bot) by extension 'colcon_pkg'
[9.803s] Level 1:colcon.colcon_core.package_identification:_identify(src/sasa_bot) by extensions ['colcon_meta']
[9.803s] Level 1:colcon.colcon_core.package_identification:_identify(src/sasa_bot) by extension 'colcon_meta'
[9.803s] Level 1:colcon.colcon_core.package_identification:_identify(src/sasa_bot) by extensions ['ros']
[9.803s] Level 1:colcon.colcon_core.package_identification:_identify(src/sasa_bot) by extension 'ros'
[9.805s] DEBUG:colcon.colcon_core.package_identification:Package 'src/sasa_bot' with type 'ros.ament_cmake' and name 'sasa_bot'
[9.806s] Level 1:colcon.colcon_core.package_identification:_identify(src/serial) by extensions ['ignore', 'ignore_ament_install']
[9.806s] Level 1:colcon.colcon_core.package_identification:_identify(src/serial) by extension 'ignore'
[9.806s] Level 1:colcon.colcon_core.package_identification:_identify(src/serial) by extension 'ignore_ament_install'
[9.807s] Level 1:colcon.colcon_core.package_identification:_identify(src/serial) by extensions ['colcon_pkg']
[9.807s] Level 1:colcon.colcon_core.package_identification:_identify(src/serial) by extension 'colcon_pkg'
[9.807s] Level 1:colcon.colcon_core.package_identification:_identify(src/serial) by extensions ['colcon_meta']
[9.807s] Level 1:colcon.colcon_core.package_identification:_identify(src/serial) by extension 'colcon_meta'
[9.807s] Level 1:colcon.colcon_core.package_identification:_identify(src/serial) by extensions ['ros']
[9.807s] Level 1:colcon.colcon_core.package_identification:_identify(src/serial) by extension 'ros'
[9.809s] DEBUG:colcon.colcon_core.package_identification:Package 'src/serial' with type 'ros.ament_cmake' and name 'serial'
[9.810s] Level 1:colcon.colcon_core.package_identification:_identify(src/serial_motor_demo) by extensions ['ignore', 'ignore_ament_install']
[9.810s] Level 1:colcon.colcon_core.package_identification:_identify(src/serial_motor_demo) by extension 'ignore'
[9.811s] Level 1:colcon.colcon_core.package_identification:_identify(src/serial_motor_demo) by extension 'ignore_ament_install'
[9.811s] Level 1:colcon.colcon_core.package_identification:_identify(src/serial_motor_demo) by extensions ['colcon_pkg']
[9.811s] Level 1:colcon.colcon_core.package_identification:_identify(src/serial_motor_demo) by extension 'colcon_pkg'
[9.811s] Level 1:colcon.colcon_core.package_identification:_identify(src/serial_motor_demo) by extensions ['colcon_meta']
[9.811s] Level 1:colcon.colcon_core.package_identification:_identify(src/serial_motor_demo) by extension 'colcon_meta'
[9.812s] Level 1:colcon.colcon_core.package_identification:_identify(src/serial_motor_demo) by extensions ['ros']
[9.812s] Level 1:colcon.colcon_core.package_identification:_identify(src/serial_motor_demo) by extension 'ros'
[9.812s] Level 1:colcon.colcon_core.package_identification:_identify(src/serial_motor_demo) by extensions ['cmake', 'python']
[9.812s] Level 1:colcon.colcon_core.package_identification:_identify(src/serial_motor_demo) by extension 'cmake'
[9.812s] Level 1:colcon.colcon_core.package_identification:_identify(src/serial_motor_demo) by extension 'python'
[9.812s] Level 1:colcon.colcon_core.package_identification:_identify(src/serial_motor_demo) by extensions ['python_setup_py']
[9.813s] Level 1:colcon.colcon_core.package_identification:_identify(src/serial_motor_demo) by extension 'python_setup_py'
[9.813s] Level 1:colcon.colcon_core.package_identification:_identify(src/serial_motor_demo/serial_motor_demo) by extensions ['ignore', 'ignore_ament_install']
[9.813s] Level 1:colcon.colcon_core.package_identification:_identify(src/serial_motor_demo/serial_motor_demo) by extension 'ignore'
[9.814s] Level 1:colcon.colcon_core.package_identification:_identify(src/serial_motor_demo/serial_motor_demo) by extension 'ignore_ament_install'
[9.814s] Level 1:colcon.colcon_core.package_identification:_identify(src/serial_motor_demo/serial_motor_demo) by extensions ['colcon_pkg']
[9.814s] Level 1:colcon.colcon_core.package_identification:_identify(src/serial_motor_demo/serial_motor_demo) by extension 'colcon_pkg'
[9.814s] Level 1:colcon.colcon_core.package_identification:_identify(src/serial_motor_demo/serial_motor_demo) by extensions ['colcon_meta']
[9.814s] Level 1:colcon.colcon_core.package_identification:_identify(src/serial_motor_demo/serial_motor_demo) by extension 'colcon_meta'
[9.815s] Level 1:colcon.colcon_core.package_identification:_identify(src/serial_motor_demo/serial_motor_demo) by extensions ['ros']
[9.815s] Level 1:colcon.colcon_core.package_identification:_identify(src/serial_motor_demo/serial_motor_demo) by extension 'ros'
[9.817s] DEBUG:colcon.colcon_core.package_identification:Package 'src/serial_motor_demo/serial_motor_demo' with type 'ros.ament_python' and name 'serial_motor_demo'
[9.818s] Level 1:colcon.colcon_core.package_identification:_identify(src/serial_motor_demo/serial_motor_demo_msgs) by extensions ['ignore', 'ignore_ament_install']
[9.818s] Level 1:colcon.colcon_core.package_identification:_identify(src/serial_motor_demo/serial_motor_demo_msgs) by extension 'ignore'
[9.818s] Level 1:colcon.colcon_core.package_identification:_identify(src/serial_motor_demo/serial_motor_demo_msgs) by extension 'ignore_ament_install'
[9.818s] Level 1:colcon.colcon_core.package_identification:_identify(src/serial_motor_demo/serial_motor_demo_msgs) by extensions ['colcon_pkg']
[9.819s] Level 1:colcon.colcon_core.package_identification:_identify(src/serial_motor_demo/serial_motor_demo_msgs) by extension 'colcon_pkg'
[9.819s] Level 1:colcon.colcon_core.package_identification:_identify(src/serial_motor_demo/serial_motor_demo_msgs) by extensions ['colcon_meta']
[9.819s] Level 1:colcon.colcon_core.package_identification:_identify(src/serial_motor_demo/serial_motor_demo_msgs) by extension 'colcon_meta'
[9.819s] Level 1:colcon.colcon_core.package_identification:_identify(src/serial_motor_demo/serial_motor_demo_msgs) by extensions ['ros']
[9.819s] Level 1:colcon.colcon_core.package_identification:_identify(src/serial_motor_demo/serial_motor_demo_msgs) by extension 'ros'
[9.821s] DEBUG:colcon.colcon_core.package_identification:Package 'src/serial_motor_demo/serial_motor_demo_msgs' with type 'ros.ament_cmake' and name 'serial_motor_demo_msgs'
[9.822s] Level 1:colcon.colcon_core.package_identification:_identify(src/ydlidar_ros2_driver) by extensions ['ignore', 'ignore_ament_install']
[9.822s] Level 1:colcon.colcon_core.package_identification:_identify(src/ydlidar_ros2_driver) by extension 'ignore'
[9.823s] Level 1:colcon.colcon_core.package_identification:_identify(src/ydlidar_ros2_driver) by extension 'ignore_ament_install'
[9.823s] Level 1:colcon.colcon_core.package_identification:_identify(src/ydlidar_ros2_driver) by extensions ['colcon_pkg']
[9.823s] Level 1:colcon.colcon_core.package_identification:_identify(src/ydlidar_ros2_driver) by extension 'colcon_pkg'
[9.823s] Level 1:colcon.colcon_core.package_identification:_identify(src/ydlidar_ros2_driver) by extensions ['colcon_meta']
[9.823s] Level 1:colcon.colcon_core.package_identification:_identify(src/ydlidar_ros2_driver) by extension 'colcon_meta'
[9.824s] Level 1:colcon.colcon_core.package_identification:_identify(src/ydlidar_ros2_driver) by extensions ['ros']
[9.824s] Level 1:colcon.colcon_core.package_identification:_identify(src/ydlidar_ros2_driver) by extension 'ros'
[9.826s] DEBUG:colcon.colcon_core.package_identification:Package 'src/ydlidar_ros2_driver' with type 'ros.ament_cmake' and name 'ydlidar_ros2_driver'
[9.826s] Level 1:colcon.colcon_core.package_discovery:discover_packages(recursive) using defaults
[9.826s] Level 1:colcon.colcon_core.package_discovery:discover_packages(ignore) discover
[9.826s] Level 1:colcon.colcon_core.package_discovery:discover_packages(ignore) using defaults
[9.827s] Level 1:colcon.colcon_core.package_discovery:discover_packages(path) discover
[9.827s] Level 1:colcon.colcon_core.package_discovery:discover_packages(path) using defaults
[10.711s] Level 1:colcon.colcon_core.package_discovery:discover_packages(prefix_path) check parameters
[10.711s] Level 1:colcon.colcon_core.package_discovery:discover_packages(prefix_path) discover
[11.032s] DEBUG:colcon.colcon_installed_package_information.package_discovery:Found 8 installed packages in /home/ubuntu/robot_ws/install
[11.195s] DEBUG:colcon.colcon_installed_package_information.package_discovery:Found 287 installed packages in /opt/ros/foxy
[11.202s] Level 1:colcon.colcon_core.package_discovery:discover_packages(prefix_path) using defaults
[11.826s] Level 5:colcon.colcon_core.verb:set package 'joy_tester' build argument 'cmake_args' from command line to 'None'
[11.826s] Level 5:colcon.colcon_core.verb:set package 'joy_tester' build argument 'cmake_target' from command line to 'None'
[11.826s] Level 5:colcon.colcon_core.verb:set package 'joy_tester' build argument 'cmake_target_skip_unavailable' from command line to 'False'
[11.826s] Level 5:colcon.colcon_core.verb:set package 'joy_tester' build argument 'cmake_clean_cache' from command line to 'False'
[11.826s] Level 5:colcon.colcon_core.verb:set package 'joy_tester' build argument 'cmake_clean_first' from command line to 'False'
[11.826s] Level 5:colcon.colcon_core.verb:set package 'joy_tester' build argument 'cmake_force_configure' from command line to 'False'
[11.827s] Level 5:colcon.colcon_core.verb:set package 'joy_tester' build argument 'ament_cmake_args' from command line to 'None'
[11.827s] Level 5:colcon.colcon_core.verb:set package 'joy_tester' build argument 'catkin_cmake_args' from command line to 'None'
[11.827s] Level 5:colcon.colcon_core.verb:set package 'joy_tester' build argument 'catkin_skip_building_tests' from command line to 'False'
[11.827s] DEBUG:colcon.colcon_core.verb:Building package 'joy_tester' with the following arguments: {'ament_cmake_args': None, 'build_base': '/home/ubuntu/robot_ws/build/joy_tester', 'catkin_cmake_args': None, 'catkin_skip_building_tests': False, 'cmake_args': None, 'cmake_clean_cache': False, 'cmake_clean_first': False, 'cmake_force_configure': False, 'cmake_target': None, 'cmake_target_skip_unavailable': False, 'install_base': '/home/ubuntu/robot_ws/install/joy_tester', 'merge_install': False, 'path': '/home/ubuntu/robot_ws/src/joy_tester', 'symlink_install': True, 'test_result_base': None}
[11.983s] Level 5:colcon.colcon_core.verb:set package 'sasa_bot' build argument 'cmake_args' from command line to 'None'
[11.984s] Level 5:colcon.colcon_core.verb:set package 'sasa_bot' build argument 'cmake_target' from command line to 'None'
[11.984s] Level 5:colcon.colcon_core.verb:set package 'sasa_bot' build argument 'cmake_target_skip_unavailable' from command line to 'False'
[11.984s] Level 5:colcon.colcon_core.verb:set package 'sasa_bot' build argument 'cmake_clean_cache' from command line to 'False'
[11.984s] Level 5:colcon.colcon_core.verb:set package 'sasa_bot' build argument 'cmake_clean_first' from command line to 'False'
[11.984s] Level 5:colcon.colcon_core.verb:set package 'sasa_bot' build argument 'cmake_force_configure' from command line to 'False'
[11.984s] Level 5:colcon.colcon_core.verb:set package 'sasa_bot' build argument 'ament_cmake_args' from command line to 'None'
[11.984s] Level 5:colcon.colcon_core.verb:set package 'sasa_bot' build argument 'catkin_cmake_args' from command line to 'None'
[11.984s] Level 5:colcon.colcon_core.verb:set package 'sasa_bot' build argument 'catkin_skip_building_tests' from command line to 'False'
[11.985s] DEBUG:colcon.colcon_core.verb:Building package 'sasa_bot' with the following arguments: {'ament_cmake_args': None, 'build_base': '/home/ubuntu/robot_ws/build/sasa_bot', 'catkin_cmake_args': None, 'catkin_skip_building_tests': False, 'cmake_args': None, 'cmake_clean_cache': False, 'cmake_clean_first': False, 'cmake_force_configure': False, 'cmake_target': None, 'cmake_target_skip_unavailable': False, 'install_base': '/home/ubuntu/robot_ws/install/sasa_bot', 'merge_install': False, 'path': '/home/ubuntu/robot_ws/src/sasa_bot', 'symlink_install': True, 'test_result_base': None}
[12.189s] Level 5:colcon.colcon_core.verb:set package 'serial' build argument 'cmake_args' from command line to 'None'
[12.189s] Level 5:colcon.colcon_core.verb:set package 'serial' build argument 'cmake_target' from command line to 'None'
[12.189s] Level 5:colcon.colcon_core.verb:set package 'serial' build argument 'cmake_target_skip_unavailable' from command line to 'False'
[12.189s] Level 5:colcon.colcon_core.verb:set package 'serial' build argument 'cmake_clean_cache' from command line to 'False'
[12.190s] Level 5:colcon.colcon_core.verb:set package 'serial' build argument 'cmake_clean_first' from command line to 'False'
[12.190s] Level 5:colcon.colcon_core.verb:set package 'serial' build argument 'cmake_force_configure' from command line to 'False'
[12.190s] Level 5:colcon.colcon_core.verb:set package 'serial' build argument 'ament_cmake_args' from command line to 'None'
[12.190s] Level 5:colcon.colcon_core.verb:set package 'serial' build argument 'catkin_cmake_args' from command line to 'None'
[12.190s] Level 5:colcon.colcon_core.verb:set package 'serial' build argument 'catkin_skip_building_tests' from command line to 'False'
[12.190s] DEBUG:colcon.colcon_core.verb:Building package 'serial' with the following arguments: {'ament_cmake_args': None, 'build_base': '/home/ubuntu/robot_ws/build/serial', 'catkin_cmake_args': None, 'catkin_skip_building_tests': False, 'cmake_args': None, 'cmake_clean_cache': False, 'cmake_clean_first': False, 'cmake_force_configure': False, 'cmake_target': None, 'cmake_target_skip_unavailable': False, 'install_base': '/home/ubuntu/robot_ws/install/serial', 'merge_install': False, 'path': '/home/ubuntu/robot_ws/src/serial', 'symlink_install': True, 'test_result_base': None}
[12.345s] Level 5:colcon.colcon_core.verb:set package 'serial_motor_demo_msgs' build argument 'cmake_args' from command line to 'None'
[12.345s] Level 5:colcon.colcon_core.verb:set package 'serial_motor_demo_msgs' build argument 'cmake_target' from command line to 'None'
[12.345s] Level 5:colcon.colcon_core.verb:set package 'serial_motor_demo_msgs' build argument 'cmake_target_skip_unavailable' from command line to 'False'
[12.345s] Level 5:colcon.colcon_core.verb:set package 'serial_motor_demo_msgs' build argument 'cmake_clean_cache' from command line to 'False'
[12.345s] Level 5:colcon.colcon_core.verb:set package 'serial_motor_demo_msgs' build argument 'cmake_clean_first' from command line to 'False'
[12.345s] Level 5:colcon.colcon_core.verb:set package 'serial_motor_demo_msgs' build argument 'cmake_force_configure' from command line to 'False'
[12.345s] Level 5:colcon.colcon_core.verb:set package 'serial_motor_demo_msgs' build argument 'ament_cmake_args' from command line to 'None'
[12.345s] Level 5:colcon.colcon_core.verb:set package 'serial_motor_demo_msgs' build argument 'catkin_cmake_args' from command line to 'None'
[12.346s] Level 5:colcon.colcon_core.verb:set package 'serial_motor_demo_msgs' build argument 'catkin_skip_building_tests' from command line to 'False'
[12.346s] DEBUG:colcon.colcon_core.verb:Building package 'serial_motor_demo_msgs' with the following arguments: {'ament_cmake_args': None, 'build_base': '/home/ubuntu/robot_ws/build/serial_motor_demo_msgs', 'catkin_cmake_args': None, 'catkin_skip_building_tests': False, 'cmake_args': None, 'cmake_clean_cache': False, 'cmake_clean_first': False, 'cmake_force_configure': False, 'cmake_target': None, 'cmake_target_skip_unavailable': False, 'install_base': '/home/ubuntu/robot_ws/install/serial_motor_demo_msgs', 'merge_install': False, 'path': '/home/ubuntu/robot_ws/src/serial_motor_demo/serial_motor_demo_msgs', 'symlink_install': True, 'test_result_base': None}
[12.506s] Level 5:colcon.colcon_core.verb:set package 'ydlidar_ros2_driver' build argument 'cmake_args' from command line to 'None'
[12.506s] Level 5:colcon.colcon_core.verb:set package 'ydlidar_ros2_driver' build argument 'cmake_target' from command line to 'None'
[12.506s] Level 5:colcon.colcon_core.verb:set package 'ydlidar_ros2_driver' build argument 'cmake_target_skip_unavailable' from command line to 'False'
[12.506s] Level 5:colcon.colcon_core.verb:set package 'ydlidar_ros2_driver' build argument 'cmake_clean_cache' from command line to 'False'
[12.506s] Level 5:colcon.colcon_core.verb:set package 'ydlidar_ros2_driver' build argument 'cmake_clean_first' from command line to 'False'
[12.506s] Level 5:colcon.colcon_core.verb:set package 'ydlidar_ros2_driver' build argument 'cmake_force_configure' from command line to 'False'
[12.506s] Level 5:colcon.colcon_core.verb:set package 'ydlidar_ros2_driver' build argument 'ament_cmake_args' from command line to 'None'
[12.507s] Level 5:colcon.colcon_core.verb:set package 'ydlidar_ros2_driver' build argument 'catkin_cmake_args' from command line to 'None'
[12.507s] Level 5:colcon.colcon_core.verb:set package 'ydlidar_ros2_driver' build argument 'catkin_skip_building_tests' from command line to 'False'
[12.507s] DEBUG:colcon.colcon_core.verb:Building package 'ydlidar_ros2_driver' with the following arguments: {'ament_cmake_args': None, 'build_base': '/home/ubuntu/robot_ws/build/ydlidar_ros2_driver', 'catkin_cmake_args': None, 'catkin_skip_building_tests': False, 'cmake_args': None, 'cmake_clean_cache': False, 'cmake_clean_first': False, 'cmake_force_configure': False, 'cmake_target': None, 'cmake_target_skip_unavailable': False, 'install_base': '/home/ubuntu/robot_ws/install/ydlidar_ros2_driver', 'merge_install': False, 'path': '/home/ubuntu/robot_ws/src/ydlidar_ros2_driver', 'symlink_install': True, 'test_result_base': None}
[12.664s] Level 5:colcon.colcon_core.verb:set package 'ydlidar_sdk' build argument 'cmake_args' from command line to 'None'
[12.665s] Level 5:colcon.colcon_core.verb:set package 'ydlidar_sdk' build argument 'cmake_target' from command line to 'None'
[12.665s] Level 5:colcon.colcon_core.verb:set package 'ydlidar_sdk' build argument 'cmake_target_skip_unavailable' from command line to 'False'
[12.665s] Level 5:colcon.colcon_core.verb:set package 'ydlidar_sdk' build argument 'cmake_clean_cache' from command line to 'False'
[12.665s] Level 5:colcon.colcon_core.verb:set package 'ydlidar_sdk' build argument 'cmake_clean_first' from command line to 'False'
[12.665s] Level 5:colcon.colcon_core.verb:set package 'ydlidar_sdk' build argument 'cmake_force_configure' from command line to 'False'
[12.665s] Level 5:colcon.colcon_core.verb:set package 'ydlidar_sdk' build argument 'ament_cmake_args' from command line to 'None'
[12.665s] Level 5:colcon.colcon_core.verb:set package 'ydlidar_sdk' build argument 'catkin_cmake_args' from command line to 'None'
[12.665s] Level 5:colcon.colcon_core.verb:set package 'ydlidar_sdk' build argument 'catkin_skip_building_tests' from command line to 'False'
[12.666s] DEBUG:colcon.colcon_core.verb:Building package 'ydlidar_sdk' with the following arguments: {'ament_cmake_args': None, 'build_base': '/home/ubuntu/robot_ws/build/ydlidar_sdk', 'catkin_cmake_args': None, 'catkin_skip_building_tests': False, 'cmake_args': None, 'cmake_clean_cache': False, 'cmake_clean_first': False, 'cmake_force_configure': False, 'cmake_target': None, 'cmake_target_skip_unavailable': False, 'install_base': '/home/ubuntu/robot_ws/install/ydlidar_sdk', 'merge_install': False, 'path': '/home/ubuntu/robot_ws/src/YDLidar-SDK', 'symlink_install': True, 'test_result_base': None}
[12.826s] Level 5:colcon.colcon_core.verb:set package 'diffdrive_arduino' build argument 'cmake_args' from command line to 'None'
[12.826s] Level 5:colcon.colcon_core.verb:set package 'diffdrive_arduino' build argument 'cmake_target' from command line to 'None'
[12.826s] Level 5:colcon.colcon_core.verb:set package 'diffdrive_arduino' build argument 'cmake_target_skip_unavailable' from command line to 'False'
[12.826s] Level 5:colcon.colcon_core.verb:set package 'diffdrive_arduino' build argument 'cmake_clean_cache' from command line to 'False'
[12.826s] Level 5:colcon.colcon_core.verb:set package 'diffdrive_arduino' build argument 'cmake_clean_first' from command line to 'False'
[12.827s] Level 5:colcon.colcon_core.verb:set package 'diffdrive_arduino' build argument 'cmake_force_configure' from command line to 'False'
[12.827s] Level 5:colcon.colcon_core.verb:set package 'diffdrive_arduino' build argument 'ament_cmake_args' from command line to 'None'
[12.827s] Level 5:colcon.colcon_core.verb:set package 'diffdrive_arduino' build argument 'catkin_cmake_args' from command line to 'None'
[12.827s] Level 5:colcon.colcon_core.verb:set package 'diffdrive_arduino' build argument 'catkin_skip_building_tests' from command line to 'False'
[12.827s] DEBUG:colcon.colcon_core.verb:Building package 'diffdrive_arduino' with the following arguments: {'ament_cmake_args': None, 'build_base': '/home/ubuntu/robot_ws/build/diffdrive_arduino', 'catkin_cmake_args': None, 'catkin_skip_building_tests': False, 'cmake_args': None, 'cmake_clean_cache': False, 'cmake_clean_first': False, 'cmake_force_configure': False, 'cmake_target': None, 'cmake_target_skip_unavailable': False, 'install_base': '/home/ubuntu/robot_ws/install/diffdrive_arduino', 'merge_install': False, 'path': '/home/ubuntu/robot_ws/src/diffdrive_arduino', 'symlink_install': True, 'test_result_base': None}
[12.985s] Level 5:colcon.colcon_core.verb:set package 'serial_motor_demo' build argument 'cmake_args' from command line to 'None'
[12.985s] Level 5:colcon.colcon_core.verb:set package 'serial_motor_demo' build argument 'cmake_target' from command line to 'None'
[12.985s] Level 5:colcon.colcon_core.verb:set package 'serial_motor_demo' build argument 'cmake_target_skip_unavailable' from command line to 'False'
[12.985s] Level 5:colcon.colcon_core.verb:set package 'serial_motor_demo' build argument 'cmake_clean_cache' from command line to 'False'
[12.985s] Level 5:colcon.colcon_core.verb:set package 'serial_motor_demo' build argument 'cmake_clean_first' from command line to 'False'
[12.985s] Level 5:colcon.colcon_core.verb:set package 'serial_motor_demo' build argument 'cmake_force_configure' from command line to 'False'
[12.985s] Level 5:colcon.colcon_core.verb:set package 'serial_motor_demo' build argument 'ament_cmake_args' from command line to 'None'
[12.986s] Level 5:colcon.colcon_core.verb:set package 'serial_motor_demo' build argument 'catkin_cmake_args' from command line to 'None'
[12.986s] Level 5:colcon.colcon_core.verb:set package 'serial_motor_demo' build argument 'catkin_skip_building_tests' from command line to 'False'
[12.986s] DEBUG:colcon.colcon_core.verb:Building package 'serial_motor_demo' with the following arguments: {'ament_cmake_args': None, 'build_base': '/home/ubuntu/robot_ws/build/serial_motor_demo', 'catkin_cmake_args': None, 'catkin_skip_building_tests': False, 'cmake_args': None, 'cmake_clean_cache': False, 'cmake_clean_first': False, 'cmake_force_configure': False, 'cmake_target': None, 'cmake_target_skip_unavailable': False, 'install_base': '/home/ubuntu/robot_ws/install/serial_motor_demo', 'merge_install': False, 'path': '/home/ubuntu/robot_ws/src/serial_motor_demo/serial_motor_demo', 'symlink_install': True, 'test_result_base': None}
[13.143s] INFO:colcon.colcon_core.executor:Executing jobs using 'parallel' executor
[13.303s] DEBUG:colcon.colcon_parallel_executor.executor.parallel:run_until_complete
[13.305s] INFO:colcon.colcon_ros.task.ament_cmake.build:Building ROS package in '/home/ubuntu/robot_ws/src/serial' with build type 'ament_cmake'
[13.305s] INFO:colcon.colcon_cmake.task.cmake.build:Building CMake package in '/home/ubuntu/robot_ws/src/serial'
[13.476s] INFO:colcon.colcon_core.plugin_system:Skipping extension 'colcon_core.shell.bat': Not used on non-Windows systems
[13.477s] INFO:colcon.colcon_core.shell:Skip shell extension 'powershell' for command environment: Not usable outside of PowerShell
[13.477s] DEBUG:colcon.colcon_core.shell:Skip shell extension 'dsv' for command environment
[13.990s] INFO:colcon.colcon_ros.task.ament_cmake.build:Building ROS package in '/home/ubuntu/robot_ws/src/serial_motor_demo/serial_motor_demo_msgs' with build type 'ament_cmake'
[13.991s] INFO:colcon.colcon_cmake.task.cmake.build:Building CMake package in '/home/ubuntu/robot_ws/src/serial_motor_demo/serial_motor_demo_msgs'
[14.162s] INFO:colcon.colcon_core.shell:Skip shell extension 'powershell' for command environment: Not usable outside of PowerShell
[14.163s] DEBUG:colcon.colcon_core.shell:Skip shell extension 'dsv' for command environment
[14.672s] INFO:colcon.colcon_ros.task.ament_python.build:Building ROS package in '/home/ubuntu/robot_ws/src/joy_tester' with build type 'ament_python'
[14.674s] Level 1:colcon.colcon_core.shell:create_environment_hook('joy_tester', 'ament_prefix_path')
[14.840s] INFO:colcon.colcon_core.shell:Creating environment hook '/home/ubuntu/robot_ws/install/joy_tester/share/joy_tester/hook/ament_prefix_path.ps1'
[14.842s] INFO:colcon.colcon_core.shell:Creating environment descriptor '/home/ubuntu/robot_ws/install/joy_tester/share/joy_tester/hook/ament_prefix_path.dsv'
[14.844s] INFO:colcon.colcon_core.shell:Creating environment hook '/home/ubuntu/robot_ws/install/joy_tester/share/joy_tester/hook/ament_prefix_path.sh'
[15.019s] INFO:colcon.colcon_core.shell:Skip shell extension 'powershell' for command environment: Not usable outside of PowerShell
[15.019s] DEBUG:colcon.colcon_core.shell:Skip shell extension 'dsv' for command environment
[15.532s] INFO:colcon.colcon_ros.task.ament_cmake.build:Building ROS package in '/home/ubuntu/robot_ws/src/sasa_bot' with build type 'ament_cmake'
[15.533s] INFO:colcon.colcon_cmake.task.cmake.build:Building CMake package in '/home/ubuntu/robot_ws/src/sasa_bot'
[15.703s] INFO:colcon.colcon_core.shell:Skip shell extension 'powershell' for command environment: Not usable outside of PowerShell
[15.704s] DEBUG:colcon.colcon_core.shell:Skip shell extension 'dsv' for command environment
[16.236s] DEBUG:colcon.colcon_core.event_handler.log_command:Invoking command in '/home/ubuntu/robot_ws/build/serial': CMAKE_PREFIX_PATH=${CMAKE_PREFIX_PATH}:/home/ubuntu/robot_ws/install/serial_motor_demo:/home/ubuntu/robot_ws/install/joy_tester:/opt/ros/foxy /usr/bin/cmake --build /home/ubuntu/robot_ws/build/serial -- -j4 -l4
[16.272s] DEBUG:colcon.colcon_core.event_handler.log_command:Invoking command in '/home/ubuntu/robot_ws/build/serial_motor_demo_msgs': CMAKE_PREFIX_PATH=${CMAKE_PREFIX_PATH}:/home/ubuntu/robot_ws/install/serial_motor_demo:/home/ubuntu/robot_ws/install/joy_tester:/opt/ros/foxy /usr/bin/cmake --build /home/ubuntu/robot_ws/build/serial_motor_demo_msgs -- -j4 -l4
[17.688s] INFO:colcon.colcon_core.task.python.build:Building Python package in '/home/ubuntu/robot_ws/src/joy_tester'
[17.865s] INFO:colcon.colcon_core.shell:Skip shell extension 'powershell' for command environment: Not usable outside of PowerShell
[17.866s] DEBUG:colcon.colcon_core.shell:Skip shell extension 'dsv' for command environment
[18.419s] DEBUG:colcon.colcon_core.event_handler.log_command:Invoked command in '/home/ubuntu/robot_ws/build/serial' returned '0': CMAKE_PREFIX_PATH=${CMAKE_PREFIX_PATH}:/home/ubuntu/robot_ws/install/serial_motor_demo:/home/ubuntu/robot_ws/install/joy_tester:/opt/ros/foxy /usr/bin/cmake --build /home/ubuntu/robot_ws/build/serial -- -j4 -l4
[18.438s] DEBUG:colcon.colcon_core.event_handler.log_command:Invoking command in '/home/ubuntu/robot_ws/build/sasa_bot': CMAKE_PREFIX_PATH=${CMAKE_PREFIX_PATH}:/home/ubuntu/robot_ws/install/serial_motor_demo:/home/ubuntu/robot_ws/install/joy_tester:/opt/ros/foxy /usr/bin/cmake --build /home/ubuntu/robot_ws/build/sasa_bot -- -j4 -l4
[18.442s] DEBUG:colcon.colcon_core.event_handler.log_command:Invoked command in '/home/ubuntu/robot_ws/build/serial_motor_demo_msgs' returned '0': CMAKE_PREFIX_PATH=${CMAKE_PREFIX_PATH}:/home/ubuntu/robot_ws/install/serial_motor_demo:/home/ubuntu/robot_ws/install/joy_tester:/opt/ros/foxy /usr/bin/cmake --build /home/ubuntu/robot_ws/build/serial_motor_demo_msgs -- -j4 -l4
[18.653s] DEBUG:colcon.colcon_core.event_handler.log_command:Invoked command in '/home/ubuntu/robot_ws/build/sasa_bot' returned '0': CMAKE_PREFIX_PATH=${CMAKE_PREFIX_PATH}:/home/ubuntu/robot_ws/install/serial_motor_demo:/home/ubuntu/robot_ws/install/joy_tester:/opt/ros/foxy /usr/bin/cmake --build /home/ubuntu/robot_ws/build/sasa_bot -- -j4 -l4
[18.756s] DEBUG:colcon.colcon_core.event_handler.log_command:Invoking command in '/home/ubuntu/robot_ws/build/serial': CMAKE_PREFIX_PATH=${CMAKE_PREFIX_PATH}:/home/ubuntu/robot_ws/install/serial_motor_demo:/home/ubuntu/robot_ws/install/joy_tester:/opt/ros/foxy /usr/bin/cmake --install /home/ubuntu/robot_ws/build/serial
[18.857s] DEBUG:colcon.colcon_core.event_handler.log_command:Invoking command in '/home/ubuntu/robot_ws/build/sasa_bot': CMAKE_PREFIX_PATH=${CMAKE_PREFIX_PATH}:/home/ubuntu/robot_ws/install/serial_motor_demo:/home/ubuntu/robot_ws/install/joy_tester:/opt/ros/foxy /usr/bin/cmake --install /home/ubuntu/robot_ws/build/sasa_bot
[18.916s] Level 1:colcon.colcon_core.environment:create_environment_scripts_only(serial)
[18.924s] DEBUG:colcon.colcon_core.event_handler.log_command:Invoked command in '/home/ubuntu/robot_ws/build/serial' returned '0': CMAKE_PREFIX_PATH=${CMAKE_PREFIX_PATH}:/home/ubuntu/robot_ws/install/serial_motor_demo:/home/ubuntu/robot_ws/install/joy_tester:/opt/ros/foxy /usr/bin/cmake --install /home/ubuntu/robot_ws/build/serial
[19.239s] Level 1:colcon.colcon_core.environment:checking '/home/ubuntu/robot_ws/install/serial' for CMake module files
[19.241s] Level 1:colcon.colcon_core.environment:checking '/home/ubuntu/robot_ws/install/serial' for CMake config files
[19.243s] Level 1:colcon.colcon_core.shell:create_environment_hook('serial', 'cmake_prefix_path')
[19.492s] INFO:colcon.colcon_core.shell:Creating environment hook '/home/ubuntu/robot_ws/install/serial/share/serial/hook/cmake_prefix_path.ps1'
[19.494s] INFO:colcon.colcon_core.shell:Creating environment descriptor '/home/ubuntu/robot_ws/install/serial/share/serial/hook/cmake_prefix_path.dsv'
[19.496s] INFO:colcon.colcon_core.shell:Creating environment hook '/home/ubuntu/robot_ws/install/serial/share/serial/hook/cmake_prefix_path.sh'
[19.500s] Level 1:colcon.colcon_core.environment:checking '/home/ubuntu/robot_ws/install/serial/lib'
[19.501s] Level 1:colcon.colcon_core.environment:checking '/home/ubuntu/robot_ws/install/serial/bin'
[19.501s] Level 1:colcon.colcon_core.environment:checking '/home/ubuntu/robot_ws/install/serial/lib/pkgconfig/serial.pc'
[19.502s] Level 1:colcon.colcon_core.environment:checking '/home/ubuntu/robot_ws/install/serial/lib/python3.8/site-packages'
[19.503s] Level 1:colcon.colcon_core.environment:checking '/home/ubuntu/robot_ws/install/serial/bin'
[19.731s] INFO:colcon.colcon_core.shell:Creating package script '/home/ubuntu/robot_ws/install/serial/share/serial/package.ps1'
[19.737s] INFO:colcon.colcon_core.shell:Creating package descriptor '/home/ubuntu/robot_ws/install/serial/share/serial/package.dsv'
[19.742s] INFO:colcon.colcon_core.shell:Creating package script '/home/ubuntu/robot_ws/install/serial/share/serial/package.sh'
[19.748s] INFO:colcon.colcon_core.shell:Creating package script '/home/ubuntu/robot_ws/install/serial/share/serial/package.bash'
[19.752s] INFO:colcon.colcon_core.shell:Creating package script '/home/ubuntu/robot_ws/install/serial/share/serial/package.zsh'
[19.755s] Level 1:colcon.colcon_core.environment:create_file_with_runtime_dependencies(/home/ubuntu/robot_ws/install/serial/share/colcon-core/packages/serial)
[19.771s] Level 1:colcon.colcon_core.environment:create_environment_scripts_only(sasa_bot)
[19.774s] DEBUG:colcon.colcon_core.event_handler.log_command:Invoked command in '/home/ubuntu/robot_ws/build/sasa_bot' returned '0': CMAKE_PREFIX_PATH=${CMAKE_PREFIX_PATH}:/home/ubuntu/robot_ws/install/serial_motor_demo:/home/ubuntu/robot_ws/install/joy_tester:/opt/ros/foxy /usr/bin/cmake --install /home/ubuntu/robot_ws/build/sasa_bot
[20.025s] Level 1:colcon.colcon_core.environment:checking '/home/ubuntu/robot_ws/install/sasa_bot' for CMake module files
[20.028s] Level 1:colcon.colcon_core.environment:checking '/home/ubuntu/robot_ws/install/sasa_bot' for CMake config files
[20.031s] Level 1:colcon.colcon_core.shell:create_environment_hook('sasa_bot', 'cmake_prefix_path')
[20.265s] INFO:colcon.colcon_core.shell:Creating environment hook '/home/ubuntu/robot_ws/install/sasa_bot/share/sasa_bot/hook/cmake_prefix_path.ps1'
[20.267s] INFO:colcon.colcon_core.shell:Creating environment descriptor '/home/ubuntu/robot_ws/install/sasa_bot/share/sasa_bot/hook/cmake_prefix_path.dsv'
[20.269s] INFO:colcon.colcon_core.shell:Creating environment hook '/home/ubuntu/robot_ws/install/sasa_bot/share/sasa_bot/hook/cmake_prefix_path.sh'
[20.273s] Level 1:colcon.colcon_core.environment:checking '/home/ubuntu/robot_ws/install/sasa_bot/bin'
[20.273s] Level 1:colcon.colcon_core.environment:checking '/home/ubuntu/robot_ws/install/sasa_bot/lib/pkgconfig/sasa_bot.pc'
[20.274s] Level 1:colcon.colcon_core.environment:checking '/home/ubuntu/robot_ws/install/sasa_bot/lib/python3.8/site-packages'
[20.276s] Level 1:colcon.colcon_core.environment:checking '/home/ubuntu/robot_ws/install/sasa_bot/bin'
[20.570s] INFO:colcon.colcon_core.shell:Creating package script '/home/ubuntu/robot_ws/install/sasa_bot/share/sasa_bot/package.ps1'
[20.573s] INFO:colcon.colcon_core.shell:Creating package descriptor '/home/ubuntu/robot_ws/install/sasa_bot/share/sasa_bot/package.dsv'
[20.574s] INFO:colcon.colcon_core.shell:Creating package script '/home/ubuntu/robot_ws/install/sasa_bot/share/sasa_bot/package.sh'
[20.576s] INFO:colcon.colcon_core.shell:Creating package script '/home/ubuntu/robot_ws/install/sasa_bot/share/sasa_bot/package.bash'
[20.578s] INFO:colcon.colcon_core.shell:Creating package script '/home/ubuntu/robot_ws/install/sasa_bot/share/sasa_bot/package.zsh'
[20.580s] Level 1:colcon.colcon_core.environment:create_file_with_runtime_dependencies(/home/ubuntu/robot_ws/install/sasa_bot/share/colcon-core/packages/sasa_bot)
[20.604s] DEBUG:colcon.colcon_core.event_handler.log_command:Invoking command in '/home/ubuntu/robot_ws/build/serial_motor_demo_msgs': CMAKE_PREFIX_PATH=${CMAKE_PREFIX_PATH}:/home/ubuntu/robot_ws/install/serial_motor_demo:/home/ubuntu/robot_ws/install/joy_tester:/opt/ros/foxy /usr/bin/cmake --install /home/ubuntu/robot_ws/build/serial_motor_demo_msgs
[20.941s] Level 1:colcon.colcon_core.environment:create_environment_scripts_only(serial)
[21.150s] Level 1:colcon.colcon_core.environment:checking '/home/ubuntu/robot_ws/install/serial' for CMake module files
[21.154s] Level 1:colcon.colcon_core.environment:checking '/home/ubuntu/robot_ws/install/serial' for CMake config files
[21.156s] Level 1:colcon.colcon_core.shell:create_environment_hook('serial', 'cmake_prefix_path')
[21.351s] INFO:colcon.colcon_core.shell:Creating environment hook '/home/ubuntu/robot_ws/install/serial/share/serial/hook/cmake_prefix_path.ps1'
[21.353s] INFO:colcon.colcon_core.shell:Creating environment descriptor '/home/ubuntu/robot_ws/install/serial/share/serial/hook/cmake_prefix_path.dsv'
[21.355s] INFO:colcon.colcon_core.shell:Creating environment hook '/home/ubuntu/robot_ws/install/serial/share/serial/hook/cmake_prefix_path.sh'
[21.357s] Level 1:colcon.colcon_core.environment:checking '/home/ubuntu/robot_ws/install/serial/lib'
[21.358s] Level 1:colcon.colcon_core.environment:checking '/home/ubuntu/robot_ws/install/serial/bin'
[21.358s] Level 1:colcon.colcon_core.environment:checking '/home/ubuntu/robot_ws/install/serial/lib/pkgconfig/serial.pc'
[21.359s] Level 1:colcon.colcon_core.environment:checking '/home/ubuntu/robot_ws/install/serial/lib/python3.8/site-packages'
[21.360s] Level 1:colcon.colcon_core.environment:checking '/home/ubuntu/robot_ws/install/serial/bin'
[21.536s] INFO:colcon.colcon_core.shell:Creating package script '/home/ubuntu/robot_ws/install/serial/share/serial/package.ps1'
[21.538s] INFO:colcon.colcon_core.shell:Creating package descriptor '/home/ubuntu/robot_ws/install/serial/share/serial/package.dsv'
[21.541s] INFO:colcon.colcon_core.shell:Creating package script '/home/ubuntu/robot_ws/install/serial/share/serial/package.sh'
[21.543s] INFO:colcon.colcon_core.shell:Creating package script '/home/ubuntu/robot_ws/install/serial/share/serial/package.bash'
[21.545s] INFO:colcon.colcon_core.shell:Creating package script '/home/ubuntu/robot_ws/install/serial/share/serial/package.zsh'
[21.547s] Level 1:colcon.colcon_core.environment:create_file_with_runtime_dependencies(/home/ubuntu/robot_ws/install/serial/share/colcon-core/packages/serial)
[21.561s] DEBUG:colcon.colcon_core.event_handler.log_command:Invoking command in '/home/ubuntu/robot_ws/build/joy_tester': PYTHONPATH=/home/ubuntu/robot_ws/build/joy_tester/prefix_override:/home/ubuntu/robot_ws/install/joy_tester/lib/python3.8/site-packages:${PYTHONPATH} /usr/bin/python3 setup.py develop --editable --build-directory /home/ubuntu/robot_ws/build/joy_tester/build --no-deps install_data
[21.565s] INFO:colcon.colcon_ros.task.ament_cmake.build:Building ROS package in '/home/ubuntu/robot_ws/src/ydlidar_ros2_driver' with build type 'ament_cmake'
[21.566s] INFO:colcon.colcon_cmake.task.cmake.build:Building CMake package in '/home/ubuntu/robot_ws/src/ydlidar_ros2_driver'
[21.796s] INFO:colcon.colcon_core.shell:Skip shell extension 'powershell' for command environment: Not usable outside of PowerShell
[21.797s] DEBUG:colcon.colcon_core.shell:Skip shell extension 'dsv' for command environment
[22.455s] Level 1:colcon.colcon_core.environment:create_environment_scripts_only(serial_motor_demo_msgs)
[22.458s] DEBUG:colcon.colcon_core.event_handler.log_command:Invoked command in '/home/ubuntu/robot_ws/build/serial_motor_demo_msgs' returned '0': CMAKE_PREFIX_PATH=${CMAKE_PREFIX_PATH}:/home/ubuntu/robot_ws/install/serial_motor_demo:/home/ubuntu/robot_ws/install/joy_tester:/opt/ros/foxy /usr/bin/cmake --install /home/ubuntu/robot_ws/build/serial_motor_demo_msgs
[22.678s] Level 1:colcon.colcon_core.environment:checking '/home/ubuntu/robot_ws/install/serial_motor_demo_msgs' for CMake module files
[22.683s] Level 1:colcon.colcon_core.environment:checking '/home/ubuntu/robot_ws/install/serial_motor_demo_msgs' for CMake config files
[22.689s] Level 1:colcon.colcon_core.shell:create_environment_hook('serial_motor_demo_msgs', 'cmake_prefix_path')
[22.894s] INFO:colcon.colcon_core.shell:Creating environment hook '/home/ubuntu/robot_ws/install/serial_motor_demo_msgs/share/serial_motor_demo_msgs/hook/cmake_prefix_path.ps1'
[22.897s] INFO:colcon.colcon_core.shell:Creating environment descriptor '/home/ubuntu/robot_ws/install/serial_motor_demo_msgs/share/serial_motor_demo_msgs/hook/cmake_prefix_path.dsv'
[22.899s] INFO:colcon.colcon_core.shell:Creating environment hook '/home/ubuntu/robot_ws/install/serial_motor_demo_msgs/share/serial_motor_demo_msgs/hook/cmake_prefix_path.sh'
[22.902s] Level 1:colcon.colcon_core.environment:checking '/home/ubuntu/robot_ws/install/serial_motor_demo_msgs/lib'
[22.903s] Level 1:colcon.colcon_core.shell:create_environment_hook('serial_motor_demo_msgs', 'ld_library_path_lib')
[23.122s] INFO:colcon.colcon_core.shell:Creating environment hook '/home/ubuntu/robot_ws/install/serial_motor_demo_msgs/share/serial_motor_demo_msgs/hook/ld_library_path_lib.ps1'
[23.124s] INFO:colcon.colcon_core.shell:Creating environment descriptor '/home/ubuntu/robot_ws/install/serial_motor_demo_msgs/share/serial_motor_demo_msgs/hook/ld_library_path_lib.dsv'
[23.126s] INFO:colcon.colcon_core.shell:Creating environment hook '/home/ubuntu/robot_ws/install/serial_motor_demo_msgs/share/serial_motor_demo_msgs/hook/ld_library_path_lib.sh'
[23.128s] Level 1:colcon.colcon_core.environment:checking '/home/ubuntu/robot_ws/install/serial_motor_demo_msgs/bin'
[23.129s] Level 1:colcon.colcon_core.environment:checking '/home/ubuntu/robot_ws/install/serial_motor_demo_msgs/lib/pkgconfig/serial_motor_demo_msgs.pc'
[23.130s] Level 1:colcon.colcon_core.environment:checking '/home/ubuntu/robot_ws/install/serial_motor_demo_msgs/lib/python3.8/site-packages'
[23.130s] Level 1:colcon.colcon_core.shell:create_environment_hook('serial_motor_demo_msgs', 'pythonpath')
[23.337s] INFO:colcon.colcon_core.shell:Creating environment hook '/home/ubuntu/robot_ws/install/serial_motor_demo_msgs/share/serial_motor_demo_msgs/hook/pythonpath.ps1'
[23.339s] INFO:colcon.colcon_core.shell:Creating environment descriptor '/home/ubuntu/robot_ws/install/serial_motor_demo_msgs/share/serial_motor_demo_msgs/hook/pythonpath.dsv'
[23.341s] INFO:colcon.colcon_core.shell:Creating environment hook '/home/ubuntu/robot_ws/install/serial_motor_demo_msgs/share/serial_motor_demo_msgs/hook/pythonpath.sh'
[23.344s] Level 1:colcon.colcon_core.environment:checking '/home/ubuntu/robot_ws/install/serial_motor_demo_msgs/bin'
[23.562s] INFO:colcon.colcon_core.shell:Creating package script '/home/ubuntu/robot_ws/install/serial_motor_demo_msgs/share/serial_motor_demo_msgs/package.ps1'
[23.565s] INFO:colcon.colcon_core.shell:Creating package descriptor '/home/ubuntu/robot_ws/install/serial_motor_demo_msgs/share/serial_motor_demo_msgs/package.dsv'
[23.567s] INFO:colcon.colcon_core.shell:Creating package script '/home/ubuntu/robot_ws/install/serial_motor_demo_msgs/share/serial_motor_demo_msgs/package.sh'
[23.570s] INFO:colcon.colcon_core.shell:Creating package script '/home/ubuntu/robot_ws/install/serial_motor_demo_msgs/share/serial_motor_demo_msgs/package.bash'
[23.572s] INFO:colcon.colcon_core.shell:Creating package script '/home/ubuntu/robot_ws/install/serial_motor_demo_msgs/share/serial_motor_demo_msgs/package.zsh'
[23.573s] Level 1:colcon.colcon_core.environment:create_file_with_runtime_dependencies(/home/ubuntu/robot_ws/install/serial_motor_demo_msgs/share/colcon-core/packages/serial_motor_demo_msgs)
[23.850s] Level 1:colcon.colcon_core.environment:create_environment_scripts_only(sasa_bot)
[24.131s] Level 1:colcon.colcon_core.environment:checking '/home/ubuntu/robot_ws/install/sasa_bot' for CMake module files
[24.133s] Level 1:colcon.colcon_core.environment:checking '/home/ubuntu/robot_ws/install/sasa_bot' for CMake config files
[24.136s] Level 1:colcon.colcon_core.shell:create_environment_hook('sasa_bot', 'cmake_prefix_path')
[24.300s] INFO:colcon.colcon_core.shell:Creating environment hook '/home/ubuntu/robot_ws/install/sasa_bot/share/sasa_bot/hook/cmake_prefix_path.ps1'
[24.302s] INFO:colcon.colcon_core.shell:Creating environment descriptor '/home/ubuntu/robot_ws/install/sasa_bot/share/sasa_bot/hook/cmake_prefix_path.dsv'
[24.304s] INFO:colcon.colcon_core.shell:Creating environment hook '/home/ubuntu/robot_ws/install/sasa_bot/share/sasa_bot/hook/cmake_prefix_path.sh'
[24.307s] Level 1:colcon.colcon_core.environment:checking '/home/ubuntu/robot_ws/install/sasa_bot/bin'
[24.308s] Level 1:colcon.colcon_core.environment:checking '/home/ubuntu/robot_ws/install/sasa_bot/lib/pkgconfig/sasa_bot.pc'
[24.309s] Level 1:colcon.colcon_core.environment:checking '/home/ubuntu/robot_ws/install/sasa_bot/lib/python3.8/site-packages'
[24.309s] Level 1:colcon.colcon_core.environment:checking '/home/ubuntu/robot_ws/install/sasa_bot/bin'
[24.475s] INFO:colcon.colcon_core.shell:Creating package script '/home/ubuntu/robot_ws/install/sasa_bot/share/sasa_bot/package.ps1'
[24.477s] INFO:colcon.colcon_core.shell:Creating package descriptor '/home/ubuntu/robot_ws/install/sasa_bot/share/sasa_bot/package.dsv'
[24.479s] INFO:colcon.colcon_core.shell:Creating package script '/home/ubuntu/robot_ws/install/sasa_bot/share/sasa_bot/package.sh'
[24.481s] INFO:colcon.colcon_core.shell:Creating package script '/home/ubuntu/robot_ws/install/sasa_bot/share/sasa_bot/package.bash'
[24.483s] INFO:colcon.colcon_core.shell:Creating package script '/home/ubuntu/robot_ws/install/sasa_bot/share/sasa_bot/package.zsh'
[24.486s] Level 1:colcon.colcon_core.environment:create_file_with_runtime_dependencies(/home/ubuntu/robot_ws/install/sasa_bot/share/colcon-core/packages/sasa_bot)
[24.490s] INFO:colcon.colcon_cmake.task.cmake.build:Building CMake package in '/home/ubuntu/robot_ws/src/YDLidar-SDK'
[24.674s] INFO:colcon.colcon_core.shell:Skip shell extension 'powershell' for command environment: Not usable outside of PowerShell
[24.674s] DEBUG:colcon.colcon_core.shell:Skip shell extension 'dsv' for command environment
[25.448s] Level 1:colcon.colcon_core.shell:create_environment_hook('joy_tester', 'pythonpath_develop')
[25.451s] DEBUG:colcon.colcon_core.event_handler.log_command:Invoked command in '/home/ubuntu/robot_ws/build/joy_tester' returned '0': PYTHONPATH=/home/ubuntu/robot_ws/build/joy_tester/prefix_override:/home/ubuntu/robot_ws/install/joy_tester/lib/python3.8/site-packages:${PYTHONPATH} /usr/bin/python3 setup.py develop --editable --build-directory /home/ubuntu/robot_ws/build/joy_tester/build --no-deps install_data
[25.682s] INFO:colcon.colcon_core.shell:Creating environment hook '/home/ubuntu/robot_ws/build/joy_tester/share/joy_tester/hook/pythonpath_develop.ps1'
[25.684s] INFO:colcon.colcon_core.shell:Creating environment descriptor '/home/ubuntu/robot_ws/build/joy_tester/share/joy_tester/hook/pythonpath_develop.dsv'
[25.686s] INFO:colcon.colcon_core.shell:Creating environment hook '/home/ubuntu/robot_ws/build/joy_tester/share/joy_tester/hook/pythonpath_develop.sh'
[25.898s] Level 1:colcon.colcon_core.environment:checking '/home/ubuntu/robot_ws/install/joy_tester' for CMake module files
[25.900s] Level 1:colcon.colcon_core.environment:checking '/home/ubuntu/robot_ws/install/joy_tester' for CMake config files
[25.903s] Level 1:colcon.colcon_core.environment:checking '/home/ubuntu/robot_ws/install/joy_tester/lib'
[25.904s] Level 1:colcon.colcon_core.environment:checking '/home/ubuntu/robot_ws/install/joy_tester/bin'
[25.904s] Level 1:colcon.colcon_core.environment:checking '/home/ubuntu/robot_ws/install/joy_tester/lib/pkgconfig/joy_tester.pc'
[25.905s] Level 1:colcon.colcon_core.environment:checking '/home/ubuntu/robot_ws/install/joy_tester/lib/python3.8/site-packages'
[25.906s] Level 1:colcon.colcon_core.shell:create_environment_hook('joy_tester', 'pythonpath')
[26.198s] INFO:colcon.colcon_core.shell:Creating environment hook '/home/ubuntu/robot_ws/install/joy_tester/share/joy_tester/hook/pythonpath.ps1'
[26.200s] INFO:colcon.colcon_core.shell:Creating environment descriptor '/home/ubuntu/robot_ws/install/joy_tester/share/joy_tester/hook/pythonpath.dsv'
[26.202s] INFO:colcon.colcon_core.shell:Creating environment hook '/home/ubuntu/robot_ws/install/joy_tester/share/joy_tester/hook/pythonpath.sh'
[26.205s] Level 1:colcon.colcon_core.environment:checking '/home/ubuntu/robot_ws/install/joy_tester/bin'
[26.205s] Level 1:colcon.colcon_core.environment:create_environment_scripts_only(joy_tester)
[26.488s] INFO:colcon.colcon_core.shell:Creating package script '/home/ubuntu/robot_ws/install/joy_tester/share/joy_tester/package.ps1'
[26.490s] INFO:colcon.colcon_core.shell:Creating package descriptor '/home/ubuntu/robot_ws/install/joy_tester/share/joy_tester/package.dsv'
[26.493s] INFO:colcon.colcon_core.shell:Creating package script '/home/ubuntu/robot_ws/install/joy_tester/share/joy_tester/package.sh'
[26.495s] INFO:colcon.colcon_core.shell:Creating package script '/home/ubuntu/robot_ws/install/joy_tester/share/joy_tester/package.bash'
[26.496s] INFO:colcon.colcon_core.shell:Creating package script '/home/ubuntu/robot_ws/install/joy_tester/share/joy_tester/package.zsh'
[26.498s] Level 1:colcon.colcon_core.environment:create_file_with_runtime_dependencies(/home/ubuntu/robot_ws/install/joy_tester/share/colcon-core/packages/joy_tester)
[26.521s] DEBUG:colcon.colcon_core.event_handler.log_command:Invoking command in '/home/ubuntu/robot_ws/build/ydlidar_ros2_driver': CMAKE_PREFIX_PATH=${CMAKE_PREFIX_PATH}:/home/ubuntu/robot_ws/install/serial_motor_demo:/home/ubuntu/robot_ws/install/joy_tester:/opt/ros/foxy /usr/bin/cmake --build /home/ubuntu/robot_ws/build/ydlidar_ros2_driver -- -j4 -l4
[26.812s] Level 1:colcon.colcon_core.environment:create_environment_scripts_only(serial_motor_demo_msgs)
[27.045s] Level 1:colcon.colcon_core.environment:checking '/home/ubuntu/robot_ws/install/serial_motor_demo_msgs' for CMake module files
[27.049s] Level 1:colcon.colcon_core.environment:checking '/home/ubuntu/robot_ws/install/serial_motor_demo_msgs' for CMake config files
[27.055s] Level 1:colcon.colcon_core.shell:create_environment_hook('serial_motor_demo_msgs', 'cmake_prefix_path')
[27.270s] INFO:colcon.colcon_core.shell:Creating environment hook '/home/ubuntu/robot_ws/install/serial_motor_demo_msgs/share/serial_motor_demo_msgs/hook/cmake_prefix_path.ps1'
[27.273s] INFO:colcon.colcon_core.shell:Creating environment descriptor '/home/ubuntu/robot_ws/install/serial_motor_demo_msgs/share/serial_motor_demo_msgs/hook/cmake_prefix_path.dsv'
[27.276s] INFO:colcon.colcon_core.shell:Creating environment hook '/home/ubuntu/robot_ws/install/serial_motor_demo_msgs/share/serial_motor_demo_msgs/hook/cmake_prefix_path.sh'
[27.279s] Level 1:colcon.colcon_core.environment:checking '/home/ubuntu/robot_ws/install/serial_motor_demo_msgs/lib'
[27.280s] Level 1:colcon.colcon_core.shell:create_environment_hook('serial_motor_demo_msgs', 'ld_library_path_lib')
[27.525s] INFO:colcon.colcon_core.shell:Creating environment hook '/home/ubuntu/robot_ws/install/serial_motor_demo_msgs/share/serial_motor_demo_msgs/hook/ld_library_path_lib.ps1'
[27.527s] INFO:colcon.colcon_core.shell:Creating environment descriptor '/home/ubuntu/robot_ws/install/serial_motor_demo_msgs/share/serial_motor_demo_msgs/hook/ld_library_path_lib.dsv'
[27.529s] INFO:colcon.colcon_core.shell:Creating environment hook '/home/ubuntu/robot_ws/install/serial_motor_demo_msgs/share/serial_motor_demo_msgs/hook/ld_library_path_lib.sh'
[27.532s] Level 1:colcon.colcon_core.environment:checking '/home/ubuntu/robot_ws/install/serial_motor_demo_msgs/bin'
[27.532s] Level 1:colcon.colcon_core.environment:checking '/home/ubuntu/robot_ws/install/serial_motor_demo_msgs/lib/pkgconfig/serial_motor_demo_msgs.pc'
[27.533s] Level 1:colcon.colcon_core.environment:checking '/home/ubuntu/robot_ws/install/serial_motor_demo_msgs/lib/python3.8/site-packages'
[27.534s] Level 1:colcon.colcon_core.shell:create_environment_hook('serial_motor_demo_msgs', 'pythonpath')
[27.761s] INFO:colcon.colcon_core.shell:Creating environment hook '/home/ubuntu/robot_ws/install/serial_motor_demo_msgs/share/serial_motor_demo_msgs/hook/pythonpath.ps1'
[27.763s] INFO:colcon.colcon_core.shell:Creating environment descriptor '/home/ubuntu/robot_ws/install/serial_motor_demo_msgs/share/serial_motor_demo_msgs/hook/pythonpath.dsv'
[27.765s] INFO:colcon.colcon_core.shell:Creating environment hook '/home/ubuntu/robot_ws/install/serial_motor_demo_msgs/share/serial_motor_demo_msgs/hook/pythonpath.sh'
[27.768s] Level 1:colcon.colcon_core.environment:checking '/home/ubuntu/robot_ws/install/serial_motor_demo_msgs/bin'
[27.939s] INFO:colcon.colcon_core.shell:Creating package script '/home/ubuntu/robot_ws/install/serial_motor_demo_msgs/share/serial_motor_demo_msgs/package.ps1'
[27.942s] INFO:colcon.colcon_core.shell:Creating package descriptor '/home/ubuntu/robot_ws/install/serial_motor_demo_msgs/share/serial_motor_demo_msgs/package.dsv'
[27.944s] INFO:colcon.colcon_core.shell:Creating package script '/home/ubuntu/robot_ws/install/serial_motor_demo_msgs/share/serial_motor_demo_msgs/package.sh'
[27.946s] INFO:colcon.colcon_core.shell:Creating package script '/home/ubuntu/robot_ws/install/serial_motor_demo_msgs/share/serial_motor_demo_msgs/package.bash'
[27.948s] INFO:colcon.colcon_core.shell:Creating package script '/home/ubuntu/robot_ws/install/serial_motor_demo_msgs/share/serial_motor_demo_msgs/package.zsh'
[27.950s] Level 1:colcon.colcon_core.environment:create_file_with_runtime_dependencies(/home/ubuntu/robot_ws/install/serial_motor_demo_msgs/share/colcon-core/packages/serial_motor_demo_msgs)
[27.951s] INFO:colcon.colcon_ros.task.ament_cmake.build:Building ROS package in '/home/ubuntu/robot_ws/src/diffdrive_arduino' with build type 'ament_cmake'
[27.952s] INFO:colcon.colcon_cmake.task.cmake.build:Building CMake package in '/home/ubuntu/robot_ws/src/diffdrive_arduino'
[28.114s] INFO:colcon.colcon_core.shell:Skip shell extension 'powershell' for command environment: Not usable outside of PowerShell
[28.114s] DEBUG:colcon.colcon_core.shell:Skip shell extension 'dsv' for command environment
[28.628s] INFO:colcon.colcon_ros.task.ament_python.build:Building ROS package in '/home/ubuntu/robot_ws/src/serial_motor_demo/serial_motor_demo' with build type 'ament_python'
[28.630s] Level 1:colcon.colcon_core.shell:create_environment_hook('serial_motor_demo', 'ament_prefix_path')
[28.800s] INFO:colcon.colcon_core.shell:Creating environment hook '/home/ubuntu/robot_ws/install/serial_motor_demo/share/serial_motor_demo/hook/ament_prefix_path.ps1'
[28.802s] INFO:colcon.colcon_core.shell:Creating environment descriptor '/home/ubuntu/robot_ws/install/serial_motor_demo/share/serial_motor_demo/hook/ament_prefix_path.dsv'
[28.804s] INFO:colcon.colcon_core.shell:Creating environment hook '/home/ubuntu/robot_ws/install/serial_motor_demo/share/serial_motor_demo/hook/ament_prefix_path.sh'
[28.972s] INFO:colcon.colcon_core.shell:Skip shell extension 'powershell' for command environment: Not usable outside of PowerShell
[28.973s] DEBUG:colcon.colcon_core.shell:Skip shell extension 'dsv' for command environment
[29.508s] DEBUG:colcon.colcon_core.event_handler.log_command:Invoking command in '/home/ubuntu/robot_ws/build/ydlidar_sdk': /usr/bin/cmake --build /home/ubuntu/robot_ws/build/ydlidar_sdk -- -j4 -l4
[29.511s] DEBUG:colcon.colcon_core.event_handler.log_command:Invoked command in '/home/ubuntu/robot_ws/build/ydlidar_ros2_driver' returned '0': CMAKE_PREFIX_PATH=${CMAKE_PREFIX_PATH}:/home/ubuntu/robot_ws/install/serial_motor_demo:/home/ubuntu/robot_ws/install/joy_tester:/opt/ros/foxy /usr/bin/cmake --build /home/ubuntu/robot_ws/build/ydlidar_ros2_driver -- -j4 -l4
[29.550s] DEBUG:colcon.colcon_core.event_handler.log_command:Invoking command in '/home/ubuntu/robot_ws/build/diffdrive_arduino': CMAKE_PREFIX_PATH=/home/ubuntu/robot_ws/install/serial:/home/ubuntu/robot_ws/install/ydlidar_sdk:/home/ubuntu/robot_ws/install/ydlidar_ros2_driver:/home/ubuntu/robot_ws/install/serial_motor_demo_msgs:/home/ubuntu/robot_ws/install/diffdrive_arduino:/home/ubuntu/robot_ws/install/sasa_bot:/home/ubuntu/robot_ws/install/serial_motor_demo:/home/ubuntu/robot_ws/install/joy_tester:/opt/ros/foxy /usr/bin/cmake --build /home/ubuntu/robot_ws/build/diffdrive_arduino -- -j4 -l4
[30.914s] INFO:colcon.colcon_core.task.python.build:Building Python package in '/home/ubuntu/robot_ws/src/serial_motor_demo/serial_motor_demo'
[31.082s] INFO:colcon.colcon_core.shell:Skip shell extension 'powershell' for command environment: Not usable outside of PowerShell
[31.082s] DEBUG:colcon.colcon_core.shell:Skip shell extension 'dsv' for command environment
[31.619s] DEBUG:colcon.colcon_core.event_handler.log_command:Invoked command in '/home/ubuntu/robot_ws/build/ydlidar_sdk' returned '0': /usr/bin/cmake --build /home/ubuntu/robot_ws/build/ydlidar_sdk -- -j4 -l4
[31.632s] DEBUG:colcon.colcon_core.event_handler.log_command:Invoked command in '/home/ubuntu/robot_ws/build/diffdrive_arduino' returned '0': CMAKE_PREFIX_PATH=/home/ubuntu/robot_ws/install/serial:/home/ubuntu/robot_ws/install/ydlidar_sdk:/home/ubuntu/robot_ws/install/ydlidar_ros2_driver:/home/ubuntu/robot_ws/install/serial_motor_demo_msgs:/home/ubuntu/robot_ws/install/diffdrive_arduino:/home/ubuntu/robot_ws/install/sasa_bot:/home/ubuntu/robot_ws/install/serial_motor_demo:/home/ubuntu/robot_ws/install/joy_tester:/opt/ros/foxy /usr/bin/cmake --build /home/ubuntu/robot_ws/build/diffdrive_arduino -- -j4 -l4
[31.657s] DEBUG:colcon.colcon_core.event_handler.log_command:Invoking command in '/home/ubuntu/robot_ws/build/ydlidar_ros2_driver': CMAKE_PREFIX_PATH=${CMAKE_PREFIX_PATH}:/home/ubuntu/robot_ws/install/serial_motor_demo:/home/ubuntu/robot_ws/install/joy_tester:/opt/ros/foxy /usr/bin/cmake --install /home/ubuntu/robot_ws/build/ydlidar_ros2_driver
[31.822s] Level 1:colcon.colcon_core.environment:create_environment_scripts_only(ydlidar_ros2_driver)
[31.831s] DEBUG:colcon.colcon_core.event_handler.log_command:Invoked command in '/home/ubuntu/robot_ws/build/ydlidar_ros2_driver' returned '0': CMAKE_PREFIX_PATH=${CMAKE_PREFIX_PATH}:/home/ubuntu/robot_ws/install/serial_motor_demo:/home/ubuntu/robot_ws/install/joy_tester:/opt/ros/foxy /usr/bin/cmake --install /home/ubuntu/robot_ws/build/ydlidar_ros2_driver
[32.101s] Level 1:colcon.colcon_core.environment:checking '/home/ubuntu/robot_ws/install/ydlidar_ros2_driver' for CMake module files
[32.104s] Level 1:colcon.colcon_core.environment:checking '/home/ubuntu/robot_ws/install/ydlidar_ros2_driver' for CMake config files
[32.108s] Level 1:colcon.colcon_core.shell:create_environment_hook('ydlidar_ros2_driver', 'cmake_prefix_path')
[32.313s] INFO:colcon.colcon_core.shell:Creating environment hook '/home/ubuntu/robot_ws/install/ydlidar_ros2_driver/share/ydlidar_ros2_driver/hook/cmake_prefix_path.ps1'
[32.316s] INFO:colcon.colcon_core.shell:Creating environment descriptor '/home/ubuntu/robot_ws/install/ydlidar_ros2_driver/share/ydlidar_ros2_driver/hook/cmake_prefix_path.dsv'
[32.317s] INFO:colcon.colcon_core.shell:Creating environment hook '/home/ubuntu/robot_ws/install/ydlidar_ros2_driver/share/ydlidar_ros2_driver/hook/cmake_prefix_path.sh'
[32.321s] Level 1:colcon.colcon_core.environment:checking '/home/ubuntu/robot_ws/install/ydlidar_ros2_driver/lib'
[32.322s] Level 1:colcon.colcon_core.environment:checking '/home/ubuntu/robot_ws/install/ydlidar_ros2_driver/bin'
[32.322s] Level 1:colcon.colcon_core.environment:checking '/home/ubuntu/robot_ws/install/ydlidar_ros2_driver/lib/pkgconfig/ydlidar_ros2_driver.pc'
[32.323s] Level 1:colcon.colcon_core.environment:checking '/home/ubuntu/robot_ws/install/ydlidar_ros2_driver/lib/python3.8/site-packages'
[32.324s] Level 1:colcon.colcon_core.environment:checking '/home/ubuntu/robot_ws/install/ydlidar_ros2_driver/bin'
[32.596s] INFO:colcon.colcon_core.shell:Creating package script '/home/ubuntu/robot_ws/install/ydlidar_ros2_driver/share/ydlidar_ros2_driver/package.ps1'
[32.599s] INFO:colcon.colcon_core.shell:Creating package descriptor '/home/ubuntu/robot_ws/install/ydlidar_ros2_driver/share/ydlidar_ros2_driver/package.dsv'
[32.603s] INFO:colcon.colcon_core.shell:Creating package script '/home/ubuntu/robot_ws/install/ydlidar_ros2_driver/share/ydlidar_ros2_driver/package.sh'
[32.605s] INFO:colcon.colcon_core.shell:Creating package script '/home/ubuntu/robot_ws/install/ydlidar_ros2_driver/share/ydlidar_ros2_driver/package.bash'
[32.607s] INFO:colcon.colcon_core.shell:Creating package script '/home/ubuntu/robot_ws/install/ydlidar_ros2_driver/share/ydlidar_ros2_driver/package.zsh'
[32.610s] Level 1:colcon.colcon_core.environment:create_file_with_runtime_dependencies(/home/ubuntu/robot_ws/install/ydlidar_ros2_driver/share/colcon-core/packages/ydlidar_ros2_driver)
[32.640s] DEBUG:colcon.colcon_core.event_handler.log_command:Invoking command in '/home/ubuntu/robot_ws/build/diffdrive_arduino': CMAKE_PREFIX_PATH=/home/ubuntu/robot_ws/install/serial:/home/ubuntu/robot_ws/install/ydlidar_sdk:/home/ubuntu/robot_ws/install/ydlidar_ros2_driver:/home/ubuntu/robot_ws/install/serial_motor_demo_msgs:/home/ubuntu/robot_ws/install/diffdrive_arduino:/home/ubuntu/robot_ws/install/sasa_bot:/home/ubuntu/robot_ws/install/serial_motor_demo:/home/ubuntu/robot_ws/install/joy_tester:/opt/ros/foxy /usr/bin/cmake --install /home/ubuntu/robot_ws/build/diffdrive_arduino
[32.674s] DEBUG:colcon.colcon_core.event_handler.log_command:Invoking command in '/home/ubuntu/robot_ws/build/ydlidar_sdk': /usr/bin/cmake --install /home/ubuntu/robot_ws/build/ydlidar_sdk
[32.895s] Level 1:colcon.colcon_core.environment:create_environment_scripts_only(ydlidar_sdk)
[33.093s] DEBUG:colcon.colcon_core.event_handler.log_command:Invoked command in '/home/ubuntu/robot_ws/build/ydlidar_sdk' returned '0': /usr/bin/cmake --install /home/ubuntu/robot_ws/build/ydlidar_sdk
[33.313s] Level 1:colcon.colcon_core.environment:checking '/home/ubuntu/robot_ws/install/ydlidar_sdk' for CMake module files
[33.315s] Level 1:colcon.colcon_core.environment:checking '/home/ubuntu/robot_ws/install/ydlidar_sdk' for CMake config files
[33.318s] Level 1:colcon.colcon_core.shell:create_environment_hook('ydlidar_sdk', 'cmake_prefix_path')
[33.538s] INFO:colcon.colcon_core.shell:Creating environment hook '/home/ubuntu/robot_ws/install/ydlidar_sdk/share/ydlidar_sdk/hook/cmake_prefix_path.ps1'
[33.542s] INFO:colcon.colcon_core.shell:Creating environment descriptor '/home/ubuntu/robot_ws/install/ydlidar_sdk/share/ydlidar_sdk/hook/cmake_prefix_path.dsv'
[33.544s] INFO:colcon.colcon_core.shell:Creating environment hook '/home/ubuntu/robot_ws/install/ydlidar_sdk/share/ydlidar_sdk/hook/cmake_prefix_path.sh'
[33.547s] Level 1:colcon.colcon_core.environment:checking '/home/ubuntu/robot_ws/install/ydlidar_sdk/lib'
[33.547s] Level 1:colcon.colcon_core.environment:checking '/home/ubuntu/robot_ws/install/ydlidar_sdk/bin'
[33.548s] Level 1:colcon.colcon_core.shell:create_environment_hook('ydlidar_sdk', 'path')
[33.779s] INFO:colcon.colcon_core.shell:Creating environment hook '/home/ubuntu/robot_ws/install/ydlidar_sdk/share/ydlidar_sdk/hook/path.ps1'
[33.781s] INFO:colcon.colcon_core.shell:Creating environment descriptor '/home/ubuntu/robot_ws/install/ydlidar_sdk/share/ydlidar_sdk/hook/path.dsv'
[33.784s] INFO:colcon.colcon_core.shell:Creating environment hook '/home/ubuntu/robot_ws/install/ydlidar_sdk/share/ydlidar_sdk/hook/path.sh'
[33.786s] Level 1:colcon.colcon_core.environment:checking '/home/ubuntu/robot_ws/install/ydlidar_sdk/lib/pkgconfig/ydlidar_sdk.pc'
[33.787s] Level 1:colcon.colcon_core.environment:checking '/home/ubuntu/robot_ws/install/ydlidar_sdk/lib/python3.8/site-packages'
[33.788s] Level 1:colcon.colcon_core.environment:checking '/home/ubuntu/robot_ws/install/ydlidar_sdk/bin'
[33.789s] Level 1:colcon.colcon_core.shell:create_environment_hook('ydlidar_sdk', 'pythonscriptspath')
[34.042s] INFO:colcon.colcon_core.shell:Creating environment hook '/home/ubuntu/robot_ws/install/ydlidar_sdk/share/ydlidar_sdk/hook/pythonscriptspath.ps1'
[34.045s] INFO:colcon.colcon_core.shell:Creating environment descriptor '/home/ubuntu/robot_ws/install/ydlidar_sdk/share/ydlidar_sdk/hook/pythonscriptspath.dsv'
[34.047s] INFO:colcon.colcon_core.shell:Creating environment hook '/home/ubuntu/robot_ws/install/ydlidar_sdk/share/ydlidar_sdk/hook/pythonscriptspath.sh'
[34.214s] INFO:colcon.colcon_core.shell:Creating package script '/home/ubuntu/robot_ws/install/ydlidar_sdk/share/ydlidar_sdk/package.ps1'
[34.217s] INFO:colcon.colcon_core.shell:Creating package descriptor '/home/ubuntu/robot_ws/install/ydlidar_sdk/share/ydlidar_sdk/package.dsv'
[34.219s] INFO:colcon.colcon_core.shell:Creating package script '/home/ubuntu/robot_ws/install/ydlidar_sdk/share/ydlidar_sdk/package.sh'
[34.221s] INFO:colcon.colcon_core.shell:Creating package script '/home/ubuntu/robot_ws/install/ydlidar_sdk/share/ydlidar_sdk/package.bash'
[34.223s] INFO:colcon.colcon_core.shell:Creating package script '/home/ubuntu/robot_ws/install/ydlidar_sdk/share/ydlidar_sdk/package.zsh'
[34.225s] Level 1:colcon.colcon_core.environment:create_file_with_runtime_dependencies(/home/ubuntu/robot_ws/install/ydlidar_sdk/share/colcon-core/packages/ydlidar_sdk)
[34.230s] Level 1:colcon.colcon_core.environment:create_environment_scripts_only(diffdrive_arduino)
[34.232s] DEBUG:colcon.colcon_core.event_handler.log_command:Invoked command in '/home/ubuntu/robot_ws/build/diffdrive_arduino' returned '0': CMAKE_PREFIX_PATH=/home/ubuntu/robot_ws/install/serial:/home/ubuntu/robot_ws/install/ydlidar_sdk:/home/ubuntu/robot_ws/install/ydlidar_ros2_driver:/home/ubuntu/robot_ws/install/serial_motor_demo_msgs:/home/ubuntu/robot_ws/install/diffdrive_arduino:/home/ubuntu/robot_ws/install/sasa_bot:/home/ubuntu/robot_ws/install/serial_motor_demo:/home/ubuntu/robot_ws/install/joy_tester:/opt/ros/foxy /usr/bin/cmake --install /home/ubuntu/robot_ws/build/diffdrive_arduino
[34.441s] Level 1:colcon.colcon_core.environment:checking '/home/ubuntu/robot_ws/install/diffdrive_arduino' for CMake module files
[34.444s] Level 1:colcon.colcon_core.environment:checking '/home/ubuntu/robot_ws/install/diffdrive_arduino' for CMake config files
[34.446s] Level 1:colcon.colcon_core.shell:create_environment_hook('diffdrive_arduino', 'cmake_prefix_path')
[34.610s] INFO:colcon.colcon_core.shell:Creating environment hook '/home/ubuntu/robot_ws/install/diffdrive_arduino/share/diffdrive_arduino/hook/cmake_prefix_path.ps1'
[34.612s] INFO:colcon.colcon_core.shell:Creating environment descriptor '/home/ubuntu/robot_ws/install/diffdrive_arduino/share/diffdrive_arduino/hook/cmake_prefix_path.dsv'
[34.613s] INFO:colcon.colcon_core.shell:Creating environment hook '/home/ubuntu/robot_ws/install/diffdrive_arduino/share/diffdrive_arduino/hook/cmake_prefix_path.sh'
[34.616s] Level 1:colcon.colcon_core.environment:checking '/home/ubuntu/robot_ws/install/diffdrive_arduino/lib'
[34.617s] Level 1:colcon.colcon_core.shell:create_environment_hook('diffdrive_arduino', 'ld_library_path_lib')
[34.779s] INFO:colcon.colcon_core.shell:Creating environment hook '/home/ubuntu/robot_ws/install/diffdrive_arduino/share/diffdrive_arduino/hook/ld_library_path_lib.ps1'
[34.781s] INFO:colcon.colcon_core.shell:Creating environment descriptor '/home/ubuntu/robot_ws/install/diffdrive_arduino/share/diffdrive_arduino/hook/ld_library_path_lib.dsv'
[34.783s] INFO:colcon.colcon_core.shell:Creating environment hook '/home/ubuntu/robot_ws/install/diffdrive_arduino/share/diffdrive_arduino/hook/ld_library_path_lib.sh'
[34.784s] Level 1:colcon.colcon_core.environment:checking '/home/ubuntu/robot_ws/install/diffdrive_arduino/bin'
[34.785s] Level 1:colcon.colcon_core.environment:checking '/home/ubuntu/robot_ws/install/diffdrive_arduino/lib/pkgconfig/diffdrive_arduino.pc'
[34.786s] Level 1:colcon.colcon_core.environment:checking '/home/ubuntu/robot_ws/install/diffdrive_arduino/lib/python3.8/site-packages'
[34.787s] Level 1:colcon.colcon_core.environment:checking '/home/ubuntu/robot_ws/install/diffdrive_arduino/bin'
[35.002s] INFO:colcon.colcon_core.shell:Creating package script '/home/ubuntu/robot_ws/install/diffdrive_arduino/share/diffdrive_arduino/package.ps1'
[35.005s] INFO:colcon.colcon_core.shell:Creating package descriptor '/home/ubuntu/robot_ws/install/diffdrive_arduino/share/diffdrive_arduino/package.dsv'
[35.007s] INFO:colcon.colcon_core.shell:Creating package script '/home/ubuntu/robot_ws/install/diffdrive_arduino/share/diffdrive_arduino/package.sh'
[35.009s] INFO:colcon.colcon_core.shell:Creating package script '/home/ubuntu/robot_ws/install/diffdrive_arduino/share/diffdrive_arduino/package.bash'
[35.011s] INFO:colcon.colcon_core.shell:Creating package script '/home/ubuntu/robot_ws/install/diffdrive_arduino/share/diffdrive_arduino/package.zsh'
[35.013s] Level 1:colcon.colcon_core.environment:create_file_with_runtime_dependencies(/home/ubuntu/robot_ws/install/diffdrive_arduino/share/colcon-core/packages/diffdrive_arduino)
[35.223s] Level 1:colcon.colcon_core.environment:create_environment_scripts_only(ydlidar_ros2_driver)
[35.388s] Level 1:colcon.colcon_core.environment:checking '/home/ubuntu/robot_ws/install/ydlidar_ros2_driver' for CMake module files
[35.391s] Level 1:colcon.colcon_core.environment:checking '/home/ubuntu/robot_ws/install/ydlidar_ros2_driver' for CMake config files
[35.394s] Level 1:colcon.colcon_core.shell:create_environment_hook('ydlidar_ros2_driver', 'cmake_prefix_path')
[35.562s] INFO:colcon.colcon_core.shell:Creating environment hook '/home/ubuntu/robot_ws/install/ydlidar_ros2_driver/share/ydlidar_ros2_driver/hook/cmake_prefix_path.ps1'
[35.564s] INFO:colcon.colcon_core.shell:Creating environment descriptor '/home/ubuntu/robot_ws/install/ydlidar_ros2_driver/share/ydlidar_ros2_driver/hook/cmake_prefix_path.dsv'
[35.565s] INFO:colcon.colcon_core.shell:Creating environment hook '/home/ubuntu/robot_ws/install/ydlidar_ros2_driver/share/ydlidar_ros2_driver/hook/cmake_prefix_path.sh'
[35.568s] Level 1:colcon.colcon_core.environment:checking '/home/ubuntu/robot_ws/install/ydlidar_ros2_driver/lib'
[35.568s] Level 1:colcon.colcon_core.environment:checking '/home/ubuntu/robot_ws/install/ydlidar_ros2_driver/bin'
[35.569s] Level 1:colcon.colcon_core.environment:checking '/home/ubuntu/robot_ws/install/ydlidar_ros2_driver/lib/pkgconfig/ydlidar_ros2_driver.pc'
[35.570s] Level 1:colcon.colcon_core.environment:checking '/home/ubuntu/robot_ws/install/ydlidar_ros2_driver/lib/python3.8/site-packages'
[35.570s] Level 1:colcon.colcon_core.environment:checking '/home/ubuntu/robot_ws/install/ydlidar_ros2_driver/bin'
[35.736s] INFO:colcon.colcon_core.shell:Creating package script '/home/ubuntu/robot_ws/install/ydlidar_ros2_driver/share/ydlidar_ros2_driver/package.ps1'
[35.738s] INFO:colcon.colcon_core.shell:Creating package descriptor '/home/ubuntu/robot_ws/install/ydlidar_ros2_driver/share/ydlidar_ros2_driver/package.dsv'
[35.740s] INFO:colcon.colcon_core.shell:Creating package script '/home/ubuntu/robot_ws/install/ydlidar_ros2_driver/share/ydlidar_ros2_driver/package.sh'
[35.743s] INFO:colcon.colcon_core.shell:Creating package script '/home/ubuntu/robot_ws/install/ydlidar_ros2_driver/share/ydlidar_ros2_driver/package.bash'
[35.745s] INFO:colcon.colcon_core.shell:Creating package script '/home/ubuntu/robot_ws/install/ydlidar_ros2_driver/share/ydlidar_ros2_driver/package.zsh'
[35.747s] Level 1:colcon.colcon_core.environment:create_file_with_runtime_dependencies(/home/ubuntu/robot_ws/install/ydlidar_ros2_driver/share/colcon-core/packages/ydlidar_ros2_driver)
[35.762s] DEBUG:colcon.colcon_core.event_handler.log_command:Invoking command in '/home/ubuntu/robot_ws/build/serial_motor_demo': CMAKE_PREFIX_PATH=/home/ubuntu/robot_ws/install/serial_motor_demo_msgs:/home/ubuntu/robot_ws/install/ydlidar_sdk:/home/ubuntu/robot_ws/install/ydlidar_ros2_driver:/home/ubuntu/robot_ws/install/diffdrive_arduino:/home/ubuntu/robot_ws/install/serial:/home/ubuntu/robot_ws/install/sasa_bot PYTHONPATH=/home/ubuntu/robot_ws/build/serial_motor_demo/prefix_override:/home/ubuntu/robot_ws/install/serial_motor_demo/lib/python3.8/site-packages:/home/ubuntu/robot_ws/install/serial_motor_demo_msgs/lib/python3.8/site-packages:/home/ubuntu/robot_ws/build/serial_motor_demo:/home/ubuntu/robot_ws/install/serial_motor_demo/lib/python3.8/site-packages:/home/ubuntu/robot_ws/build/joy_tester:/home/ubuntu/robot_ws/install/joy_tester/lib/python3.8/site-packages:/opt/ros/foxy/lib/python3.8/site-packages /usr/bin/python3 setup.py develop --editable --build-directory /home/ubuntu/robot_ws/build/serial_motor_demo/build --no-deps install_data
[35.993s] Level 1:colcon.colcon_core.environment:create_environment_scripts_only(diffdrive_arduino)
[36.208s] Level 1:colcon.colcon_core.environment:checking '/home/ubuntu/robot_ws/install/diffdrive_arduino' for CMake module files
[36.211s] Level 1:colcon.colcon_core.environment:checking '/home/ubuntu/robot_ws/install/diffdrive_arduino' for CMake config files
[36.213s] Level 1:colcon.colcon_core.shell:create_environment_hook('diffdrive_arduino', 'cmake_prefix_path')
[36.424s] INFO:colcon.colcon_core.shell:Creating environment hook '/home/ubuntu/robot_ws/install/diffdrive_arduino/share/diffdrive_arduino/hook/cmake_prefix_path.ps1'
[36.426s] INFO:colcon.colcon_core.shell:Creating environment descriptor '/home/ubuntu/robot_ws/install/diffdrive_arduino/share/diffdrive_arduino/hook/cmake_prefix_path.dsv'
[36.428s] INFO:colcon.colcon_core.shell:Creating environment hook '/home/ubuntu/robot_ws/install/diffdrive_arduino/share/diffdrive_arduino/hook/cmake_prefix_path.sh'
[36.431s] Level 1:colcon.colcon_core.environment:checking '/home/ubuntu/robot_ws/install/diffdrive_arduino/lib'
[36.431s] Level 1:colcon.colcon_core.shell:create_environment_hook('diffdrive_arduino', 'ld_library_path_lib')
[36.634s] INFO:colcon.colcon_core.shell:Creating environment hook '/home/ubuntu/robot_ws/install/diffdrive_arduino/share/diffdrive_arduino/hook/ld_library_path_lib.ps1'
[36.636s] INFO:colcon.colcon_core.shell:Creating environment descriptor '/home/ubuntu/robot_ws/install/diffdrive_arduino/share/diffdrive_arduino/hook/ld_library_path_lib.dsv'
[36.638s] INFO:colcon.colcon_core.shell:Creating environment hook '/home/ubuntu/robot_ws/install/diffdrive_arduino/share/diffdrive_arduino/hook/ld_library_path_lib.sh'
[36.640s] Level 1:colcon.colcon_core.environment:checking '/home/ubuntu/robot_ws/install/diffdrive_arduino/bin'
[36.641s] Level 1:colcon.colcon_core.environment:checking '/home/ubuntu/robot_ws/install/diffdrive_arduino/lib/pkgconfig/diffdrive_arduino.pc'
[36.642s] Level 1:colcon.colcon_core.environment:checking '/home/ubuntu/robot_ws/install/diffdrive_arduino/lib/python3.8/site-packages'
[36.643s] Level 1:colcon.colcon_core.environment:checking '/home/ubuntu/robot_ws/install/diffdrive_arduino/bin'
[36.861s] INFO:colcon.colcon_core.shell:Creating package script '/home/ubuntu/robot_ws/install/diffdrive_arduino/share/diffdrive_arduino/package.ps1'
[36.864s] INFO:colcon.colcon_core.shell:Creating package descriptor '/home/ubuntu/robot_ws/install/diffdrive_arduino/share/diffdrive_arduino/package.dsv'
[36.868s] INFO:colcon.colcon_core.shell:Creating package script '/home/ubuntu/robot_ws/install/diffdrive_arduino/share/diffdrive_arduino/package.sh'
[36.871s] INFO:colcon.colcon_core.shell:Creating package script '/home/ubuntu/robot_ws/install/diffdrive_arduino/share/diffdrive_arduino/package.bash'
[36.873s] INFO:colcon.colcon_core.shell:Creating package script '/home/ubuntu/robot_ws/install/diffdrive_arduino/share/diffdrive_arduino/package.zsh'
[36.875s] Level 1:colcon.colcon_core.environment:create_file_with_runtime_dependencies(/home/ubuntu/robot_ws/install/diffdrive_arduino/share/colcon-core/packages/diffdrive_arduino)
[37.888s] Level 1:colcon.colcon_core.shell:create_environment_hook('serial_motor_demo', 'pythonpath_develop')
[37.890s] DEBUG:colcon.colcon_core.event_handler.log_command:Invoked command in '/home/ubuntu/robot_ws/build/serial_motor_demo' returned '0': CMAKE_PREFIX_PATH=/home/ubuntu/robot_ws/install/serial_motor_demo_msgs:/home/ubuntu/robot_ws/install/ydlidar_sdk:/home/ubuntu/robot_ws/install/ydlidar_ros2_driver:/home/ubuntu/robot_ws/install/diffdrive_arduino:/home/ubuntu/robot_ws/install/serial:/home/ubuntu/robot_ws/install/sasa_bot PYTHONPATH=/home/ubuntu/robot_ws/build/serial_motor_demo/prefix_override:/home/ubuntu/robot_ws/install/serial_motor_demo/lib/python3.8/site-packages:/home/ubuntu/robot_ws/install/serial_motor_demo_msgs/lib/python3.8/site-packages:/home/ubuntu/robot_ws/build/serial_motor_demo:/home/ubuntu/robot_ws/install/serial_motor_demo/lib/python3.8/site-packages:/home/ubuntu/robot_ws/build/joy_tester:/home/ubuntu/robot_ws/install/joy_tester/lib/python3.8/site-packages:/opt/ros/foxy/lib/python3.8/site-packages /usr/bin/python3 setup.py develop --editable --build-directory /home/ubuntu/robot_ws/build/serial_motor_demo/build --no-deps install_data
[38.054s] INFO:colcon.colcon_core.shell:Creating environment hook '/home/ubuntu/robot_ws/build/serial_motor_demo/share/serial_motor_demo/hook/pythonpath_develop.ps1'
[38.056s] INFO:colcon.colcon_core.shell:Creating environment descriptor '/home/ubuntu/robot_ws/build/serial_motor_demo/share/serial_motor_demo/hook/pythonpath_develop.dsv'
[38.058s] INFO:colcon.colcon_core.shell:Creating environment hook '/home/ubuntu/robot_ws/build/serial_motor_demo/share/serial_motor_demo/hook/pythonpath_develop.sh'
[38.226s] Level 1:colcon.colcon_core.environment:checking '/home/ubuntu/robot_ws/install/serial_motor_demo' for CMake module files
[38.228s] Level 1:colcon.colcon_core.environment:checking '/home/ubuntu/robot_ws/install/serial_motor_demo' for CMake config files
[38.231s] Level 1:colcon.colcon_core.environment:checking '/home/ubuntu/robot_ws/install/serial_motor_demo/lib'
[38.231s] Level 1:colcon.colcon_core.environment:checking '/home/ubuntu/robot_ws/install/serial_motor_demo/bin'
[38.231s] Level 1:colcon.colcon_core.environment:checking '/home/ubuntu/robot_ws/install/serial_motor_demo/lib/pkgconfig/serial_motor_demo.pc'
[38.232s] Level 1:colcon.colcon_core.environment:checking '/home/ubuntu/robot_ws/install/serial_motor_demo/lib/python3.8/site-packages'
[38.232s] Level 1:colcon.colcon_core.shell:create_environment_hook('serial_motor_demo', 'pythonpath')
[38.400s] INFO:colcon.colcon_core.shell:Creating environment hook '/home/ubuntu/robot_ws/install/serial_motor_demo/share/serial_motor_demo/hook/pythonpath.ps1'
[38.402s] INFO:colcon.colcon_core.shell:Creating environment descriptor '/home/ubuntu/robot_ws/install/serial_motor_demo/share/serial_motor_demo/hook/pythonpath.dsv'
[38.404s] INFO:colcon.colcon_core.shell:Creating environment hook '/home/ubuntu/robot_ws/install/serial_motor_demo/share/serial_motor_demo/hook/pythonpath.sh'
[38.406s] Level 1:colcon.colcon_core.environment:checking '/home/ubuntu/robot_ws/install/serial_motor_demo/bin'
[38.406s] Level 1:colcon.colcon_core.environment:create_environment_scripts_only(serial_motor_demo)
[38.573s] INFO:colcon.colcon_core.shell:Creating package script '/home/ubuntu/robot_ws/install/serial_motor_demo/share/serial_motor_demo/package.ps1'
[38.576s] INFO:colcon.colcon_core.shell:Creating package descriptor '/home/ubuntu/robot_ws/install/serial_motor_demo/share/serial_motor_demo/package.dsv'
[38.578s] INFO:colcon.colcon_core.shell:Creating package script '/home/ubuntu/robot_ws/install/serial_motor_demo/share/serial_motor_demo/package.sh'
[38.581s] INFO:colcon.colcon_core.shell:Creating package script '/home/ubuntu/robot_ws/install/serial_motor_demo/share/serial_motor_demo/package.bash'
[38.582s] INFO:colcon.colcon_core.shell:Creating package script '/home/ubuntu/robot_ws/install/serial_motor_demo/share/serial_motor_demo/package.zsh'
[38.584s] Level 1:colcon.colcon_core.environment:create_file_with_runtime_dependencies(/home/ubuntu/robot_ws/install/serial_motor_demo/share/colcon-core/packages/serial_motor_demo)
[38.586s] DEBUG:colcon.colcon_parallel_executor.executor.parallel:closing loop
[38.587s] DEBUG:colcon.colcon_parallel_executor.executor.parallel:loop closed
[38.587s] DEBUG:colcon.colcon_parallel_executor.executor.parallel:run_until_complete finished with '0'
[38.588s] DEBUG:colcon.colcon_core.event_reactor:joining thread
[38.769s] INFO:colcon.colcon_core.plugin_system:Skipping extension 'colcon_notification.desktop_notification.terminal_notifier': Not used on non-Darwin systems
[38.770s] INFO:colcon.colcon_core.plugin_system:Skipping extension 'colcon_notification.desktop_notification.win32': Not used on non-Windows systems
[38.770s] INFO:colcon.colcon_notification.desktop_notification:Sending desktop notification using 'notify2'
[38.811s] DEBUG:colcon.colcon_core.event_reactor:joined thread
[39.002s] INFO:colcon.colcon_core.shell:Creating prefix script '/home/ubuntu/robot_ws/install/local_setup.ps1'
[39.006s] INFO:colcon.colcon_core.shell:Creating prefix util module '/home/ubuntu/robot_ws/install/_local_setup_util_ps1.py'
[39.010s] INFO:colcon.colcon_core.shell:Creating prefix chain script '/home/ubuntu/robot_ws/install/setup.ps1'
[39.178s] INFO:colcon.colcon_core.shell:Creating prefix script '/home/ubuntu/robot_ws/install/local_setup.sh'
[39.180s] INFO:colcon.colcon_core.shell:Creating prefix util module '/home/ubuntu/robot_ws/install/_local_setup_util_sh.py'
[39.183s] INFO:colcon.colcon_core.shell:Creating prefix chain script '/home/ubuntu/robot_ws/install/setup.sh'
[39.347s] INFO:colcon.colcon_core.shell:Creating prefix script '/home/ubuntu/robot_ws/install/local_setup.bash'
[39.350s] INFO:colcon.colcon_core.shell:Creating prefix chain script '/home/ubuntu/robot_ws/install/setup.bash'
[39.516s] INFO:colcon.colcon_core.shell:Creating prefix script '/home/ubuntu/robot_ws/install/local_setup.zsh'
[39.518s] INFO:colcon.colcon_core.shell:Creating prefix chain script '/home/ubuntu/robot_ws/install/setup.zsh'
