[2.811s] Invoking command in '/home/ubuntu/robot_ws/build/ydlidar_ros2_driver': CMAKE_PREFIX_PATH=${CMAKE_PREFIX_PATH}:/home/ubuntu/robot_ws/install/joy_tester:/opt/ros/foxy /usr/bin/cmake --build /home/ubuntu/robot_ws/build/ydlidar_ros2_driver -- -j4 -l4
[3.250s] [ 50%] Built target ydlidar_ros2_driver_node
[3.292s] [100%] Built target ydlidar_ros2_driver_client
[3.414s] Invoked command in '/home/ubuntu/robot_ws/build/ydlidar_ros2_driver' returned '0': CMAKE_PREFIX_PATH=${CMAKE_PREFIX_PATH}:/home/ubuntu/robot_ws/install/joy_tester:/opt/ros/foxy /usr/bin/cmake --build /home/ubuntu/robot_ws/build/ydlidar_ros2_driver -- -j4 -l4
[5.664s] Invoking command in '/home/ubuntu/robot_ws/build/ydlidar_ros2_driver': CMAKE_PREFIX_PATH=${CMAKE_PREFIX_PATH}:/home/ubuntu/robot_ws/install/joy_tester:/opt/ros/foxy /usr/bin/cmake --install /home/ubuntu/robot_ws/build/ydlidar_ros2_driver
[5.708s] -- Install configuration: ""
[5.711s] -- Execute custom install script
[5.713s] -- Up-to-date symlink: /home/ubuntu/robot_ws/install/ydlidar_ros2_driver/lib/ydlidar_ros2_driver/ydlidar_ros2_driver_node
[5.714s] -- Up-to-date symlink: /home/ubuntu/robot_ws/install/ydlidar_ros2_driver/lib/ydlidar_ros2_driver/ydlidar_ros2_driver_client
[5.718s] -- Up-to-date symlink: /home/ubuntu/robot_ws/install/ydlidar_ros2_driver/share/ydlidar_ros2_driver/launch/ydlidar.py
[5.719s] -- Up-to-date symlink: /home/ubuntu/robot_ws/install/ydlidar_ros2_driver/share/ydlidar_ros2_driver/launch/ydlidar_launch.py
[5.729s] -- Up-to-date symlink: /home/ubuntu/robot_ws/install/ydlidar_ros2_driver/share/ydlidar_ros2_driver/launch/ydlidar_launch_view.py
[5.730s] -- Up-to-date symlink: /home/ubuntu/robot_ws/install/ydlidar_ros2_driver/share/ydlidar_ros2_driver/params/G1.yaml
[5.731s] -- Up-to-date symlink: /home/ubuntu/robot_ws/install/ydlidar_ros2_driver/share/ydlidar_ros2_driver/params/G2.yaml
[5.732s] -- Up-to-date symlink: /home/ubuntu/robot_ws/install/ydlidar_ros2_driver/share/ydlidar_ros2_driver/params/G6.yaml
[5.733s] -- Up-to-date symlink: /home/ubuntu/robot_ws/install/ydlidar_ros2_driver/share/ydlidar_ros2_driver/params/TG.yaml
[5.733s] -- Up-to-date symlink: /home/ubuntu/robot_ws/install/ydlidar_ros2_driver/share/ydlidar_ros2_driver/params/TminiPro.yaml
[5.734s] -- Up-to-date symlink: /home/ubuntu/robot_ws/install/ydlidar_ros2_driver/share/ydlidar_ros2_driver/params/X2.yaml
[5.734s] -- Up-to-date symlink: /home/ubuntu/robot_ws/install/ydlidar_ros2_driver/share/ydlidar_ros2_driver/params/X4-Pro.yaml
[5.735s] -- Up-to-date symlink: /home/ubuntu/robot_ws/install/ydlidar_ros2_driver/share/ydlidar_ros2_driver/params/X4.yaml
[5.742s] -- Up-to-date symlink: /home/ubuntu/robot_ws/install/ydlidar_ros2_driver/share/ydlidar_ros2_driver/params/ydlidar.yaml
[5.743s] -- Up-to-date symlink: /home/ubuntu/robot_ws/install/ydlidar_ros2_driver/share/ydlidar_ros2_driver/startup/initenv.sh
[5.746s] -- Up-to-date symlink: /home/ubuntu/robot_ws/install/ydlidar_ros2_driver/share/ydlidar_ros2_driver/config/ydlidar.rviz
[5.751s] -- Up-to-date symlink: /home/ubuntu/robot_ws/install/ydlidar_ros2_driver/share/ament_index/resource_index/package_run_dependencies/ydlidar_ros2_driver
[5.755s] -- Up-to-date symlink: /home/ubuntu/robot_ws/install/ydlidar_ros2_driver/share/ament_index/resource_index/parent_prefix_path/ydlidar_ros2_driver
[5.760s] -- Up-to-date symlink: /home/ubuntu/robot_ws/install/ydlidar_ros2_driver/share/ydlidar_ros2_driver/environment/ament_prefix_path.sh
[5.760s] -- Up-to-date symlink: /home/ubuntu/robot_ws/install/ydlidar_ros2_driver/share/ydlidar_ros2_driver/environment/ament_prefix_path.dsv
[5.761s] -- Up-to-date symlink: /home/ubuntu/robot_ws/install/ydlidar_ros2_driver/share/ydlidar_ros2_driver/environment/path.sh
[5.761s] -- Up-to-date symlink: /home/ubuntu/robot_ws/install/ydlidar_ros2_driver/share/ydlidar_ros2_driver/environment/path.dsv
[5.762s] -- Up-to-date symlink: /home/ubuntu/robot_ws/install/ydlidar_ros2_driver/share/ydlidar_ros2_driver/local_setup.bash
[5.763s] -- Up-to-date symlink: /home/ubuntu/robot_ws/install/ydlidar_ros2_driver/share/ydlidar_ros2_driver/local_setup.sh
[5.764s] -- Up-to-date symlink: /home/ubuntu/robot_ws/install/ydlidar_ros2_driver/share/ydlidar_ros2_driver/local_setup.zsh
[5.766s] -- Up-to-date symlink: /home/ubuntu/robot_ws/install/ydlidar_ros2_driver/share/ydlidar_ros2_driver/local_setup.dsv
[5.767s] -- Symlinking: /home/ubuntu/robot_ws/install/ydlidar_ros2_driver/share/ydlidar_ros2_driver/package.dsv
[5.813s] -- Up-to-date symlink: /home/ubuntu/robot_ws/install/ydlidar_ros2_driver/share/ament_index/resource_index/packages/ydlidar_ros2_driver
[5.814s] -- Up-to-date symlink: /home/ubuntu/robot_ws/install/ydlidar_ros2_driver/share/ydlidar_ros2_driver/cmake/ydlidar_ros2_driverConfig.cmake
[5.816s] -- Up-to-date symlink: /home/ubuntu/robot_ws/install/ydlidar_ros2_driver/share/ydlidar_ros2_driver/cmake/ydlidar_ros2_driverConfig-version.cmake
[5.817s] -- Up-to-date symlink: /home/ubuntu/robot_ws/install/ydlidar_ros2_driver/share/ydlidar_ros2_driver/package.xml
[5.826s] Invoked command in '/home/ubuntu/robot_ws/build/ydlidar_ros2_driver' returned '0': CMAKE_PREFIX_PATH=${CMAKE_PREFIX_PATH}:/home/ubuntu/robot_ws/install/joy_tester:/opt/ros/foxy /usr/bin/cmake --install /home/ubuntu/robot_ws/build/ydlidar_ros2_driver
