[4.234s] Invoking command in '/home/ubuntu/robot_ws/build/ydlidar_sdk': /usr/bin/cmake --build /home/ubuntu/robot_ws/build/ydlidar_sdk -- -j4 -l4
[4.520s] [ 42%] Built target ydlidar_sdk
[4.727s] [ 47%] Built target sdm_test
[4.749s] [ 52%] Built target et_test
[4.786s] [ 57%] Built target gs_ota
[4.810s] [ 61%] Built target tri_test
[4.893s] [ 66%] Built target gs_test
[4.924s] [ 71%] Built target tri_restart
[4.963s] [ 76%] Built target tof_test
[4.977s] [ 80%] Built target tri_and_gs_test
[5.041s] [ 85%] Built target tmini_test
[5.120s] [ 90%] Built target lidar_c_api_test
[5.143s] [ 95%] Built target scl_test
[5.149s] [100%] Built target tea_test
[6.339s] Invoked command in '/home/ubuntu/robot_ws/build/ydlidar_sdk' returned '0': /usr/bin/cmake --build /home/ubuntu/robot_ws/build/ydlidar_sdk -- -j4 -l4
[7.288s] Invoking command in '/home/ubuntu/robot_ws/build/ydlidar_sdk': /usr/bin/cmake --install /home/ubuntu/robot_ws/build/ydlidar_sdk
[7.350s] -- Install configuration: ""
[7.351s] -- Up-to-date: /home/ubuntu/robot_ws/install/ydlidar_sdk/include/core/base/datatype.h
[7.352s] -- Up-to-date: /home/ubuntu/robot_ws/install/ydlidar_sdk/include/core/base/locker.h
[7.353s] -- Up-to-date: /home/ubuntu/robot_ws/install/ydlidar_sdk/include/core/base/thread.h
[7.354s] -- Up-to-date: /home/ubuntu/robot_ws/install/ydlidar_sdk/include/core/base/timer.h
[7.355s] -- Up-to-date: /home/ubuntu/robot_ws/install/ydlidar_sdk/include/core/base/typedef.h
[7.356s] -- Up-to-date: /home/ubuntu/robot_ws/install/ydlidar_sdk/include/core/base/utils.h
[7.357s] -- Up-to-date: /home/ubuntu/robot_ws/install/ydlidar_sdk/include/core/base/v8stdint.h
[7.358s] -- Up-to-date: /home/ubuntu/robot_ws/install/ydlidar_sdk/include/core/base/ydlidar.h
[7.367s] -- Up-to-date: /home/ubuntu/robot_ws/install/ydlidar_sdk/include/core/common/ChannelDevice.h
[7.368s] -- Up-to-date: /home/ubuntu/robot_ws/install/ydlidar_sdk/include/core/common/DriverInterface.h
[7.369s] -- Up-to-date: /home/ubuntu/robot_ws/install/ydlidar_sdk/include/core/common/ydlidar_datatype.h
[7.370s] -- Up-to-date: /home/ubuntu/robot_ws/install/ydlidar_sdk/include/core/common/ydlidar_def.h
[7.371s] -- Up-to-date: /home/ubuntu/robot_ws/install/ydlidar_sdk/include/core/common/ydlidar_help.h
[7.371s] -- Up-to-date: /home/ubuntu/robot_ws/install/ydlidar_sdk/include/core/common/ydlidar_protocol.h
[7.377s] -- Up-to-date: /home/ubuntu/robot_ws/install/ydlidar_sdk/include/core/math/angles.h
[7.381s] -- Up-to-date: /home/ubuntu/robot_ws/install/ydlidar_sdk/include/core/network/ActiveSocket.h
[7.382s] -- Up-to-date: /home/ubuntu/robot_ws/install/ydlidar_sdk/include/core/network/PassiveSocket.h
[7.383s] -- Up-to-date: /home/ubuntu/robot_ws/install/ydlidar_sdk/include/core/network/SimpleSocket.h
[7.384s] -- Up-to-date: /home/ubuntu/robot_ws/install/ydlidar_sdk/include/core/network/StatTimer.h
[7.389s] -- Up-to-date: /home/ubuntu/robot_ws/install/ydlidar_sdk/include/core/serial/common.h
[7.390s] -- Up-to-date: /home/ubuntu/robot_ws/install/ydlidar_sdk/include/core/serial/serial.h
[7.391s] -- Up-to-date: /home/ubuntu/robot_ws/install/ydlidar_sdk/include/core/serial/impl/unix/lock.h
[7.393s] -- Up-to-date: /home/ubuntu/robot_ws/install/ydlidar_sdk/include/core/serial/impl/unix/unix.h
[7.394s] -- Up-to-date: /home/ubuntu/robot_ws/install/ydlidar_sdk/include/core/serial/impl/unix/unix_serial.h
[7.395s] -- Up-to-date: /home/ubuntu/robot_ws/install/ydlidar_sdk/include/src/CYdLidar.h
[7.396s] -- Up-to-date: /home/ubuntu/robot_ws/install/ydlidar_sdk/include/src/ETLidarDriver.h
[7.399s] -- Up-to-date: /home/ubuntu/robot_ws/install/ydlidar_sdk/include/src/GSLidarDriver.h
[7.400s] -- Up-to-date: /home/ubuntu/robot_ws/install/ydlidar_sdk/include/src/SDMLidarDriver.h
[7.401s] -- Up-to-date: /home/ubuntu/robot_ws/install/ydlidar_sdk/include/src/YDlidarDriver.h
[7.403s] -- Up-to-date: /home/ubuntu/robot_ws/install/ydlidar_sdk/include/src/ydlidar_sdk.h
[7.403s] -- Up-to-date: /home/ubuntu/robot_ws/install/ydlidar_sdk/include/src/filters/FilterInterface.h
[7.412s] -- Up-to-date: /home/ubuntu/robot_ws/install/ydlidar_sdk/include/src/filters/NoiseFilter.h
[7.413s] -- Up-to-date: /home/ubuntu/robot_ws/install/ydlidar_sdk/include/src/filters/StrongLightFilter.h
[7.413s] -- Up-to-date: /home/ubuntu/robot_ws/install/ydlidar_sdk/include/ydlidar_config.h
[7.414s] -- Up-to-date: /home/ubuntu/robot_ws/install/ydlidar_sdk/lib/libydlidar_sdk.a
[7.415s] -- Up-to-date: /home/ubuntu/robot_ws/install/ydlidar_sdk/lib/pkgconfig/YDLIDAR_SDK.pc
[7.415s] -- Up-to-date: /home/ubuntu/robot_ws/install/ydlidar_sdk/lib/cmake/ydlidar_sdk/ydlidar_sdkConfig.cmake
[7.416s] -- Up-to-date: /home/ubuntu/robot_ws/install/ydlidar_sdk/lib/cmake/ydlidar_sdk/ydlidar_sdkTargets.cmake
[7.417s] -- Up-to-date: /home/ubuntu/robot_ws/install/ydlidar_sdk/lib/cmake/ydlidar_sdk/ydlidar_sdkConfigVersion.cmake
[7.417s] -- Up-to-date: /home/ubuntu/robot_ws/install/ydlidar_sdk/share/YDLIDAR_SDK/FindYDLIDAR_SDK.cmake
[7.429s] -- Up-to-date: /home/ubuntu/robot_ws/install/ydlidar_sdk/share/YDLIDAR_SDK
[7.430s] -- Up-to-date: /home/ubuntu/robot_ws/install/ydlidar_sdk/share/YDLIDAR_SDK/install_package.cmake
[7.431s] -- Up-to-date: /home/ubuntu/robot_ws/install/ydlidar_sdk/share/YDLIDAR_SDK/cmake_uninstall.cmake.in
[7.431s] -- Up-to-date: /home/ubuntu/robot_ws/install/ydlidar_sdk/share/YDLIDAR_SDK/FindPackage.cmake.in
[7.432s] -- Up-to-date: /home/ubuntu/robot_ws/install/ydlidar_sdk/share/YDLIDAR_SDK/PkgConfig.pc.in
[7.433s] -- Up-to-date: /home/ubuntu/robot_ws/install/ydlidar_sdk/share/YDLIDAR_SDK/PackageConfig.cmake.in
[7.437s] -- Up-to-date: /home/ubuntu/robot_ws/install/ydlidar_sdk/share/YDLIDAR_SDK/PackageConfigVersion.cmake.in
[7.438s] -- Up-to-date: /home/ubuntu/robot_ws/install/ydlidar_sdk/share/YDLIDAR_SDK/script_show_final_summary.cmake
[7.439s] -- Up-to-date: /home/ubuntu/robot_ws/install/ydlidar_sdk/share/YDLIDAR_SDK/common
[7.440s] -- Up-to-date: /home/ubuntu/robot_ws/install/ydlidar_sdk/share/YDLIDAR_SDK/common/ydlidar_base.cmake
[7.441s] -- Up-to-date: /home/ubuntu/robot_ws/install/ydlidar_sdk/share/YDLIDAR_SDK/common/ydlidar_parse.cmake
[7.456s] -- Up-to-date: /home/ubuntu/robot_ws/install/ydlidar_sdk/share/YDLIDAR_SDK/LICENSE.txt
[7.457s] -- Up-to-date: /home/ubuntu/robot_ws/install/ydlidar_sdk/share/YDLIDAR_SDK/README.md
[7.458s] -- Up-to-date: /home/ubuntu/robot_ws/install/ydlidar_sdk/share/YDLIDAR_SDK/doc
[7.459s] -- Up-to-date: /home/ubuntu/robot_ws/install/ydlidar_sdk/share/YDLIDAR_SDK/doc/FAQs
[7.471s] -- Up-to-date: /home/ubuntu/robot_ws/install/ydlidar_sdk/share/YDLIDAR_SDK/doc/FAQs/Software_FAQs.md
[7.472s] -- Up-to-date: /home/ubuntu/robot_ws/install/ydlidar_sdk/share/YDLIDAR_SDK/doc/FAQs/General_FAQs.md
[7.473s] -- Up-to-date: /home/ubuntu/robot_ws/install/ydlidar_sdk/share/YDLIDAR_SDK/doc/FAQs/Hardware_FAQs.md
[7.474s] -- Up-to-date: /home/ubuntu/robot_ws/install/ydlidar_sdk/share/YDLIDAR_SDK/doc/FAQs/README.md
[7.480s] -- Up-to-date: /home/ubuntu/robot_ws/install/ydlidar_sdk/share/YDLIDAR_SDK/doc/FAQs/Software_FAQs_cn.md
[7.480s] -- Up-to-date: /home/ubuntu/robot_ws/install/ydlidar_sdk/share/YDLIDAR_SDK/doc/FAQs/General_FAQs_cn.md
[7.481s] -- Up-to-date: /home/ubuntu/robot_ws/install/ydlidar_sdk/share/YDLIDAR_SDK/doc/FAQs/Hardware_FAQs_cn.md
[7.482s] -- Up-to-date: /home/ubuntu/robot_ws/install/ydlidar_sdk/share/YDLIDAR_SDK/doc/YDLidar_SDK_Communication_Protocol.pdf
[7.483s] -- Up-to-date: /home/ubuntu/robot_ws/install/ydlidar_sdk/share/YDLIDAR_SDK/doc/tutorials
[7.483s] -- Up-to-date: /home/ubuntu/robot_ws/install/ydlidar_sdk/share/YDLIDAR_SDK/doc/tutorials/writing_lidar_tutorial_python.md
[7.484s] -- Up-to-date: /home/ubuntu/robot_ws/install/ydlidar_sdk/share/YDLIDAR_SDK/doc/tutorials/examine_the_simple_lidar_tutorial.md
[7.485s] -- Up-to-date: /home/ubuntu/robot_ws/install/ydlidar_sdk/share/YDLIDAR_SDK/doc/tutorials/writing_lidar_network_adapter_tutorial_c++.md
[7.486s] -- Up-to-date: /home/ubuntu/robot_ws/install/ydlidar_sdk/share/YDLIDAR_SDK/doc/tutorials/writing_lidar_tutorial_c.md
[7.487s] -- Up-to-date: /home/ubuntu/robot_ws/install/ydlidar_sdk/share/YDLIDAR_SDK/doc/tutorials/writing_lidar_tutorial_c++.md
[7.488s] -- Up-to-date: /home/ubuntu/robot_ws/install/ydlidar_sdk/share/YDLIDAR_SDK/doc/Diagram.md
[7.488s] -- Up-to-date: /home/ubuntu/robot_ws/install/ydlidar_sdk/share/YDLIDAR_SDK/doc/YDLIDAR_SDK_API_for_Developers.md
[7.489s] -- Up-to-date: /home/ubuntu/robot_ws/install/ydlidar_sdk/share/YDLIDAR_SDK/doc/Dataset.md
[7.490s] -- Up-to-date: /home/ubuntu/robot_ws/install/ydlidar_sdk/share/YDLIDAR_SDK/doc/README.md
[7.491s] -- Up-to-date: /home/ubuntu/robot_ws/install/ydlidar_sdk/share/YDLIDAR_SDK/doc/YDLidar-SDK-Communication-Protocol.html
[7.491s] -- Up-to-date: /home/ubuntu/robot_ws/install/ydlidar_sdk/share/YDLIDAR_SDK/doc/YDLidar-SDK-Communication-Protocol.md
[7.492s] -- Up-to-date: /home/ubuntu/robot_ws/install/ydlidar_sdk/share/YDLIDAR_SDK/doc/howto
[7.498s] -- Up-to-date: /home/ubuntu/robot_ws/install/ydlidar_sdk/share/YDLIDAR_SDK/doc/howto/how_to_create_a_udev_rules.md
[7.498s] -- Up-to-date: /home/ubuntu/robot_ws/install/ydlidar_sdk/share/YDLIDAR_SDK/doc/howto/how_to_build_and_install.md
[7.499s] -- Up-to-date: /home/ubuntu/robot_ws/install/ydlidar_sdk/share/YDLIDAR_SDK/doc/howto/how_to_gerenrate_vs_project_by_cmake.md
[7.500s] -- Up-to-date: /home/ubuntu/robot_ws/install/ydlidar_sdk/share/YDLIDAR_SDK/doc/howto/how_to_build_and_debug_using_vscode.md
[7.501s] -- Up-to-date: /home/ubuntu/robot_ws/install/ydlidar_sdk/share/YDLIDAR_SDK/doc/howto/README.md
[7.502s] -- Up-to-date: /home/ubuntu/robot_ws/install/ydlidar_sdk/share/YDLIDAR_SDK/doc/howto/how_to_create_a_csharp_project.md
[7.503s] -- Up-to-date: /home/ubuntu/robot_ws/install/ydlidar_sdk/share/YDLIDAR_SDK/doc/howto/images
[7.503s] -- Up-to-date: /home/ubuntu/robot_ws/install/ydlidar_sdk/share/YDLIDAR_SDK/doc/howto/images/csharp_running.png
[7.504s] -- Up-to-date: /home/ubuntu/robot_ws/install/ydlidar_sdk/share/YDLIDAR_SDK/doc/howto/images/cpack.png
[7.505s] -- Up-to-date: /home/ubuntu/robot_ws/install/ydlidar_sdk/share/YDLIDAR_SDK/doc/howto/images/csharp_exception.png
[7.506s] -- Up-to-date: /home/ubuntu/robot_ws/install/ydlidar_sdk/share/YDLIDAR_SDK/doc/howto/images/ttyUSB1.png
[7.506s] -- Up-to-date: /home/ubuntu/robot_ws/install/ydlidar_sdk/share/YDLIDAR_SDK/doc/howto/images/ydlidar_lidar_monitor.png
[7.507s] -- Up-to-date: /home/ubuntu/robot_ws/install/ydlidar_sdk/share/YDLIDAR_SDK/doc/howto/images/ttyUSB0.png
[7.508s] -- Up-to-date: /home/ubuntu/robot_ws/install/ydlidar_sdk/share/YDLIDAR_SDK/doc/howto/images/csharp_build.png
[7.508s] -- Up-to-date: /home/ubuntu/robot_ws/install/ydlidar_sdk/share/YDLIDAR_SDK/doc/howto/images/csharp_project.png
[7.509s] -- Up-to-date: /home/ubuntu/robot_ws/install/ydlidar_sdk/share/YDLIDAR_SDK/doc/howto/images/sequence.png
[7.510s] -- Up-to-date: /home/ubuntu/robot_ws/install/ydlidar_sdk/share/YDLIDAR_SDK/doc/howto/images/csharp_library.png
[7.510s] -- Up-to-date: /home/ubuntu/robot_ws/install/ydlidar_sdk/share/YDLIDAR_SDK/doc/howto/images/vscode
[7.511s] -- Up-to-date: /home/ubuntu/robot_ws/install/ydlidar_sdk/share/YDLIDAR_SDK/doc/howto/images/vscode/run_tasks.jpg
[7.511s] -- Up-to-date: /home/ubuntu/robot_ws/install/ydlidar_sdk/share/YDLIDAR_SDK/doc/howto/images/vscode/tasks.png
[7.511s] -- Up-to-date: /home/ubuntu/robot_ws/install/ydlidar_sdk/share/YDLIDAR_SDK/doc/howto/images/sdk_init.png
[7.512s] -- Up-to-date: /home/ubuntu/robot_ws/install/ydlidar_sdk/share/YDLIDAR_SDK/doc/howto/images/sdk_scanning.png
[7.513s] -- Up-to-date: /home/ubuntu/robot_ws/install/ydlidar_sdk/share/YDLIDAR_SDK/doc/howto/how_to_solve_slow_pull_from_cn.md
[7.515s] -- Up-to-date: /home/ubuntu/robot_ws/install/ydlidar_sdk/share/YDLIDAR_SDK/doc/howto/how_to_create_a_pull.md
[7.519s] -- Up-to-date: /home/ubuntu/robot_ws/install/ydlidar_sdk/share/YDLIDAR_SDK/doc/YDLidar-SDK-Communication-Protocol.pdf
[7.521s] -- Up-to-date: /home/ubuntu/robot_ws/install/ydlidar_sdk/share/YDLIDAR_SDK/doc/SDK.pdf
[7.523s] -- Up-to-date: /home/ubuntu/robot_ws/install/ydlidar_sdk/share/YDLIDAR_SDK/doc/images
[7.526s] -- Up-to-date: /home/ubuntu/robot_ws/install/ydlidar_sdk/share/YDLIDAR_SDK/doc/images/sdk_architecture.png
[7.529s] -- Up-to-date: /home/ubuntu/robot_ws/install/ydlidar_sdk/share/YDLIDAR_SDK/doc/images/frame_intensity.png
[7.531s] -- Up-to-date: /home/ubuntu/robot_ws/install/ydlidar_sdk/share/YDLIDAR_SDK/doc/images/FlowChart.png
[7.539s] -- Up-to-date: /home/ubuntu/robot_ws/install/ydlidar_sdk/share/YDLIDAR_SDK/doc/images/frame.png
[7.540s] -- Up-to-date: /home/ubuntu/robot_ws/install/ydlidar_sdk/share/YDLIDAR_SDK/doc/images/communication_mechanism.png
[7.540s] -- Up-to-date: /home/ubuntu/robot_ws/install/ydlidar_sdk/share/YDLIDAR_SDK/doc/images/YDLidar.jpg
[7.541s] -- Up-to-date: /home/ubuntu/robot_ws/install/ydlidar_sdk/share/YDLIDAR_SDK/doc/images/sequence.png
[7.544s] -- Up-to-date: /home/ubuntu/robot_ws/install/ydlidar_sdk/share/YDLIDAR_SDK/doc/images/system_workflow.png
[7.546s] -- Up-to-date: /home/ubuntu/robot_ws/install/ydlidar_sdk/share/YDLIDAR_SDK/doc/images/angle_q2.png
[7.548s] -- Up-to-date: /home/ubuntu/robot_ws/install/ydlidar_sdk/share/YDLIDAR_SDK/doc/images/EAI.png
[7.550s] -- Up-to-date: /home/ubuntu/robot_ws/install/ydlidar_sdk/share/YDLIDAR_SDK/doc/images/YDLidar.png
[7.552s] -- Up-to-date: /home/ubuntu/robot_ws/install/ydlidar_sdk/share/YDLIDAR_SDK/doc/images/sdk_init.png
[7.555s] -- Up-to-date: /home/ubuntu/robot_ws/install/ydlidar_sdk/share/YDLIDAR_SDK/doc/images/sdk_scanning.png
[7.556s] -- Up-to-date: /home/ubuntu/robot_ws/install/ydlidar_sdk/share/YDLIDAR_SDK/doc/Tutorials.md
[7.560s] -- Up-to-date: /home/ubuntu/robot_ws/install/ydlidar_sdk/share/YDLIDAR_SDK/doc/quickstart
[7.562s] -- Up-to-date: /home/ubuntu/robot_ws/install/ydlidar_sdk/share/YDLIDAR_SDK/doc/quickstart/ydlidar_sdk_software_installation_guide.md
[7.563s] -- Up-to-date: /home/ubuntu/robot_ws/install/ydlidar_sdk/share/YDLIDAR_SDK/doc/quickstart/README.md
[7.565s] -- Up-to-date: /home/ubuntu/robot_ws/install/ydlidar_sdk/startup/initenv.sh
[7.566s] -- Up-to-date: /home/ubuntu/robot_ws/install/ydlidar_sdk/bin/et_test
[7.566s] -- Up-to-date: /home/ubuntu/robot_ws/install/ydlidar_sdk/bin/gs_ota
[7.567s] -- Up-to-date: /home/ubuntu/robot_ws/install/ydlidar_sdk/bin/gs_test
[7.567s] -- Up-to-date: /home/ubuntu/robot_ws/install/ydlidar_sdk/bin/scl_test
[7.568s] -- Up-to-date: /home/ubuntu/robot_ws/install/ydlidar_sdk/bin/sdm_test
[7.568s] -- Up-to-date: /home/ubuntu/robot_ws/install/ydlidar_sdk/bin/tea_test
[7.570s] -- Up-to-date: /home/ubuntu/robot_ws/install/ydlidar_sdk/bin/tmini_test
[7.570s] -- Up-to-date: /home/ubuntu/robot_ws/install/ydlidar_sdk/bin/tof_test
[7.571s] -- Up-to-date: /home/ubuntu/robot_ws/install/ydlidar_sdk/bin/tri_and_gs_test
[7.571s] -- Up-to-date: /home/ubuntu/robot_ws/install/ydlidar_sdk/bin/tri_restart
[7.571s] -- Up-to-date: /home/ubuntu/robot_ws/install/ydlidar_sdk/bin/tri_test
[7.573s] -- Up-to-date: /home/ubuntu/robot_ws/install/ydlidar_sdk/bin/lidar_c_api_test
[7.574s] Invoked command in '/home/ubuntu/robot_ws/build/ydlidar_sdk' returned '0': /usr/bin/cmake --install /home/ubuntu/robot_ws/build/ydlidar_sdk
