[1.595s] Invoking command in '/home/ubuntu/robot_ws/build/diffdrive_arduino': CMAKE_PREFIX_PATH=/home/ubuntu/robot_ws/install/serial:/home/ubuntu/robot_ws/install/ydlidar_sdk:/home/ubuntu/robot_ws/install/ydlidar_ros2_driver:/home/ubuntu/robot_ws/install/serial_motor_demo_msgs:/home/ubuntu/robot_ws/install/diffdrive_arduino:/home/ubuntu/robot_ws/install/sasa_bot:/home/ubuntu/robot_ws/install/serial_motor_demo:/home/ubuntu/robot_ws/install/joy_tester:/opt/ros/foxy /usr/bin/cmake --build /home/ubuntu/robot_ws/build/diffdrive_arduino -- -j4 -l4
[3.658s] [ 42%] Built target fake_robot
[3.659s] [100%] Built target diffdrive_arduino
[3.677s] Invoked command in '/home/ubuntu/robot_ws/build/diffdrive_arduino' returned '0': CMAKE_PREFIX_PATH=/home/ubuntu/robot_ws/install/serial:/home/ubuntu/robot_ws/install/ydlidar_sdk:/home/ubuntu/robot_ws/install/ydlidar_ros2_driver:/home/ubuntu/robot_ws/install/serial_motor_demo_msgs:/home/ubuntu/robot_ws/install/diffdrive_arduino:/home/ubuntu/robot_ws/install/sasa_bot:/home/ubuntu/robot_ws/install/serial_motor_demo:/home/ubuntu/robot_ws/install/joy_tester:/opt/ros/foxy /usr/bin/cmake --build /home/ubuntu/robot_ws/build/diffdrive_arduino -- -j4 -l4
[4.685s] Invoking command in '/home/ubuntu/robot_ws/build/diffdrive_arduino': CMAKE_PREFIX_PATH=/home/ubuntu/robot_ws/install/serial:/home/ubuntu/robot_ws/install/ydlidar_sdk:/home/ubuntu/robot_ws/install/ydlidar_ros2_driver:/home/ubuntu/robot_ws/install/serial_motor_demo_msgs:/home/ubuntu/robot_ws/install/diffdrive_arduino:/home/ubuntu/robot_ws/install/sasa_bot:/home/ubuntu/robot_ws/install/serial_motor_demo:/home/ubuntu/robot_ws/install/joy_tester:/opt/ros/foxy /usr/bin/cmake --install /home/ubuntu/robot_ws/build/diffdrive_arduino
[4.778s] -- Install configuration: ""
[4.779s] -- Execute custom install script
[4.782s] -- Up-to-date symlink: /home/ubuntu/robot_ws/install/diffdrive_arduino/share/diffdrive_arduino//robot_hardware.xml
[4.783s] -- Up-to-date symlink: /home/ubuntu/robot_ws/install/diffdrive_arduino/share/diffdrive_arduino//fake_robot_hardware.xml
[4.783s] -- Up-to-date symlink: /home/ubuntu/robot_ws/install/diffdrive_arduino/lib/libdiffdrive_arduino.so
[4.784s] -- Up-to-date symlink: /home/ubuntu/robot_ws/install/diffdrive_arduino/lib/libfake_robot.so
[4.789s] -- Up-to-date symlink: /home/ubuntu/robot_ws/install/diffdrive_arduino/share/diffdrive_arduino/controllers/robot_controller_example.yaml
[4.790s] -- Up-to-date symlink: /home/ubuntu/robot_ws/install/diffdrive_arduino/share/diffdrive_arduino/fake_robot.launch.py
[4.791s] -- Up-to-date symlink: /home/ubuntu/robot_ws/install/diffdrive_arduino/share/diffdrive_arduino/test_robot.launch.py
[4.791s] -- Up-to-date symlink: /home/ubuntu/robot_ws/install/diffdrive_arduino/share/diffdrive_arduino/environment/library_path.sh
[4.800s] -- Up-to-date symlink: /home/ubuntu/robot_ws/install/diffdrive_arduino/share/diffdrive_arduino/environment/library_path.dsv
[4.803s] -- Up-to-date symlink: /home/ubuntu/robot_ws/install/diffdrive_arduino/share/ament_index/resource_index/package_run_dependencies/diffdrive_arduino
[4.804s] -- Up-to-date symlink: /home/ubuntu/robot_ws/install/diffdrive_arduino/share/ament_index/resource_index/parent_prefix_path/diffdrive_arduino
[4.805s] -- Up-to-date symlink: /home/ubuntu/robot_ws/install/diffdrive_arduino/share/diffdrive_arduino/environment/ament_prefix_path.sh
[4.805s] -- Up-to-date symlink: /home/ubuntu/robot_ws/install/diffdrive_arduino/share/diffdrive_arduino/environment/ament_prefix_path.dsv
[4.806s] -- Up-to-date symlink: /home/ubuntu/robot_ws/install/diffdrive_arduino/share/diffdrive_arduino/environment/path.sh
[4.807s] -- Up-to-date symlink: /home/ubuntu/robot_ws/install/diffdrive_arduino/share/diffdrive_arduino/environment/path.dsv
[4.808s] -- Up-to-date symlink: /home/ubuntu/robot_ws/install/diffdrive_arduino/share/diffdrive_arduino/local_setup.bash
[4.809s] -- Up-to-date symlink: /home/ubuntu/robot_ws/install/diffdrive_arduino/share/diffdrive_arduino/local_setup.sh
[4.810s] -- Up-to-date symlink: /home/ubuntu/robot_ws/install/diffdrive_arduino/share/diffdrive_arduino/local_setup.zsh
[4.810s] -- Up-to-date symlink: /home/ubuntu/robot_ws/install/diffdrive_arduino/share/diffdrive_arduino/local_setup.dsv
[4.811s] -- Symlinking: /home/ubuntu/robot_ws/install/diffdrive_arduino/share/diffdrive_arduino/package.dsv
[5.140s] -- Up-to-date symlink: /home/ubuntu/robot_ws/install/diffdrive_arduino/share/ament_index/resource_index/packages/diffdrive_arduino
[5.144s] -- Up-to-date symlink: /home/ubuntu/robot_ws/install/diffdrive_arduino/share/ament_index/resource_index/hardware_interface__pluginlib__plugin/diffdrive_arduino
[5.150s] -- Up-to-date symlink: /home/ubuntu/robot_ws/install/diffdrive_arduino/share/diffdrive_arduino/cmake/ament_cmake_export_libraries-extras.cmake
[5.152s] -- Up-to-date symlink: /home/ubuntu/robot_ws/install/diffdrive_arduino/share/diffdrive_arduino/cmake/ament_cmake_export_dependencies-extras.cmake
[5.155s] -- Up-to-date symlink: /home/ubuntu/robot_ws/install/diffdrive_arduino/share/diffdrive_arduino/cmake/diffdrive_arduinoConfig.cmake
[5.155s] -- Up-to-date symlink: /home/ubuntu/robot_ws/install/diffdrive_arduino/share/diffdrive_arduino/cmake/diffdrive_arduinoConfig-version.cmake
[5.156s] -- Up-to-date symlink: /home/ubuntu/robot_ws/install/diffdrive_arduino/share/diffdrive_arduino/package.xml
[6.278s] Invoked command in '/home/ubuntu/robot_ws/build/diffdrive_arduino' returned '0': CMAKE_PREFIX_PATH=/home/ubuntu/robot_ws/install/serial:/home/ubuntu/robot_ws/install/ydlidar_sdk:/home/ubuntu/robot_ws/install/ydlidar_ros2_driver:/home/ubuntu/robot_ws/install/serial_motor_demo_msgs:/home/ubuntu/robot_ws/install/diffdrive_arduino:/home/ubuntu/robot_ws/install/sasa_bot:/home/ubuntu/robot_ws/install/serial_motor_demo:/home/ubuntu/robot_ws/install/joy_tester:/opt/ros/foxy /usr/bin/cmake --install /home/ubuntu/robot_ws/build/diffdrive_arduino
