[2.681s] Invoking command in '/home/ubuntu/robot_ws/build/ydlidar_sdk': /usr/bin/cmake --build /home/ubuntu/robot_ws/build/ydlidar_sdk -- -j4 -l4
[4.224s] [ 42%] Built target ydlidar_sdk
[4.226s] [ 47%] Built target sdm_test
[4.227s] [ 52%] Built target gs_ota
[4.230s] [ 57%] Built target et_test
[4.235s] [ 61%] Built target tri_test
[4.245s] [ 66%] Built target gs_test
[4.251s] [ 71%] Built target tof_test
[4.253s] [ 76%] Built target tri_and_gs_test
[4.265s] [ 80%] Built target tri_restart
[4.267s] [ 85%] Built target tmini_test
[4.270s] [ 90%] Built target scl_test
[4.273s] [100%] Built target lidar_c_api_test
[4.280s] [100%] Built target tea_test
[5.568s] Invoked command in '/home/ubuntu/robot_ws/build/ydlidar_sdk' returned '0': /usr/bin/cmake --build /home/ubuntu/robot_ws/build/ydlidar_sdk -- -j4 -l4
[5.984s] Invoking command in '/home/ubuntu/robot_ws/build/ydlidar_sdk': /usr/bin/cmake --install /home/ubuntu/robot_ws/build/ydlidar_sdk
[6.032s] -- Install configuration: ""
[6.033s] -- Up-to-date: /home/ubuntu/robot_ws/install/ydlidar_sdk/include/core/base/datatype.h
[6.033s] -- Up-to-date: /home/ubuntu/robot_ws/install/ydlidar_sdk/include/core/base/locker.h
[6.034s] -- Up-to-date: /home/ubuntu/robot_ws/install/ydlidar_sdk/include/core/base/thread.h
[6.035s] -- Up-to-date: /home/ubuntu/robot_ws/install/ydlidar_sdk/include/core/base/timer.h
[6.036s] -- Up-to-date: /home/ubuntu/robot_ws/install/ydlidar_sdk/include/core/base/typedef.h
[6.038s] -- Up-to-date: /home/ubuntu/robot_ws/install/ydlidar_sdk/include/core/base/utils.h
[6.041s] -- Up-to-date: /home/ubuntu/robot_ws/install/ydlidar_sdk/include/core/base/v8stdint.h
[6.042s] -- Up-to-date: /home/ubuntu/robot_ws/install/ydlidar_sdk/include/core/base/ydlidar.h
[6.044s] -- Up-to-date: /home/ubuntu/robot_ws/install/ydlidar_sdk/include/core/common/ChannelDevice.h
[6.046s] -- Up-to-date: /home/ubuntu/robot_ws/install/ydlidar_sdk/include/core/common/DriverInterface.h
[6.047s] -- Up-to-date: /home/ubuntu/robot_ws/install/ydlidar_sdk/include/core/common/ydlidar_datatype.h
[6.049s] -- Up-to-date: /home/ubuntu/robot_ws/install/ydlidar_sdk/include/core/common/ydlidar_def.h
[6.051s] -- Up-to-date: /home/ubuntu/robot_ws/install/ydlidar_sdk/include/core/common/ydlidar_help.h
[6.052s] -- Up-to-date: /home/ubuntu/robot_ws/install/ydlidar_sdk/include/core/common/ydlidar_protocol.h
[6.053s] -- Up-to-date: /home/ubuntu/robot_ws/install/ydlidar_sdk/include/core/math/angles.h
[6.054s] -- Up-to-date: /home/ubuntu/robot_ws/install/ydlidar_sdk/include/core/network/ActiveSocket.h
[6.055s] -- Up-to-date: /home/ubuntu/robot_ws/install/ydlidar_sdk/include/core/network/PassiveSocket.h
[6.056s] -- Up-to-date: /home/ubuntu/robot_ws/install/ydlidar_sdk/include/core/network/SimpleSocket.h
[6.057s] -- Up-to-date: /home/ubuntu/robot_ws/install/ydlidar_sdk/include/core/network/StatTimer.h
[6.059s] -- Up-to-date: /home/ubuntu/robot_ws/install/ydlidar_sdk/include/core/serial/common.h
[6.060s] -- Up-to-date: /home/ubuntu/robot_ws/install/ydlidar_sdk/include/core/serial/serial.h
[6.062s] -- Up-to-date: /home/ubuntu/robot_ws/install/ydlidar_sdk/include/core/serial/impl/unix/lock.h
[6.063s] -- Up-to-date: /home/ubuntu/robot_ws/install/ydlidar_sdk/include/core/serial/impl/unix/unix.h
[6.064s] -- Up-to-date: /home/ubuntu/robot_ws/install/ydlidar_sdk/include/core/serial/impl/unix/unix_serial.h
[6.065s] -- Up-to-date: /home/ubuntu/robot_ws/install/ydlidar_sdk/include/src/CYdLidar.h
[6.067s] -- Up-to-date: /home/ubuntu/robot_ws/install/ydlidar_sdk/include/src/ETLidarDriver.h
[6.068s] -- Up-to-date: /home/ubuntu/robot_ws/install/ydlidar_sdk/include/src/GSLidarDriver.h
[6.069s] -- Up-to-date: /home/ubuntu/robot_ws/install/ydlidar_sdk/include/src/SDMLidarDriver.h
[6.071s] -- Up-to-date: /home/ubuntu/robot_ws/install/ydlidar_sdk/include/src/YDlidarDriver.h
[6.072s] -- Up-to-date: /home/ubuntu/robot_ws/install/ydlidar_sdk/include/src/ydlidar_sdk.h
[6.073s] -- Up-to-date: /home/ubuntu/robot_ws/install/ydlidar_sdk/include/src/filters/FilterInterface.h
[6.073s] -- Up-to-date: /home/ubuntu/robot_ws/install/ydlidar_sdk/include/src/filters/NoiseFilter.h
[6.074s] -- Up-to-date: /home/ubuntu/robot_ws/install/ydlidar_sdk/include/src/filters/StrongLightFilter.h
[6.075s] -- Up-to-date: /home/ubuntu/robot_ws/install/ydlidar_sdk/include/ydlidar_config.h
[6.076s] -- Up-to-date: /home/ubuntu/robot_ws/install/ydlidar_sdk/lib/libydlidar_sdk.a
[6.076s] -- Up-to-date: /home/ubuntu/robot_ws/install/ydlidar_sdk/lib/pkgconfig/YDLIDAR_SDK.pc
[6.077s] -- Up-to-date: /home/ubuntu/robot_ws/install/ydlidar_sdk/lib/cmake/ydlidar_sdk/ydlidar_sdkConfig.cmake
[6.078s] -- Up-to-date: /home/ubuntu/robot_ws/install/ydlidar_sdk/lib/cmake/ydlidar_sdk/ydlidar_sdkTargets.cmake
[6.079s] -- Up-to-date: /home/ubuntu/robot_ws/install/ydlidar_sdk/lib/cmake/ydlidar_sdk/ydlidar_sdkConfigVersion.cmake
[6.081s] -- Up-to-date: /home/ubuntu/robot_ws/install/ydlidar_sdk/share/YDLIDAR_SDK/FindYDLIDAR_SDK.cmake
[6.082s] -- Up-to-date: /home/ubuntu/robot_ws/install/ydlidar_sdk/share/YDLIDAR_SDK
[6.083s] -- Up-to-date: /home/ubuntu/robot_ws/install/ydlidar_sdk/share/YDLIDAR_SDK/install_package.cmake
[6.084s] -- Up-to-date: /home/ubuntu/robot_ws/install/ydlidar_sdk/share/YDLIDAR_SDK/cmake_uninstall.cmake.in
[6.085s] -- Up-to-date: /home/ubuntu/robot_ws/install/ydlidar_sdk/share/YDLIDAR_SDK/FindPackage.cmake.in
[6.086s] -- Up-to-date: /home/ubuntu/robot_ws/install/ydlidar_sdk/share/YDLIDAR_SDK/PkgConfig.pc.in
[6.087s] -- Up-to-date: /home/ubuntu/robot_ws/install/ydlidar_sdk/share/YDLIDAR_SDK/PackageConfig.cmake.in
[6.087s] -- Up-to-date: /home/ubuntu/robot_ws/install/ydlidar_sdk/share/YDLIDAR_SDK/PackageConfigVersion.cmake.in
[6.088s] -- Up-to-date: /home/ubuntu/robot_ws/install/ydlidar_sdk/share/YDLIDAR_SDK/script_show_final_summary.cmake
[6.089s] -- Up-to-date: /home/ubuntu/robot_ws/install/ydlidar_sdk/share/YDLIDAR_SDK/common
[6.091s] -- Up-to-date: /home/ubuntu/robot_ws/install/ydlidar_sdk/share/YDLIDAR_SDK/common/ydlidar_base.cmake
[6.092s] -- Up-to-date: /home/ubuntu/robot_ws/install/ydlidar_sdk/share/YDLIDAR_SDK/common/ydlidar_parse.cmake
[6.093s] -- Up-to-date: /home/ubuntu/robot_ws/install/ydlidar_sdk/share/YDLIDAR_SDK/LICENSE.txt
[6.093s] -- Up-to-date: /home/ubuntu/robot_ws/install/ydlidar_sdk/share/YDLIDAR_SDK/README.md
[6.095s] -- Up-to-date: /home/ubuntu/robot_ws/install/ydlidar_sdk/share/YDLIDAR_SDK/doc
[6.096s] -- Up-to-date: /home/ubuntu/robot_ws/install/ydlidar_sdk/share/YDLIDAR_SDK/doc/FAQs
[6.097s] -- Up-to-date: /home/ubuntu/robot_ws/install/ydlidar_sdk/share/YDLIDAR_SDK/doc/FAQs/Software_FAQs.md
[6.098s] -- Up-to-date: /home/ubuntu/robot_ws/install/ydlidar_sdk/share/YDLIDAR_SDK/doc/FAQs/General_FAQs.md
[6.098s] -- Up-to-date: /home/ubuntu/robot_ws/install/ydlidar_sdk/share/YDLIDAR_SDK/doc/FAQs/Hardware_FAQs.md
[6.099s] -- Up-to-date: /home/ubuntu/robot_ws/install/ydlidar_sdk/share/YDLIDAR_SDK/doc/FAQs/README.md
[6.100s] -- Up-to-date: /home/ubuntu/robot_ws/install/ydlidar_sdk/share/YDLIDAR_SDK/doc/FAQs/Software_FAQs_cn.md
[6.101s] -- Up-to-date: /home/ubuntu/robot_ws/install/ydlidar_sdk/share/YDLIDAR_SDK/doc/FAQs/General_FAQs_cn.md
[6.102s] -- Up-to-date: /home/ubuntu/robot_ws/install/ydlidar_sdk/share/YDLIDAR_SDK/doc/FAQs/Hardware_FAQs_cn.md
[6.103s] -- Up-to-date: /home/ubuntu/robot_ws/install/ydlidar_sdk/share/YDLIDAR_SDK/doc/YDLidar_SDK_Communication_Protocol.pdf
[6.103s] -- Up-to-date: /home/ubuntu/robot_ws/install/ydlidar_sdk/share/YDLIDAR_SDK/doc/tutorials
[6.104s] -- Up-to-date: /home/ubuntu/robot_ws/install/ydlidar_sdk/share/YDLIDAR_SDK/doc/tutorials/writing_lidar_tutorial_python.md
[6.105s] -- Up-to-date: /home/ubuntu/robot_ws/install/ydlidar_sdk/share/YDLIDAR_SDK/doc/tutorials/examine_the_simple_lidar_tutorial.md
[6.106s] -- Up-to-date: /home/ubuntu/robot_ws/install/ydlidar_sdk/share/YDLIDAR_SDK/doc/tutorials/writing_lidar_network_adapter_tutorial_c++.md
[6.107s] -- Up-to-date: /home/ubuntu/robot_ws/install/ydlidar_sdk/share/YDLIDAR_SDK/doc/tutorials/writing_lidar_tutorial_c.md
[6.107s] -- Up-to-date: /home/ubuntu/robot_ws/install/ydlidar_sdk/share/YDLIDAR_SDK/doc/tutorials/writing_lidar_tutorial_c++.md
[6.108s] -- Up-to-date: /home/ubuntu/robot_ws/install/ydlidar_sdk/share/YDLIDAR_SDK/doc/Diagram.md
[6.109s] -- Up-to-date: /home/ubuntu/robot_ws/install/ydlidar_sdk/share/YDLIDAR_SDK/doc/YDLIDAR_SDK_API_for_Developers.md
[6.110s] -- Up-to-date: /home/ubuntu/robot_ws/install/ydlidar_sdk/share/YDLIDAR_SDK/doc/Dataset.md
[6.111s] -- Up-to-date: /home/ubuntu/robot_ws/install/ydlidar_sdk/share/YDLIDAR_SDK/doc/README.md
[6.112s] -- Up-to-date: /home/ubuntu/robot_ws/install/ydlidar_sdk/share/YDLIDAR_SDK/doc/YDLidar-SDK-Communication-Protocol.html
[6.112s] -- Up-to-date: /home/ubuntu/robot_ws/install/ydlidar_sdk/share/YDLIDAR_SDK/doc/YDLidar-SDK-Communication-Protocol.md
[6.113s] -- Up-to-date: /home/ubuntu/robot_ws/install/ydlidar_sdk/share/YDLIDAR_SDK/doc/howto
[6.114s] -- Up-to-date: /home/ubuntu/robot_ws/install/ydlidar_sdk/share/YDLIDAR_SDK/doc/howto/how_to_create_a_udev_rules.md
[6.115s] -- Up-to-date: /home/ubuntu/robot_ws/install/ydlidar_sdk/share/YDLIDAR_SDK/doc/howto/how_to_build_and_install.md
[6.115s] -- Up-to-date: /home/ubuntu/robot_ws/install/ydlidar_sdk/share/YDLIDAR_SDK/doc/howto/how_to_gerenrate_vs_project_by_cmake.md
[6.116s] -- Up-to-date: /home/ubuntu/robot_ws/install/ydlidar_sdk/share/YDLIDAR_SDK/doc/howto/how_to_build_and_debug_using_vscode.md
[6.117s] -- Up-to-date: /home/ubuntu/robot_ws/install/ydlidar_sdk/share/YDLIDAR_SDK/doc/howto/README.md
[6.118s] -- Up-to-date: /home/ubuntu/robot_ws/install/ydlidar_sdk/share/YDLIDAR_SDK/doc/howto/how_to_create_a_csharp_project.md
[6.119s] -- Up-to-date: /home/ubuntu/robot_ws/install/ydlidar_sdk/share/YDLIDAR_SDK/doc/howto/images
[6.119s] -- Up-to-date: /home/ubuntu/robot_ws/install/ydlidar_sdk/share/YDLIDAR_SDK/doc/howto/images/csharp_running.png
[6.120s] -- Up-to-date: /home/ubuntu/robot_ws/install/ydlidar_sdk/share/YDLIDAR_SDK/doc/howto/images/cpack.png
[6.121s] -- Up-to-date: /home/ubuntu/robot_ws/install/ydlidar_sdk/share/YDLIDAR_SDK/doc/howto/images/csharp_exception.png
[6.122s] -- Up-to-date: /home/ubuntu/robot_ws/install/ydlidar_sdk/share/YDLIDAR_SDK/doc/howto/images/ttyUSB1.png
[6.123s] -- Up-to-date: /home/ubuntu/robot_ws/install/ydlidar_sdk/share/YDLIDAR_SDK/doc/howto/images/ydlidar_lidar_monitor.png
[6.124s] -- Up-to-date: /home/ubuntu/robot_ws/install/ydlidar_sdk/share/YDLIDAR_SDK/doc/howto/images/ttyUSB0.png
[6.124s] -- Up-to-date: /home/ubuntu/robot_ws/install/ydlidar_sdk/share/YDLIDAR_SDK/doc/howto/images/csharp_build.png
[6.125s] -- Up-to-date: /home/ubuntu/robot_ws/install/ydlidar_sdk/share/YDLIDAR_SDK/doc/howto/images/csharp_project.png
[6.126s] -- Up-to-date: /home/ubuntu/robot_ws/install/ydlidar_sdk/share/YDLIDAR_SDK/doc/howto/images/sequence.png
[6.127s] -- Up-to-date: /home/ubuntu/robot_ws/install/ydlidar_sdk/share/YDLIDAR_SDK/doc/howto/images/csharp_library.png
[6.128s] -- Up-to-date: /home/ubuntu/robot_ws/install/ydlidar_sdk/share/YDLIDAR_SDK/doc/howto/images/vscode
[6.128s] -- Up-to-date: /home/ubuntu/robot_ws/install/ydlidar_sdk/share/YDLIDAR_SDK/doc/howto/images/vscode/run_tasks.jpg
[6.129s] -- Up-to-date: /home/ubuntu/robot_ws/install/ydlidar_sdk/share/YDLIDAR_SDK/doc/howto/images/vscode/tasks.png
[6.130s] -- Up-to-date: /home/ubuntu/robot_ws/install/ydlidar_sdk/share/YDLIDAR_SDK/doc/howto/images/sdk_init.png
[6.131s] -- Up-to-date: /home/ubuntu/robot_ws/install/ydlidar_sdk/share/YDLIDAR_SDK/doc/howto/images/sdk_scanning.png
[6.131s] -- Up-to-date: /home/ubuntu/robot_ws/install/ydlidar_sdk/share/YDLIDAR_SDK/doc/howto/how_to_solve_slow_pull_from_cn.md
[6.132s] -- Up-to-date: /home/ubuntu/robot_ws/install/ydlidar_sdk/share/YDLIDAR_SDK/doc/howto/how_to_create_a_pull.md
[6.133s] -- Up-to-date: /home/ubuntu/robot_ws/install/ydlidar_sdk/share/YDLIDAR_SDK/doc/YDLidar-SDK-Communication-Protocol.pdf
[6.134s] -- Up-to-date: /home/ubuntu/robot_ws/install/ydlidar_sdk/share/YDLIDAR_SDK/doc/SDK.pdf
[6.134s] -- Up-to-date: /home/ubuntu/robot_ws/install/ydlidar_sdk/share/YDLIDAR_SDK/doc/images
[6.135s] -- Up-to-date: /home/ubuntu/robot_ws/install/ydlidar_sdk/share/YDLIDAR_SDK/doc/images/sdk_architecture.png
[6.136s] -- Up-to-date: /home/ubuntu/robot_ws/install/ydlidar_sdk/share/YDLIDAR_SDK/doc/images/frame_intensity.png
[6.137s] -- Up-to-date: /home/ubuntu/robot_ws/install/ydlidar_sdk/share/YDLIDAR_SDK/doc/images/FlowChart.png
[6.137s] -- Up-to-date: /home/ubuntu/robot_ws/install/ydlidar_sdk/share/YDLIDAR_SDK/doc/images/frame.png
[6.138s] -- Up-to-date: /home/ubuntu/robot_ws/install/ydlidar_sdk/share/YDLIDAR_SDK/doc/images/communication_mechanism.png
[6.139s] -- Up-to-date: /home/ubuntu/robot_ws/install/ydlidar_sdk/share/YDLIDAR_SDK/doc/images/YDLidar.jpg
[6.150s] -- Up-to-date: /home/ubuntu/robot_ws/install/ydlidar_sdk/share/YDLIDAR_SDK/doc/images/sequence.png
[6.151s] -- Up-to-date: /home/ubuntu/robot_ws/install/ydlidar_sdk/share/YDLIDAR_SDK/doc/images/system_workflow.png
[6.152s] -- Up-to-date: /home/ubuntu/robot_ws/install/ydlidar_sdk/share/YDLIDAR_SDK/doc/images/angle_q2.png
[6.153s] -- Up-to-date: /home/ubuntu/robot_ws/install/ydlidar_sdk/share/YDLIDAR_SDK/doc/images/EAI.png
[6.153s] -- Up-to-date: /home/ubuntu/robot_ws/install/ydlidar_sdk/share/YDLIDAR_SDK/doc/images/YDLidar.png
[6.154s] -- Up-to-date: /home/ubuntu/robot_ws/install/ydlidar_sdk/share/YDLIDAR_SDK/doc/images/sdk_init.png
[6.154s] -- Up-to-date: /home/ubuntu/robot_ws/install/ydlidar_sdk/share/YDLIDAR_SDK/doc/images/sdk_scanning.png
[6.155s] -- Up-to-date: /home/ubuntu/robot_ws/install/ydlidar_sdk/share/YDLIDAR_SDK/doc/Tutorials.md
[6.156s] -- Up-to-date: /home/ubuntu/robot_ws/install/ydlidar_sdk/share/YDLIDAR_SDK/doc/quickstart
[6.156s] -- Up-to-date: /home/ubuntu/robot_ws/install/ydlidar_sdk/share/YDLIDAR_SDK/doc/quickstart/ydlidar_sdk_software_installation_guide.md
[6.157s] -- Up-to-date: /home/ubuntu/robot_ws/install/ydlidar_sdk/share/YDLIDAR_SDK/doc/quickstart/README.md
[6.158s] -- Up-to-date: /home/ubuntu/robot_ws/install/ydlidar_sdk/startup/initenv.sh
[6.159s] -- Up-to-date: /home/ubuntu/robot_ws/install/ydlidar_sdk/bin/et_test
[6.160s] -- Up-to-date: /home/ubuntu/robot_ws/install/ydlidar_sdk/bin/gs_ota
[6.160s] -- Up-to-date: /home/ubuntu/robot_ws/install/ydlidar_sdk/bin/gs_test
[6.161s] -- Up-to-date: /home/ubuntu/robot_ws/install/ydlidar_sdk/bin/scl_test
[6.166s] -- Up-to-date: /home/ubuntu/robot_ws/install/ydlidar_sdk/bin/sdm_test
[6.166s] -- Up-to-date: /home/ubuntu/robot_ws/install/ydlidar_sdk/bin/tea_test
[6.167s] -- Up-to-date: /home/ubuntu/robot_ws/install/ydlidar_sdk/bin/tmini_test
[6.167s] -- Up-to-date: /home/ubuntu/robot_ws/install/ydlidar_sdk/bin/tof_test
[6.168s] -- Up-to-date: /home/ubuntu/robot_ws/install/ydlidar_sdk/bin/tri_and_gs_test
[6.169s] -- Up-to-date: /home/ubuntu/robot_ws/install/ydlidar_sdk/bin/tri_restart
[6.169s] -- Up-to-date: /home/ubuntu/robot_ws/install/ydlidar_sdk/bin/tri_test
[6.184s] -- Up-to-date: /home/ubuntu/robot_ws/install/ydlidar_sdk/bin/lidar_c_api_test
[6.185s] Invoked command in '/home/ubuntu/robot_ws/build/ydlidar_sdk' returned '0': /usr/bin/cmake --install /home/ubuntu/robot_ws/build/ydlidar_sdk
