[9.652s] DEBUG:colcon:Command line arguments: ['/usr/bin/colcon', 'build']
[9.653s] DEBUG:colcon:Parsed command line arguments: Namespace(allow_overriding=[], ament_cmake_args=None, base_paths=['.'], build_base='build', catkin_cmake_args=None, catkin_skip_building_tests=False, cmake_args=None, cmake_clean_cache=False, cmake_clean_first=False, cmake_force_configure=False, cmake_target=None, cmake_target_skip_unavailable=False, continue_on_error=False, event_handlers=None, executor='parallel', ignore_user_meta=False, install_base='install', log_base=None, log_level=None, main=<bound method BuildVerb.main of <colcon_core.verb.build.BuildVerb object at 0xffffab553a00>>, merge_install=False, metas=['./colcon.meta'], packages_above=None, packages_above_and_dependencies=None, packages_above_depth=None, packages_end=None, packages_ignore=None, packages_ignore_regex=None, packages_select=None, packages_select_build_failed=False, packages_select_by_dep=None, packages_select_regex=None, packages_select_test_failures=False, packages_skip=None, packages_skip_build_finished=False, packages_skip_by_dep=None, packages_skip_regex=None, packages_skip_test_passed=False, packages_skip_up_to=None, packages_start=None, packages_up_to=None, packages_up_to_regex=None, parallel_workers=4, paths=None, symlink_install=False, test_result_base=None, verb_extension=<colcon_core.verb.build.BuildVerb object at 0xffffab553a00>, verb_name='build', verb_parser=<colcon_defaults.argument_parser.defaults.DefaultArgumentsDecorator object at 0xffffab10f5e0>)
[10.152s] Level 1:colcon.colcon_core.package_discovery:discover_packages(colcon_meta) check parameters
[10.152s] Level 1:colcon.colcon_core.package_discovery:discover_packages(recursive) check parameters
[10.153s] Level 1:colcon.colcon_core.package_discovery:discover_packages(ignore) check parameters
[10.153s] Level 1:colcon.colcon_core.package_discovery:discover_packages(path) check parameters
[10.153s] Level 1:colcon.colcon_core.package_discovery:discover_packages(colcon_meta) discover
[10.153s] Level 1:colcon.colcon_core.package_discovery:discover_packages(recursive) discover
[10.153s] INFO:colcon.colcon_core.package_discovery:Crawling recursively for packages in '/home/ubuntu/robot_ws'
[10.153s] Level 1:colcon.colcon_core.package_identification:_identify(.) by extensions ['ignore', 'ignore_ament_install']
[10.154s] Level 1:colcon.colcon_core.package_identification:_identify(.) by extension 'ignore'
[10.154s] Level 1:colcon.colcon_core.package_identification:_identify(.) by extension 'ignore_ament_install'
[10.154s] Level 1:colcon.colcon_core.package_identification:_identify(.) by extensions ['colcon_pkg']
[10.154s] Level 1:colcon.colcon_core.package_identification:_identify(.) by extension 'colcon_pkg'
[10.155s] Level 1:colcon.colcon_core.package_identification:_identify(.) by extensions ['colcon_meta']
[10.155s] Level 1:colcon.colcon_core.package_identification:_identify(.) by extension 'colcon_meta'
[10.155s] Level 1:colcon.colcon_core.package_identification:_identify(.) by extensions ['ros']
[10.155s] Level 1:colcon.colcon_core.package_identification:_identify(.) by extension 'ros'
[10.224s] Level 1:colcon.colcon_core.package_identification:_identify(.) by extensions ['cmake', 'python']
[10.224s] Level 1:colcon.colcon_core.package_identification:_identify(.) by extension 'cmake'
[10.224s] Level 1:colcon.colcon_core.package_identification:_identify(.) by extension 'python'
[10.224s] Level 1:colcon.colcon_core.package_identification:_identify(.) by extensions ['python_setup_py']
[10.224s] Level 1:colcon.colcon_core.package_identification:_identify(.) by extension 'python_setup_py'
[10.225s] Level 1:colcon.colcon_core.package_identification:_identify(build) by extensions ['ignore', 'ignore_ament_install']
[10.225s] Level 1:colcon.colcon_core.package_identification:_identify(build) by extension 'ignore'
[10.225s] Level 1:colcon.colcon_core.package_identification:_identify(build) ignored
[10.226s] Level 1:colcon.colcon_core.package_identification:_identify(install) by extensions ['ignore', 'ignore_ament_install']
[10.226s] Level 1:colcon.colcon_core.package_identification:_identify(install) by extension 'ignore'
[10.226s] Level 1:colcon.colcon_core.package_identification:_identify(install) ignored
[10.227s] Level 1:colcon.colcon_core.package_identification:_identify(log) by extensions ['ignore', 'ignore_ament_install']
[10.227s] Level 1:colcon.colcon_core.package_identification:_identify(log) by extension 'ignore'
[10.227s] Level 1:colcon.colcon_core.package_identification:_identify(log) ignored
[10.228s] Level 1:colcon.colcon_core.package_identification:_identify(src) by extensions ['ignore', 'ignore_ament_install']
[10.228s] Level 1:colcon.colcon_core.package_identification:_identify(src) by extension 'ignore'
[10.228s] Level 1:colcon.colcon_core.package_identification:_identify(src) by extension 'ignore_ament_install'
[10.228s] Level 1:colcon.colcon_core.package_identification:_identify(src) by extensions ['colcon_pkg']
[10.228s] Level 1:colcon.colcon_core.package_identification:_identify(src) by extension 'colcon_pkg'
[10.228s] Level 1:colcon.colcon_core.package_identification:_identify(src) by extensions ['colcon_meta']
[10.229s] Level 1:colcon.colcon_core.package_identification:_identify(src) by extension 'colcon_meta'
[10.229s] Level 1:colcon.colcon_core.package_identification:_identify(src) by extensions ['ros']
[10.229s] Level 1:colcon.colcon_core.package_identification:_identify(src) by extension 'ros'
[10.229s] Level 1:colcon.colcon_core.package_identification:_identify(src) by extensions ['cmake', 'python']
[10.229s] Level 1:colcon.colcon_core.package_identification:_identify(src) by extension 'cmake'
[10.229s] Level 1:colcon.colcon_core.package_identification:_identify(src) by extension 'python'
[10.230s] Level 1:colcon.colcon_core.package_identification:_identify(src) by extensions ['python_setup_py']
[10.230s] Level 1:colcon.colcon_core.package_identification:_identify(src) by extension 'python_setup_py'
[10.230s] Level 1:colcon.colcon_core.package_identification:_identify(src/YDLidar-SDK) by extensions ['ignore', 'ignore_ament_install']
[10.231s] Level 1:colcon.colcon_core.package_identification:_identify(src/YDLidar-SDK) by extension 'ignore'
[10.231s] Level 1:colcon.colcon_core.package_identification:_identify(src/YDLidar-SDK) by extension 'ignore_ament_install'
[10.231s] Level 1:colcon.colcon_core.package_identification:_identify(src/YDLidar-SDK) by extensions ['colcon_pkg']
[10.231s] Level 1:colcon.colcon_core.package_identification:_identify(src/YDLidar-SDK) by extension 'colcon_pkg'
[10.231s] Level 1:colcon.colcon_core.package_identification:_identify(src/YDLidar-SDK) by extensions ['colcon_meta']
[10.231s] Level 1:colcon.colcon_core.package_identification:_identify(src/YDLidar-SDK) by extension 'colcon_meta'
[10.232s] Level 1:colcon.colcon_core.package_identification:_identify(src/YDLidar-SDK) by extensions ['ros']
[10.232s] Level 1:colcon.colcon_core.package_identification:_identify(src/YDLidar-SDK) by extension 'ros'
[10.232s] Level 1:colcon.colcon_core.package_identification:_identify(src/YDLidar-SDK) by extensions ['cmake', 'python']
[10.232s] Level 1:colcon.colcon_core.package_identification:_identify(src/YDLidar-SDK) by extension 'cmake'
[10.309s] Level 1:colcon.colcon_core.package_identification:_identify(src/YDLidar-SDK) by extension 'python'
[10.309s] DEBUG:colcon.colcon_core.package_identification:Package 'src/YDLidar-SDK' with type 'cmake' and name 'ydlidar_sdk'
[10.310s] Level 1:colcon.colcon_core.package_identification:_identify(src/ydlidar_ros2_driver) by extensions ['ignore', 'ignore_ament_install']
[10.310s] Level 1:colcon.colcon_core.package_identification:_identify(src/ydlidar_ros2_driver) by extension 'ignore'
[10.310s] Level 1:colcon.colcon_core.package_identification:_identify(src/ydlidar_ros2_driver) by extension 'ignore_ament_install'
[10.311s] Level 1:colcon.colcon_core.package_identification:_identify(src/ydlidar_ros2_driver) by extensions ['colcon_pkg']
[10.311s] Level 1:colcon.colcon_core.package_identification:_identify(src/ydlidar_ros2_driver) by extension 'colcon_pkg'
[10.311s] Level 1:colcon.colcon_core.package_identification:_identify(src/ydlidar_ros2_driver) by extensions ['colcon_meta']
[10.311s] Level 1:colcon.colcon_core.package_identification:_identify(src/ydlidar_ros2_driver) by extension 'colcon_meta'
[10.311s] Level 1:colcon.colcon_core.package_identification:_identify(src/ydlidar_ros2_driver) by extensions ['ros']
[10.311s] Level 1:colcon.colcon_core.package_identification:_identify(src/ydlidar_ros2_driver) by extension 'ros'
[10.325s] DEBUG:colcon.colcon_core.package_identification:Package 'src/ydlidar_ros2_driver' with type 'ros.ament_cmake' and name 'ydlidar_ros2_driver'
[10.325s] Level 1:colcon.colcon_core.package_discovery:discover_packages(recursive) using defaults
[10.325s] Level 1:colcon.colcon_core.package_discovery:discover_packages(ignore) discover
[10.325s] Level 1:colcon.colcon_core.package_discovery:discover_packages(ignore) using defaults
[10.325s] Level 1:colcon.colcon_core.package_discovery:discover_packages(path) discover
[10.326s] Level 1:colcon.colcon_core.package_discovery:discover_packages(path) using defaults
[11.171s] Level 1:colcon.colcon_core.package_discovery:discover_packages(prefix_path) check parameters
[11.171s] Level 1:colcon.colcon_core.package_discovery:discover_packages(prefix_path) discover
[11.534s] DEBUG:colcon.colcon_installed_package_information.package_discovery:Found 258 installed packages in /opt/ros/foxy
[11.541s] Level 1:colcon.colcon_core.package_discovery:discover_packages(prefix_path) using defaults
[12.218s] Level 5:colcon.colcon_core.verb:set package 'ydlidar_ros2_driver' build argument 'cmake_args' from command line to 'None'
[12.218s] Level 5:colcon.colcon_core.verb:set package 'ydlidar_ros2_driver' build argument 'cmake_target' from command line to 'None'
[12.218s] Level 5:colcon.colcon_core.verb:set package 'ydlidar_ros2_driver' build argument 'cmake_target_skip_unavailable' from command line to 'False'
[12.219s] Level 5:colcon.colcon_core.verb:set package 'ydlidar_ros2_driver' build argument 'cmake_clean_cache' from command line to 'False'
[12.219s] Level 5:colcon.colcon_core.verb:set package 'ydlidar_ros2_driver' build argument 'cmake_clean_first' from command line to 'False'
[12.219s] Level 5:colcon.colcon_core.verb:set package 'ydlidar_ros2_driver' build argument 'cmake_force_configure' from command line to 'False'
[12.219s] Level 5:colcon.colcon_core.verb:set package 'ydlidar_ros2_driver' build argument 'ament_cmake_args' from command line to 'None'
[12.219s] Level 5:colcon.colcon_core.verb:set package 'ydlidar_ros2_driver' build argument 'catkin_cmake_args' from command line to 'None'
[12.219s] Level 5:colcon.colcon_core.verb:set package 'ydlidar_ros2_driver' build argument 'catkin_skip_building_tests' from command line to 'False'
[12.219s] DEBUG:colcon.colcon_core.verb:Building package 'ydlidar_ros2_driver' with the following arguments: {'ament_cmake_args': None, 'build_base': '/home/ubuntu/robot_ws/build/ydlidar_ros2_driver', 'catkin_cmake_args': None, 'catkin_skip_building_tests': False, 'cmake_args': None, 'cmake_clean_cache': False, 'cmake_clean_first': False, 'cmake_force_configure': False, 'cmake_target': None, 'cmake_target_skip_unavailable': False, 'install_base': '/home/ubuntu/robot_ws/install/ydlidar_ros2_driver', 'merge_install': False, 'path': '/home/ubuntu/robot_ws/src/ydlidar_ros2_driver', 'symlink_install': False, 'test_result_base': None}
[12.367s] Level 5:colcon.colcon_core.verb:set package 'ydlidar_sdk' build argument 'cmake_args' from command line to 'None'
[12.368s] Level 5:colcon.colcon_core.verb:set package 'ydlidar_sdk' build argument 'cmake_target' from command line to 'None'
[12.368s] Level 5:colcon.colcon_core.verb:set package 'ydlidar_sdk' build argument 'cmake_target_skip_unavailable' from command line to 'False'
[12.368s] Level 5:colcon.colcon_core.verb:set package 'ydlidar_sdk' build argument 'cmake_clean_cache' from command line to 'False'
[12.368s] Level 5:colcon.colcon_core.verb:set package 'ydlidar_sdk' build argument 'cmake_clean_first' from command line to 'False'
[12.368s] Level 5:colcon.colcon_core.verb:set package 'ydlidar_sdk' build argument 'cmake_force_configure' from command line to 'False'
[12.368s] Level 5:colcon.colcon_core.verb:set package 'ydlidar_sdk' build argument 'ament_cmake_args' from command line to 'None'
[12.368s] Level 5:colcon.colcon_core.verb:set package 'ydlidar_sdk' build argument 'catkin_cmake_args' from command line to 'None'
[12.368s] Level 5:colcon.colcon_core.verb:set package 'ydlidar_sdk' build argument 'catkin_skip_building_tests' from command line to 'False'
[12.368s] DEBUG:colcon.colcon_core.verb:Building package 'ydlidar_sdk' with the following arguments: {'ament_cmake_args': None, 'build_base': '/home/ubuntu/robot_ws/build/ydlidar_sdk', 'catkin_cmake_args': None, 'catkin_skip_building_tests': False, 'cmake_args': None, 'cmake_clean_cache': False, 'cmake_clean_first': False, 'cmake_force_configure': False, 'cmake_target': None, 'cmake_target_skip_unavailable': False, 'install_base': '/home/ubuntu/robot_ws/install/ydlidar_sdk', 'merge_install': False, 'path': '/home/ubuntu/robot_ws/src/YDLidar-SDK', 'symlink_install': False, 'test_result_base': None}
[12.516s] INFO:colcon.colcon_core.executor:Executing jobs using 'parallel' executor
[12.666s] DEBUG:colcon.colcon_parallel_executor.executor.parallel:run_until_complete
[12.668s] INFO:colcon.colcon_ros.task.ament_cmake.build:Building ROS package in '/home/ubuntu/robot_ws/src/ydlidar_ros2_driver' with build type 'ament_cmake'
[12.668s] INFO:colcon.colcon_cmake.task.cmake.build:Building CMake package in '/home/ubuntu/robot_ws/src/ydlidar_ros2_driver'
[12.871s] INFO:colcon.colcon_core.plugin_system:Skipping extension 'colcon_core.shell.bat': Not used on non-Windows systems
[12.873s] INFO:colcon.colcon_core.shell:Skip shell extension 'powershell' for command environment: Not usable outside of PowerShell
[12.873s] DEBUG:colcon.colcon_core.shell:Skip shell extension 'dsv' for command environment
[13.220s] INFO:colcon.colcon_cmake.task.cmake.build:Building CMake package in '/home/ubuntu/robot_ws/src/YDLidar-SDK'
[13.451s] INFO:colcon.colcon_core.shell:Skip shell extension 'powershell' for command environment: Not usable outside of PowerShell
[13.452s] DEBUG:colcon.colcon_core.shell:Skip shell extension 'dsv' for command environment
[13.802s] DEBUG:colcon.colcon_core.event_handler.log_command:Invoking command in '/home/ubuntu/robot_ws/build/ydlidar_ros2_driver': CMAKE_PREFIX_PATH=/opt/ros/foxy /usr/bin/cmake /home/ubuntu/robot_ws/src/ydlidar_ros2_driver -DCMAKE_INSTALL_PREFIX=/home/ubuntu/robot_ws/install/ydlidar_ros2_driver
[13.845s] DEBUG:colcon.colcon_core.event_handler.log_command:Invoking command in '/home/ubuntu/robot_ws/build/ydlidar_sdk': /usr/bin/cmake /home/ubuntu/robot_ws/src/YDLidar-SDK -DCMAKE_INSTALL_PREFIX=/home/ubuntu/robot_ws/install/ydlidar_sdk
[18.095s] DEBUG:colcon.colcon_core.event_handler.log_command:Invoked command in '/home/ubuntu/robot_ws/build/ydlidar_sdk' returned '0': /usr/bin/cmake /home/ubuntu/robot_ws/src/YDLidar-SDK -DCMAKE_INSTALL_PREFIX=/home/ubuntu/robot_ws/install/ydlidar_sdk
[18.108s] DEBUG:colcon.colcon_core.event_handler.log_command:Invoking command in '/home/ubuntu/robot_ws/build/ydlidar_sdk': /usr/bin/cmake --build /home/ubuntu/robot_ws/build/ydlidar_sdk -- -j4 -l4
[33.555s] DEBUG:colcon.colcon_core.event_handler.log_command:Invoked command in '/home/ubuntu/robot_ws/build/ydlidar_ros2_driver' returned '0': CMAKE_PREFIX_PATH=/opt/ros/foxy /usr/bin/cmake /home/ubuntu/robot_ws/src/ydlidar_ros2_driver -DCMAKE_INSTALL_PREFIX=/home/ubuntu/robot_ws/install/ydlidar_ros2_driver
[33.571s] DEBUG:colcon.colcon_core.event_handler.log_command:Invoking command in '/home/ubuntu/robot_ws/build/ydlidar_ros2_driver': CMAKE_PREFIX_PATH=/opt/ros/foxy /usr/bin/cmake --build /home/ubuntu/robot_ws/build/ydlidar_ros2_driver -- -j4 -l4
[57.184s] DEBUG:colcon.colcon_core.event_handler.log_command:Invoked command in '/home/ubuntu/robot_ws/build/ydlidar_sdk' returned '0': /usr/bin/cmake --build /home/ubuntu/robot_ws/build/ydlidar_sdk -- -j4 -l4
[57.624s] DEBUG:colcon.colcon_core.event_handler.log_command:Invoking command in '/home/ubuntu/robot_ws/build/ydlidar_sdk': /usr/bin/cmake --install /home/ubuntu/robot_ws/build/ydlidar_sdk
[57.974s] Level 1:colcon.colcon_core.environment:create_environment_scripts_only(ydlidar_sdk)
[57.984s] DEBUG:colcon.colcon_core.event_handler.log_command:Invoked command in '/home/ubuntu/robot_ws/build/ydlidar_sdk' returned '0': /usr/bin/cmake --install /home/ubuntu/robot_ws/build/ydlidar_sdk
[58.347s] Level 1:colcon.colcon_core.environment:checking '/home/ubuntu/robot_ws/install/ydlidar_sdk' for CMake module files
[58.350s] Level 1:colcon.colcon_core.environment:checking '/home/ubuntu/robot_ws/install/ydlidar_sdk' for CMake config files
[58.353s] Level 1:colcon.colcon_core.shell:create_environment_hook('ydlidar_sdk', 'cmake_prefix_path')
[58.756s] INFO:colcon.colcon_core.shell:Creating environment hook '/home/ubuntu/robot_ws/install/ydlidar_sdk/share/ydlidar_sdk/hook/cmake_prefix_path.ps1'
[58.764s] INFO:colcon.colcon_core.shell:Creating environment descriptor '/home/ubuntu/robot_ws/install/ydlidar_sdk/share/ydlidar_sdk/hook/cmake_prefix_path.dsv'
[58.768s] INFO:colcon.colcon_core.shell:Creating environment hook '/home/ubuntu/robot_ws/install/ydlidar_sdk/share/ydlidar_sdk/hook/cmake_prefix_path.sh'
[58.774s] Level 1:colcon.colcon_core.environment:checking '/home/ubuntu/robot_ws/install/ydlidar_sdk/lib'
[58.775s] Level 1:colcon.colcon_core.environment:checking '/home/ubuntu/robot_ws/install/ydlidar_sdk/bin'
[58.776s] Level 1:colcon.colcon_core.shell:create_environment_hook('ydlidar_sdk', 'path')
[59.099s] INFO:colcon.colcon_core.shell:Creating environment hook '/home/ubuntu/robot_ws/install/ydlidar_sdk/share/ydlidar_sdk/hook/path.ps1'
[59.101s] INFO:colcon.colcon_core.shell:Creating environment descriptor '/home/ubuntu/robot_ws/install/ydlidar_sdk/share/ydlidar_sdk/hook/path.dsv'
[59.104s] INFO:colcon.colcon_core.shell:Creating environment hook '/home/ubuntu/robot_ws/install/ydlidar_sdk/share/ydlidar_sdk/hook/path.sh'
[59.110s] Level 1:colcon.colcon_core.environment:checking '/home/ubuntu/robot_ws/install/ydlidar_sdk/lib/pkgconfig/ydlidar_sdk.pc'
[59.112s] Level 1:colcon.colcon_core.environment:checking '/home/ubuntu/robot_ws/install/ydlidar_sdk/lib/python3.8/site-packages'
[59.113s] Level 1:colcon.colcon_core.environment:checking '/home/ubuntu/robot_ws/install/ydlidar_sdk/bin'
[59.114s] Level 1:colcon.colcon_core.shell:create_environment_hook('ydlidar_sdk', 'pythonscriptspath')
[59.436s] INFO:colcon.colcon_core.shell:Creating environment hook '/home/ubuntu/robot_ws/install/ydlidar_sdk/share/ydlidar_sdk/hook/pythonscriptspath.ps1'
[59.439s] INFO:colcon.colcon_core.shell:Creating environment descriptor '/home/ubuntu/robot_ws/install/ydlidar_sdk/share/ydlidar_sdk/hook/pythonscriptspath.dsv'
[59.441s] INFO:colcon.colcon_core.shell:Creating environment hook '/home/ubuntu/robot_ws/install/ydlidar_sdk/share/ydlidar_sdk/hook/pythonscriptspath.sh'
[59.763s] INFO:colcon.colcon_core.shell:Creating package script '/home/ubuntu/robot_ws/install/ydlidar_sdk/share/ydlidar_sdk/package.ps1'
[59.789s] INFO:colcon.colcon_core.shell:Creating package descriptor '/home/ubuntu/robot_ws/install/ydlidar_sdk/share/ydlidar_sdk/package.dsv'
[59.792s] INFO:colcon.colcon_core.shell:Creating package script '/home/ubuntu/robot_ws/install/ydlidar_sdk/share/ydlidar_sdk/package.sh'
[59.797s] INFO:colcon.colcon_core.shell:Creating package script '/home/ubuntu/robot_ws/install/ydlidar_sdk/share/ydlidar_sdk/package.bash'
[59.803s] INFO:colcon.colcon_core.shell:Creating package script '/home/ubuntu/robot_ws/install/ydlidar_sdk/share/ydlidar_sdk/package.zsh'
[59.808s] Level 1:colcon.colcon_core.environment:create_file_with_runtime_dependencies(/home/ubuntu/robot_ws/install/ydlidar_sdk/share/colcon-core/packages/ydlidar_sdk)
[67.691s] DEBUG:colcon.colcon_core.event_handler.log_command:Invoked command in '/home/ubuntu/robot_ws/build/ydlidar_ros2_driver' returned '0': CMAKE_PREFIX_PATH=/opt/ros/foxy /usr/bin/cmake --build /home/ubuntu/robot_ws/build/ydlidar_ros2_driver -- -j4 -l4
[67.841s] DEBUG:colcon.colcon_core.event_handler.log_command:Invoking command in '/home/ubuntu/robot_ws/build/ydlidar_ros2_driver': CMAKE_PREFIX_PATH=/opt/ros/foxy /usr/bin/cmake --install /home/ubuntu/robot_ws/build/ydlidar_ros2_driver
[67.934s] Level 1:colcon.colcon_core.environment:create_environment_scripts_only(ydlidar_ros2_driver)
[67.935s] DEBUG:colcon.colcon_core.event_handler.log_command:Invoked command in '/home/ubuntu/robot_ws/build/ydlidar_ros2_driver' returned '0': CMAKE_PREFIX_PATH=/opt/ros/foxy /usr/bin/cmake --install /home/ubuntu/robot_ws/build/ydlidar_ros2_driver
[68.105s] Level 1:colcon.colcon_core.environment:checking '/home/ubuntu/robot_ws/install/ydlidar_ros2_driver' for CMake module files
[68.109s] Level 1:colcon.colcon_core.environment:checking '/home/ubuntu/robot_ws/install/ydlidar_ros2_driver' for CMake config files
[68.111s] Level 1:colcon.colcon_core.shell:create_environment_hook('ydlidar_ros2_driver', 'cmake_prefix_path')
[68.280s] INFO:colcon.colcon_core.shell:Creating environment hook '/home/ubuntu/robot_ws/install/ydlidar_ros2_driver/share/ydlidar_ros2_driver/hook/cmake_prefix_path.ps1'
[68.282s] INFO:colcon.colcon_core.shell:Creating environment descriptor '/home/ubuntu/robot_ws/install/ydlidar_ros2_driver/share/ydlidar_ros2_driver/hook/cmake_prefix_path.dsv'
[68.283s] INFO:colcon.colcon_core.shell:Creating environment hook '/home/ubuntu/robot_ws/install/ydlidar_ros2_driver/share/ydlidar_ros2_driver/hook/cmake_prefix_path.sh'
[68.285s] Level 1:colcon.colcon_core.environment:checking '/home/ubuntu/robot_ws/install/ydlidar_ros2_driver/lib'
[68.286s] Level 1:colcon.colcon_core.environment:checking '/home/ubuntu/robot_ws/install/ydlidar_ros2_driver/bin'
[68.286s] Level 1:colcon.colcon_core.environment:checking '/home/ubuntu/robot_ws/install/ydlidar_ros2_driver/lib/pkgconfig/ydlidar_ros2_driver.pc'
[68.287s] Level 1:colcon.colcon_core.environment:checking '/home/ubuntu/robot_ws/install/ydlidar_ros2_driver/lib/python3.8/site-packages'
[68.288s] Level 1:colcon.colcon_core.environment:checking '/home/ubuntu/robot_ws/install/ydlidar_ros2_driver/bin'
[68.453s] INFO:colcon.colcon_core.shell:Creating package script '/home/ubuntu/robot_ws/install/ydlidar_ros2_driver/share/ydlidar_ros2_driver/package.ps1'
[68.455s] INFO:colcon.colcon_core.shell:Creating package descriptor '/home/ubuntu/robot_ws/install/ydlidar_ros2_driver/share/ydlidar_ros2_driver/package.dsv'
[68.456s] INFO:colcon.colcon_core.shell:Creating package script '/home/ubuntu/robot_ws/install/ydlidar_ros2_driver/share/ydlidar_ros2_driver/package.sh'
[68.458s] INFO:colcon.colcon_core.shell:Creating package script '/home/ubuntu/robot_ws/install/ydlidar_ros2_driver/share/ydlidar_ros2_driver/package.bash'
[68.459s] INFO:colcon.colcon_core.shell:Creating package script '/home/ubuntu/robot_ws/install/ydlidar_ros2_driver/share/ydlidar_ros2_driver/package.zsh'
[68.461s] Level 1:colcon.colcon_core.environment:create_file_with_runtime_dependencies(/home/ubuntu/robot_ws/install/ydlidar_ros2_driver/share/colcon-core/packages/ydlidar_ros2_driver)
[68.768s] Level 1:colcon.colcon_core.environment:create_environment_scripts_only(ydlidar_ros2_driver)
[68.942s] Level 1:colcon.colcon_core.environment:checking '/home/ubuntu/robot_ws/install/ydlidar_ros2_driver' for CMake module files
[68.945s] Level 1:colcon.colcon_core.environment:checking '/home/ubuntu/robot_ws/install/ydlidar_ros2_driver' for CMake config files
[68.946s] Level 1:colcon.colcon_core.shell:create_environment_hook('ydlidar_ros2_driver', 'cmake_prefix_path')
[69.109s] INFO:colcon.colcon_core.shell:Creating environment hook '/home/ubuntu/robot_ws/install/ydlidar_ros2_driver/share/ydlidar_ros2_driver/hook/cmake_prefix_path.ps1'
[69.111s] INFO:colcon.colcon_core.shell:Creating environment descriptor '/home/ubuntu/robot_ws/install/ydlidar_ros2_driver/share/ydlidar_ros2_driver/hook/cmake_prefix_path.dsv'
[69.113s] INFO:colcon.colcon_core.shell:Creating environment hook '/home/ubuntu/robot_ws/install/ydlidar_ros2_driver/share/ydlidar_ros2_driver/hook/cmake_prefix_path.sh'
[69.115s] Level 1:colcon.colcon_core.environment:checking '/home/ubuntu/robot_ws/install/ydlidar_ros2_driver/lib'
[69.116s] Level 1:colcon.colcon_core.environment:checking '/home/ubuntu/robot_ws/install/ydlidar_ros2_driver/bin'
[69.116s] Level 1:colcon.colcon_core.environment:checking '/home/ubuntu/robot_ws/install/ydlidar_ros2_driver/lib/pkgconfig/ydlidar_ros2_driver.pc'
[69.117s] Level 1:colcon.colcon_core.environment:checking '/home/ubuntu/robot_ws/install/ydlidar_ros2_driver/lib/python3.8/site-packages'
[69.118s] Level 1:colcon.colcon_core.environment:checking '/home/ubuntu/robot_ws/install/ydlidar_ros2_driver/bin'
[69.280s] INFO:colcon.colcon_core.shell:Creating package script '/home/ubuntu/robot_ws/install/ydlidar_ros2_driver/share/ydlidar_ros2_driver/package.ps1'
[69.283s] INFO:colcon.colcon_core.shell:Creating package descriptor '/home/ubuntu/robot_ws/install/ydlidar_ros2_driver/share/ydlidar_ros2_driver/package.dsv'
[69.285s] INFO:colcon.colcon_core.shell:Creating package script '/home/ubuntu/robot_ws/install/ydlidar_ros2_driver/share/ydlidar_ros2_driver/package.sh'
[69.287s] INFO:colcon.colcon_core.shell:Creating package script '/home/ubuntu/robot_ws/install/ydlidar_ros2_driver/share/ydlidar_ros2_driver/package.bash'
[69.289s] INFO:colcon.colcon_core.shell:Creating package script '/home/ubuntu/robot_ws/install/ydlidar_ros2_driver/share/ydlidar_ros2_driver/package.zsh'
[69.291s] Level 1:colcon.colcon_core.environment:create_file_with_runtime_dependencies(/home/ubuntu/robot_ws/install/ydlidar_ros2_driver/share/colcon-core/packages/ydlidar_ros2_driver)
[69.292s] DEBUG:colcon.colcon_parallel_executor.executor.parallel:closing loop
[69.293s] DEBUG:colcon.colcon_parallel_executor.executor.parallel:loop closed
[69.293s] DEBUG:colcon.colcon_parallel_executor.executor.parallel:run_until_complete finished with '0'
[69.294s] DEBUG:colcon.colcon_core.event_reactor:joining thread
[69.509s] INFO:colcon.colcon_core.plugin_system:Skipping extension 'colcon_notification.desktop_notification.terminal_notifier': Not used on non-Darwin systems
[69.509s] INFO:colcon.colcon_core.plugin_system:Skipping extension 'colcon_notification.desktop_notification.win32': Not used on non-Windows systems
[69.510s] INFO:colcon.colcon_notification.desktop_notification:Sending desktop notification using 'notify2'
[69.587s] DEBUG:colcon.colcon_core.event_reactor:joined thread
[69.825s] INFO:colcon.colcon_core.shell:Creating prefix script '/home/ubuntu/robot_ws/install/local_setup.ps1'
[69.831s] INFO:colcon.colcon_core.shell:Creating prefix util module '/home/ubuntu/robot_ws/install/_local_setup_util_ps1.py'
[69.836s] INFO:colcon.colcon_core.shell:Creating prefix chain script '/home/ubuntu/robot_ws/install/setup.ps1'
[70.022s] INFO:colcon.colcon_core.shell:Creating prefix script '/home/ubuntu/robot_ws/install/local_setup.sh'
[70.027s] INFO:colcon.colcon_core.shell:Creating prefix util module '/home/ubuntu/robot_ws/install/_local_setup_util_sh.py'
[70.031s] INFO:colcon.colcon_core.shell:Creating prefix chain script '/home/ubuntu/robot_ws/install/setup.sh'
[70.199s] INFO:colcon.colcon_core.shell:Creating prefix script '/home/ubuntu/robot_ws/install/local_setup.bash'
[70.203s] INFO:colcon.colcon_core.shell:Creating prefix chain script '/home/ubuntu/robot_ws/install/setup.bash'
[70.366s] INFO:colcon.colcon_core.shell:Creating prefix script '/home/ubuntu/robot_ws/install/local_setup.zsh'
[70.369s] INFO:colcon.colcon_core.shell:Creating prefix chain script '/home/ubuntu/robot_ws/install/setup.zsh'
