[2.280s] Invoking command in '/home/ubuntu/robot_ws/build/serial_motor_demo_msgs': CMAKE_PREFIX_PATH=${CMAKE_PREFIX_PATH}:/home/ubuntu/robot_ws/install/serial_motor_demo:/home/ubuntu/robot_ws/install/joy_tester:/opt/ros/foxy /usr/bin/cmake --build /home/ubuntu/robot_ws/build/serial_motor_demo_msgs -- -j4 -l4
[4.412s] [  2%] Built target serial_motor_demo_msgs__cpp
[4.415s] [ 12%] Built target serial_motor_demo_msgs__rosidl_generator_c
[4.416s] [ 23%] Built target serial_motor_demo_msgs__rosidl_typesupport_introspection_cpp
[4.417s] [ 34%] Built target serial_motor_demo_msgs__rosidl_typesupport_fastrtps_cpp
[4.417s] [ 46%] Built target serial_motor_demo_msgs__rosidl_typesupport_introspection_c
[4.418s] [ 55%] Built target serial_motor_demo_msgs__rosidl_typesupport_cpp
[4.419s] [ 65%] Built target serial_motor_demo_msgs__rosidl_typesupport_c
[4.419s] [ 76%] Built target serial_motor_demo_msgs__rosidl_typesupport_fastrtps_c
[4.419s] [ 76%] Built target serial_motor_demo_msgs
[4.420s] [ 78%] Built target serial_motor_demo_msgs__py
[4.421s] [ 87%] Built target serial_motor_demo_msgs__python
[4.424s] [ 95%] Built target serial_motor_demo_msgs__rosidl_typesupport_fastrtps_c__pyext
[4.425s] [ 95%] Built target serial_motor_demo_msgs__rosidl_typesupport_introspection_c__pyext
[4.426s] [100%] Built target serial_motor_demo_msgs__rosidl_typesupport_c__pyext
[4.450s] Invoked command in '/home/ubuntu/robot_ws/build/serial_motor_demo_msgs' returned '0': CMAKE_PREFIX_PATH=${CMAKE_PREFIX_PATH}:/home/ubuntu/robot_ws/install/serial_motor_demo:/home/ubuntu/robot_ws/install/joy_tester:/opt/ros/foxy /usr/bin/cmake --build /home/ubuntu/robot_ws/build/serial_motor_demo_msgs -- -j4 -l4
[6.610s] Invoking command in '/home/ubuntu/robot_ws/build/serial_motor_demo_msgs': CMAKE_PREFIX_PATH=${CMAKE_PREFIX_PATH}:/home/ubuntu/robot_ws/install/serial_motor_demo:/home/ubuntu/robot_ws/install/joy_tester:/opt/ros/foxy /usr/bin/cmake --install /home/ubuntu/robot_ws/build/serial_motor_demo_msgs
[6.651s] -- Install configuration: ""
[6.653s] -- Execute custom install script
[6.655s] -- Up-to-date symlink: /home/ubuntu/robot_ws/install/serial_motor_demo_msgs/share/ament_index/resource_index/rosidl_interfaces/serial_motor_demo_msgs
[6.661s] -- Up-to-date symlink: /home/ubuntu/robot_ws/install/serial_motor_demo_msgs/include/serial_motor_demo_msgs/msg/detail/encoder_vals__functions.h
[6.667s] -- Up-to-date symlink: /home/ubuntu/robot_ws/install/serial_motor_demo_msgs/include/serial_motor_demo_msgs/msg/detail/encoder_vals__struct.h
[6.672s] -- Up-to-date symlink: /home/ubuntu/robot_ws/install/serial_motor_demo_msgs/include/serial_motor_demo_msgs/msg/detail/encoder_vals__type_support.h
[6.674s] -- Up-to-date symlink: /home/ubuntu/robot_ws/install/serial_motor_demo_msgs/include/serial_motor_demo_msgs/msg/detail/motor_command__functions.h
[6.674s] -- Up-to-date symlink: /home/ubuntu/robot_ws/install/serial_motor_demo_msgs/include/serial_motor_demo_msgs/msg/detail/motor_command__struct.h
[6.675s] -- Up-to-date symlink: /home/ubuntu/robot_ws/install/serial_motor_demo_msgs/include/serial_motor_demo_msgs/msg/detail/motor_command__type_support.h
[6.675s] -- Up-to-date symlink: /home/ubuntu/robot_ws/install/serial_motor_demo_msgs/include/serial_motor_demo_msgs/msg/detail/motor_vels__functions.h
[6.676s] -- Up-to-date symlink: /home/ubuntu/robot_ws/install/serial_motor_demo_msgs/include/serial_motor_demo_msgs/msg/detail/motor_vels__struct.h
[6.677s] -- Up-to-date symlink: /home/ubuntu/robot_ws/install/serial_motor_demo_msgs/include/serial_motor_demo_msgs/msg/detail/motor_vels__type_support.h
[6.677s] -- Up-to-date symlink: /home/ubuntu/robot_ws/install/serial_motor_demo_msgs/include/serial_motor_demo_msgs/msg/encoder_vals.h
[6.677s] -- Up-to-date symlink: /home/ubuntu/robot_ws/install/serial_motor_demo_msgs/include/serial_motor_demo_msgs/msg/motor_command.h
[6.678s] -- Up-to-date symlink: /home/ubuntu/robot_ws/install/serial_motor_demo_msgs/include/serial_motor_demo_msgs/msg/motor_vels.h
[6.679s] -- Up-to-date symlink: /home/ubuntu/robot_ws/install/serial_motor_demo_msgs/include/serial_motor_demo_msgs/msg/rosidl_generator_c__visibility_control.h
[6.679s] -- Up-to-date symlink: /home/ubuntu/robot_ws/install/serial_motor_demo_msgs/share/serial_motor_demo_msgs/environment/library_path.sh
[6.679s] -- Up-to-date symlink: /home/ubuntu/robot_ws/install/serial_motor_demo_msgs/share/serial_motor_demo_msgs/environment/library_path.dsv
[6.690s] -- Up-to-date symlink: /home/ubuntu/robot_ws/install/serial_motor_demo_msgs/include/serial_motor_demo_msgs/msg/detail/encoder_vals__rosidl_typesupport_fastrtps_c.h
[6.694s] -- Up-to-date symlink: /home/ubuntu/robot_ws/install/serial_motor_demo_msgs/include/serial_motor_demo_msgs/msg/detail/motor_command__rosidl_typesupport_fastrtps_c.h
[6.702s] -- Up-to-date symlink: /home/ubuntu/robot_ws/install/serial_motor_demo_msgs/include/serial_motor_demo_msgs/msg/detail/motor_vels__rosidl_typesupport_fastrtps_c.h
[6.706s] -- Up-to-date symlink: /home/ubuntu/robot_ws/install/serial_motor_demo_msgs/include/serial_motor_demo_msgs/msg/rosidl_typesupport_fastrtps_c__visibility_control.h
[6.709s] -- Up-to-date symlink: /home/ubuntu/robot_ws/install/serial_motor_demo_msgs/lib/libserial_motor_demo_msgs__rosidl_typesupport_fastrtps_c.so
[6.710s] -- Up-to-date symlink: /home/ubuntu/robot_ws/install/serial_motor_demo_msgs/include/serial_motor_demo_msgs/msg/detail/encoder_vals__rosidl_typesupport_fastrtps_cpp.hpp
[6.712s] -- Up-to-date symlink: /home/ubuntu/robot_ws/install/serial_motor_demo_msgs/include/serial_motor_demo_msgs/msg/detail/motor_command__rosidl_typesupport_fastrtps_cpp.hpp
[6.715s] -- Up-to-date symlink: /home/ubuntu/robot_ws/install/serial_motor_demo_msgs/include/serial_motor_demo_msgs/msg/detail/motor_vels__rosidl_typesupport_fastrtps_cpp.hpp
[6.717s] -- Up-to-date symlink: /home/ubuntu/robot_ws/install/serial_motor_demo_msgs/include/serial_motor_demo_msgs/msg/rosidl_typesupport_fastrtps_cpp__visibility_control.h
[6.720s] -- Up-to-date symlink: /home/ubuntu/robot_ws/install/serial_motor_demo_msgs/lib/libserial_motor_demo_msgs__rosidl_typesupport_fastrtps_cpp.so
[6.721s] -- Up-to-date symlink: /home/ubuntu/robot_ws/install/serial_motor_demo_msgs/include/serial_motor_demo_msgs/msg/detail/encoder_vals__rosidl_typesupport_introspection_c.h
[6.723s] -- Up-to-date symlink: /home/ubuntu/robot_ws/install/serial_motor_demo_msgs/include/serial_motor_demo_msgs/msg/detail/motor_command__rosidl_typesupport_introspection_c.h
[6.726s] -- Up-to-date symlink: /home/ubuntu/robot_ws/install/serial_motor_demo_msgs/include/serial_motor_demo_msgs/msg/detail/motor_vels__rosidl_typesupport_introspection_c.h
[6.727s] -- Up-to-date symlink: /home/ubuntu/robot_ws/install/serial_motor_demo_msgs/include/serial_motor_demo_msgs/msg/rosidl_typesupport_introspection_c__visibility_control.h
[6.734s] -- Up-to-date symlink: /home/ubuntu/robot_ws/install/serial_motor_demo_msgs/include/serial_motor_demo_msgs/msg/detail/encoder_vals__builder.hpp
[6.738s] -- Up-to-date symlink: /home/ubuntu/robot_ws/install/serial_motor_demo_msgs/include/serial_motor_demo_msgs/msg/detail/encoder_vals__struct.hpp
[6.741s] -- Up-to-date symlink: /home/ubuntu/robot_ws/install/serial_motor_demo_msgs/include/serial_motor_demo_msgs/msg/detail/encoder_vals__traits.hpp
[6.744s] -- Up-to-date symlink: /home/ubuntu/robot_ws/install/serial_motor_demo_msgs/include/serial_motor_demo_msgs/msg/detail/encoder_vals__type_support.hpp
[6.746s] -- Up-to-date symlink: /home/ubuntu/robot_ws/install/serial_motor_demo_msgs/include/serial_motor_demo_msgs/msg/detail/motor_command__builder.hpp
[6.748s] -- Up-to-date symlink: /home/ubuntu/robot_ws/install/serial_motor_demo_msgs/include/serial_motor_demo_msgs/msg/detail/motor_command__struct.hpp
[6.749s] -- Up-to-date symlink: /home/ubuntu/robot_ws/install/serial_motor_demo_msgs/include/serial_motor_demo_msgs/msg/detail/motor_command__traits.hpp
[6.750s] -- Up-to-date symlink: /home/ubuntu/robot_ws/install/serial_motor_demo_msgs/include/serial_motor_demo_msgs/msg/detail/motor_command__type_support.hpp
[6.750s] -- Up-to-date symlink: /home/ubuntu/robot_ws/install/serial_motor_demo_msgs/include/serial_motor_demo_msgs/msg/detail/motor_vels__builder.hpp
[6.751s] -- Up-to-date symlink: /home/ubuntu/robot_ws/install/serial_motor_demo_msgs/include/serial_motor_demo_msgs/msg/detail/motor_vels__struct.hpp
[6.752s] -- Up-to-date symlink: /home/ubuntu/robot_ws/install/serial_motor_demo_msgs/include/serial_motor_demo_msgs/msg/detail/motor_vels__traits.hpp
[6.756s] -- Up-to-date symlink: /home/ubuntu/robot_ws/install/serial_motor_demo_msgs/include/serial_motor_demo_msgs/msg/detail/motor_vels__type_support.hpp
[6.758s] -- Up-to-date symlink: /home/ubuntu/robot_ws/install/serial_motor_demo_msgs/include/serial_motor_demo_msgs/msg/encoder_vals.hpp
[6.759s] -- Up-to-date symlink: /home/ubuntu/robot_ws/install/serial_motor_demo_msgs/include/serial_motor_demo_msgs/msg/motor_command.hpp
[6.760s] -- Up-to-date symlink: /home/ubuntu/robot_ws/install/serial_motor_demo_msgs/include/serial_motor_demo_msgs/msg/motor_vels.hpp
[6.761s] -- Up-to-date symlink: /home/ubuntu/robot_ws/install/serial_motor_demo_msgs/include/serial_motor_demo_msgs/msg/rosidl_generator_cpp__visibility_control.hpp
[6.761s] -- Up-to-date symlink: /home/ubuntu/robot_ws/install/serial_motor_demo_msgs/include/serial_motor_demo_msgs/msg/detail/encoder_vals__rosidl_typesupport_introspection_cpp.hpp
[6.762s] -- Up-to-date symlink: /home/ubuntu/robot_ws/install/serial_motor_demo_msgs/include/serial_motor_demo_msgs/msg/detail/motor_command__rosidl_typesupport_introspection_cpp.hpp
[6.764s] -- Up-to-date symlink: /home/ubuntu/robot_ws/install/serial_motor_demo_msgs/include/serial_motor_demo_msgs/msg/detail/motor_vels__rosidl_typesupport_introspection_cpp.hpp
[6.764s] -- Up-to-date symlink: /home/ubuntu/robot_ws/install/serial_motor_demo_msgs/share/serial_motor_demo_msgs/environment/pythonpath.sh
[6.766s] -- Up-to-date symlink: /home/ubuntu/robot_ws/install/serial_motor_demo_msgs/share/serial_motor_demo_msgs/environment/pythonpath.dsv
[6.767s] -- Up-to-date symlink: /home/ubuntu/robot_ws/install/serial_motor_demo_msgs/lib/python3.8/site-packages/serial_motor_demo_msgs/__init__.py
[6.769s] -- Up-to-date symlink: /home/ubuntu/robot_ws/install/serial_motor_demo_msgs/lib/python3.8/site-packages/serial_motor_demo_msgs/msg/__init__.py
[6.772s] -- Up-to-date symlink: /home/ubuntu/robot_ws/install/serial_motor_demo_msgs/lib/python3.8/site-packages/serial_motor_demo_msgs/msg/_encoder_vals.py
[6.773s] -- Up-to-date symlink: /home/ubuntu/robot_ws/install/serial_motor_demo_msgs/lib/python3.8/site-packages/serial_motor_demo_msgs/msg/_motor_command.py
[6.775s] -- Up-to-date symlink: /home/ubuntu/robot_ws/install/serial_motor_demo_msgs/lib/python3.8/site-packages/serial_motor_demo_msgs/msg/_motor_vels.py
[6.778s] -- Up-to-date symlink: /home/ubuntu/robot_ws/install/serial_motor_demo_msgs/lib/python3.8/site-packages/serial_motor_demo_msgs/serial_motor_demo_msgs_s__rosidl_typesupport_fastrtps_c.cpython-38-aarch64-linux-gnu.so
[6.782s] -- Up-to-date symlink: /home/ubuntu/robot_ws/install/serial_motor_demo_msgs/lib/python3.8/site-packages/serial_motor_demo_msgs/serial_motor_demo_msgs_s__rosidl_typesupport_introspection_c.cpython-38-aarch64-linux-gnu.so
[6.784s] -- Up-to-date symlink: /home/ubuntu/robot_ws/install/serial_motor_demo_msgs/lib/python3.8/site-packages/serial_motor_demo_msgs/serial_motor_demo_msgs_s__rosidl_typesupport_c.cpython-38-aarch64-linux-gnu.so
[6.786s] -- Up-to-date symlink: /home/ubuntu/robot_ws/install/serial_motor_demo_msgs/lib/libserial_motor_demo_msgs__python.so
[6.786s] -- Up-to-date symlink: /home/ubuntu/robot_ws/install/serial_motor_demo_msgs/share/serial_motor_demo_msgs/msg/MotorCommand.idl
[6.787s] -- Up-to-date symlink: /home/ubuntu/robot_ws/install/serial_motor_demo_msgs/share/serial_motor_demo_msgs/msg/MotorVels.idl
[6.787s] -- Up-to-date symlink: /home/ubuntu/robot_ws/install/serial_motor_demo_msgs/share/serial_motor_demo_msgs/msg/EncoderVals.idl
[6.788s] -- Up-to-date symlink: /home/ubuntu/robot_ws/install/serial_motor_demo_msgs/share/serial_motor_demo_msgs/msg/MotorCommand.msg
[6.788s] -- Up-to-date symlink: /home/ubuntu/robot_ws/install/serial_motor_demo_msgs/share/serial_motor_demo_msgs/msg/MotorVels.msg
[6.789s] -- Up-to-date symlink: /home/ubuntu/robot_ws/install/serial_motor_demo_msgs/share/serial_motor_demo_msgs/msg/EncoderVals.msg
[6.789s] -- Up-to-date symlink: /home/ubuntu/robot_ws/install/serial_motor_demo_msgs/share/ament_index/resource_index/package_run_dependencies/serial_motor_demo_msgs
[6.789s] -- Up-to-date symlink: /home/ubuntu/robot_ws/install/serial_motor_demo_msgs/share/ament_index/resource_index/parent_prefix_path/serial_motor_demo_msgs
[6.790s] -- Up-to-date symlink: /home/ubuntu/robot_ws/install/serial_motor_demo_msgs/share/serial_motor_demo_msgs/environment/ament_prefix_path.sh
[6.791s] -- Up-to-date symlink: /home/ubuntu/robot_ws/install/serial_motor_demo_msgs/share/serial_motor_demo_msgs/environment/ament_prefix_path.dsv
[6.791s] -- Up-to-date symlink: /home/ubuntu/robot_ws/install/serial_motor_demo_msgs/share/serial_motor_demo_msgs/environment/path.sh
[6.792s] -- Up-to-date symlink: /home/ubuntu/robot_ws/install/serial_motor_demo_msgs/share/serial_motor_demo_msgs/environment/path.dsv
[6.794s] -- Up-to-date symlink: /home/ubuntu/robot_ws/install/serial_motor_demo_msgs/share/serial_motor_demo_msgs/local_setup.bash
[6.798s] -- Up-to-date symlink: /home/ubuntu/robot_ws/install/serial_motor_demo_msgs/share/serial_motor_demo_msgs/local_setup.sh
[6.799s] -- Up-to-date symlink: /home/ubuntu/robot_ws/install/serial_motor_demo_msgs/share/serial_motor_demo_msgs/local_setup.zsh
[6.802s] -- Up-to-date symlink: /home/ubuntu/robot_ws/install/serial_motor_demo_msgs/share/serial_motor_demo_msgs/local_setup.dsv
[6.805s] -- Symlinking: /home/ubuntu/robot_ws/install/serial_motor_demo_msgs/share/serial_motor_demo_msgs/package.dsv
[6.825s] -- Up-to-date symlink: /home/ubuntu/robot_ws/install/serial_motor_demo_msgs/share/ament_index/resource_index/packages/serial_motor_demo_msgs
[6.831s] -- Up-to-date symlink: /home/ubuntu/robot_ws/install/serial_motor_demo_msgs/share/serial_motor_demo_msgs/cmake/rosidl_cmake-extras.cmake
[6.836s] -- Up-to-date symlink: /home/ubuntu/robot_ws/install/serial_motor_demo_msgs/share/serial_motor_demo_msgs/cmake/ament_cmake_export_dependencies-extras.cmake
[6.844s] -- Up-to-date symlink: /home/ubuntu/robot_ws/install/serial_motor_demo_msgs/share/serial_motor_demo_msgs/cmake/ament_cmake_export_libraries-extras.cmake
[6.849s] -- Up-to-date symlink: /home/ubuntu/robot_ws/install/serial_motor_demo_msgs/share/serial_motor_demo_msgs/cmake/ament_cmake_export_targets-extras.cmake
[6.853s] -- Up-to-date symlink: /home/ubuntu/robot_ws/install/serial_motor_demo_msgs/share/serial_motor_demo_msgs/cmake/ament_cmake_export_include_directories-extras.cmake
[6.856s] -- Up-to-date symlink: /home/ubuntu/robot_ws/install/serial_motor_demo_msgs/share/serial_motor_demo_msgs/cmake/rosidl_cmake_export_typesupport_libraries-extras.cmake
[6.858s] -- Up-to-date symlink: /home/ubuntu/robot_ws/install/serial_motor_demo_msgs/share/serial_motor_demo_msgs/cmake/rosidl_cmake_export_typesupport_targets-extras.cmake
[6.862s] -- Up-to-date symlink: /home/ubuntu/robot_ws/install/serial_motor_demo_msgs/share/serial_motor_demo_msgs/cmake/serial_motor_demo_msgsConfig.cmake
[6.865s] -- Up-to-date symlink: /home/ubuntu/robot_ws/install/serial_motor_demo_msgs/share/serial_motor_demo_msgs/cmake/serial_motor_demo_msgsConfig-version.cmake
[6.869s] -- Up-to-date symlink: /home/ubuntu/robot_ws/install/serial_motor_demo_msgs/share/serial_motor_demo_msgs/package.xml
[6.872s] -- Up-to-date: /home/ubuntu/robot_ws/install/serial_motor_demo_msgs/lib/libserial_motor_demo_msgs__rosidl_generator_c.so
[6.875s] -- Up-to-date: /home/ubuntu/robot_ws/install/serial_motor_demo_msgs/lib/libserial_motor_demo_msgs__rosidl_typesupport_introspection_c.so
[6.876s] -- Up-to-date: /home/ubuntu/robot_ws/install/serial_motor_demo_msgs/lib/libserial_motor_demo_msgs__rosidl_typesupport_c.so
[6.879s] -- Up-to-date: /home/ubuntu/robot_ws/install/serial_motor_demo_msgs/lib/libserial_motor_demo_msgs__rosidl_typesupport_introspection_cpp.so
[6.882s] -- Up-to-date: /home/ubuntu/robot_ws/install/serial_motor_demo_msgs/lib/libserial_motor_demo_msgs__rosidl_typesupport_cpp.so
[7.038s] -- Up-to-date: /home/ubuntu/robot_ws/install/serial_motor_demo_msgs/share/serial_motor_demo_msgs/cmake/serial_motor_demo_msgs__rosidl_generator_cExport.cmake
[7.039s] -- Up-to-date: /home/ubuntu/robot_ws/install/serial_motor_demo_msgs/share/serial_motor_demo_msgs/cmake/serial_motor_demo_msgs__rosidl_generator_cExport-noconfig.cmake
[7.041s] -- Up-to-date: /home/ubuntu/robot_ws/install/serial_motor_demo_msgs/share/serial_motor_demo_msgs/cmake/serial_motor_demo_msgs__rosidl_typesupport_introspection_cExport.cmake
[7.043s] -- Up-to-date: /home/ubuntu/robot_ws/install/serial_motor_demo_msgs/share/serial_motor_demo_msgs/cmake/serial_motor_demo_msgs__rosidl_typesupport_introspection_cExport-noconfig.cmake
[7.045s] -- Up-to-date: /home/ubuntu/robot_ws/install/serial_motor_demo_msgs/share/serial_motor_demo_msgs/cmake/serial_motor_demo_msgs__rosidl_typesupport_cExport.cmake
[7.047s] -- Up-to-date: /home/ubuntu/robot_ws/install/serial_motor_demo_msgs/share/serial_motor_demo_msgs/cmake/serial_motor_demo_msgs__rosidl_typesupport_cExport-noconfig.cmake
[7.052s] -- Up-to-date: /home/ubuntu/robot_ws/install/serial_motor_demo_msgs/share/serial_motor_demo_msgs/cmake/serial_motor_demo_msgs__rosidl_generator_cppExport.cmake
[7.053s] -- Up-to-date: /home/ubuntu/robot_ws/install/serial_motor_demo_msgs/share/serial_motor_demo_msgs/cmake/serial_motor_demo_msgs__rosidl_typesupport_introspection_cppExport.cmake
[7.055s] -- Up-to-date: /home/ubuntu/robot_ws/install/serial_motor_demo_msgs/share/serial_motor_demo_msgs/cmake/serial_motor_demo_msgs__rosidl_typesupport_introspection_cppExport-noconfig.cmake
[7.057s] -- Up-to-date: /home/ubuntu/robot_ws/install/serial_motor_demo_msgs/share/serial_motor_demo_msgs/cmake/serial_motor_demo_msgs__rosidl_typesupport_cppExport.cmake
[7.058s] -- Up-to-date: /home/ubuntu/robot_ws/install/serial_motor_demo_msgs/share/serial_motor_demo_msgs/cmake/serial_motor_demo_msgs__rosidl_typesupport_cppExport-noconfig.cmake
[8.466s] Invoked command in '/home/ubuntu/robot_ws/build/serial_motor_demo_msgs' returned '0': CMAKE_PREFIX_PATH=${CMAKE_PREFIX_PATH}:/home/ubuntu/robot_ws/install/serial_motor_demo:/home/ubuntu/robot_ws/install/joy_tester:/opt/ros/foxy /usr/bin/cmake --install /home/ubuntu/robot_ws/build/serial_motor_demo_msgs
