[6.370s] Invoking command in '/home/ubuntu/robot_ws/build/ydlidar_ros2_driver': CMAKE_PREFIX_PATH=${CMAKE_PREFIX_PATH}:/home/ubuntu/robot_ws/install/serial_motor_demo:/home/ubuntu/robot_ws/install/joy_tester:/opt/ros/foxy /usr/bin/cmake --build /home/ubuntu/robot_ws/build/ydlidar_ros2_driver -- -j4 -l4
[8.234s] [ 50%] Built target ydlidar_ros2_driver_client
[8.238s] [100%] Built target ydlidar_ros2_driver_node
[9.110s] Invoked command in '/home/ubuntu/robot_ws/build/ydlidar_ros2_driver' returned '0': CMAKE_PREFIX_PATH=${CMAKE_PREFIX_PATH}:/home/ubuntu/robot_ws/install/serial_motor_demo:/home/ubuntu/robot_ws/install/joy_tester:/opt/ros/foxy /usr/bin/cmake --build /home/ubuntu/robot_ws/build/ydlidar_ros2_driver -- -j4 -l4
[11.236s] Invoking command in '/home/ubuntu/robot_ws/build/ydlidar_ros2_driver': CMAKE_PREFIX_PATH=${CMAKE_PREFIX_PATH}:/home/ubuntu/robot_ws/install/serial_motor_demo:/home/ubuntu/robot_ws/install/joy_tester:/opt/ros/foxy /usr/bin/cmake --install /home/ubuntu/robot_ws/build/ydlidar_ros2_driver
[11.289s] -- Install configuration: ""
[11.291s] -- Execute custom install script
[11.293s] -- Up-to-date symlink: /home/ubuntu/robot_ws/install/ydlidar_ros2_driver/lib/ydlidar_ros2_driver/ydlidar_ros2_driver_node
[11.295s] -- Up-to-date symlink: /home/ubuntu/robot_ws/install/ydlidar_ros2_driver/lib/ydlidar_ros2_driver/ydlidar_ros2_driver_client
[11.297s] -- Up-to-date symlink: /home/ubuntu/robot_ws/install/ydlidar_ros2_driver/share/ydlidar_ros2_driver/launch/ydlidar.py
[11.298s] -- Up-to-date symlink: /home/ubuntu/robot_ws/install/ydlidar_ros2_driver/share/ydlidar_ros2_driver/launch/ydlidar_launch.py
[11.300s] -- Up-to-date symlink: /home/ubuntu/robot_ws/install/ydlidar_ros2_driver/share/ydlidar_ros2_driver/launch/ydlidar_launch_view.py
[11.303s] -- Up-to-date symlink: /home/ubuntu/robot_ws/install/ydlidar_ros2_driver/share/ydlidar_ros2_driver/params/G1.yaml
[11.306s] -- Up-to-date symlink: /home/ubuntu/robot_ws/install/ydlidar_ros2_driver/share/ydlidar_ros2_driver/params/G2.yaml
[11.309s] -- Up-to-date symlink: /home/ubuntu/robot_ws/install/ydlidar_ros2_driver/share/ydlidar_ros2_driver/params/G6.yaml
[11.310s] -- Up-to-date symlink: /home/ubuntu/robot_ws/install/ydlidar_ros2_driver/share/ydlidar_ros2_driver/params/TG.yaml
[11.314s] -- Up-to-date symlink: /home/ubuntu/robot_ws/install/ydlidar_ros2_driver/share/ydlidar_ros2_driver/params/TminiPro.yaml
[11.316s] -- Up-to-date symlink: /home/ubuntu/robot_ws/install/ydlidar_ros2_driver/share/ydlidar_ros2_driver/params/X2.yaml
[11.316s] -- Up-to-date symlink: /home/ubuntu/robot_ws/install/ydlidar_ros2_driver/share/ydlidar_ros2_driver/params/X4-Pro.yaml
[11.320s] -- Up-to-date symlink: /home/ubuntu/robot_ws/install/ydlidar_ros2_driver/share/ydlidar_ros2_driver/params/X4.yaml
[11.322s] -- Up-to-date symlink: /home/ubuntu/robot_ws/install/ydlidar_ros2_driver/share/ydlidar_ros2_driver/params/ydlidar.yaml
[11.322s] -- Up-to-date symlink: /home/ubuntu/robot_ws/install/ydlidar_ros2_driver/share/ydlidar_ros2_driver/startup/initenv.sh
[11.325s] -- Up-to-date symlink: /home/ubuntu/robot_ws/install/ydlidar_ros2_driver/share/ydlidar_ros2_driver/config/ydlidar.rviz
[11.326s] -- Up-to-date symlink: /home/ubuntu/robot_ws/install/ydlidar_ros2_driver/share/ament_index/resource_index/package_run_dependencies/ydlidar_ros2_driver
[11.328s] -- Up-to-date symlink: /home/ubuntu/robot_ws/install/ydlidar_ros2_driver/share/ament_index/resource_index/parent_prefix_path/ydlidar_ros2_driver
[11.330s] -- Up-to-date symlink: /home/ubuntu/robot_ws/install/ydlidar_ros2_driver/share/ydlidar_ros2_driver/environment/ament_prefix_path.sh
[11.333s] -- Up-to-date symlink: /home/ubuntu/robot_ws/install/ydlidar_ros2_driver/share/ydlidar_ros2_driver/environment/ament_prefix_path.dsv
[11.334s] -- Up-to-date symlink: /home/ubuntu/robot_ws/install/ydlidar_ros2_driver/share/ydlidar_ros2_driver/environment/path.sh
[11.337s] -- Up-to-date symlink: /home/ubuntu/robot_ws/install/ydlidar_ros2_driver/share/ydlidar_ros2_driver/environment/path.dsv
[11.338s] -- Up-to-date symlink: /home/ubuntu/robot_ws/install/ydlidar_ros2_driver/share/ydlidar_ros2_driver/local_setup.bash
[11.340s] -- Up-to-date symlink: /home/ubuntu/robot_ws/install/ydlidar_ros2_driver/share/ydlidar_ros2_driver/local_setup.sh
[11.342s] -- Up-to-date symlink: /home/ubuntu/robot_ws/install/ydlidar_ros2_driver/share/ydlidar_ros2_driver/local_setup.zsh
[11.343s] -- Up-to-date symlink: /home/ubuntu/robot_ws/install/ydlidar_ros2_driver/share/ydlidar_ros2_driver/local_setup.dsv
[11.345s] -- Symlinking: /home/ubuntu/robot_ws/install/ydlidar_ros2_driver/share/ydlidar_ros2_driver/package.dsv
[11.391s] -- Up-to-date symlink: /home/ubuntu/robot_ws/install/ydlidar_ros2_driver/share/ament_index/resource_index/packages/ydlidar_ros2_driver
[11.394s] -- Up-to-date symlink: /home/ubuntu/robot_ws/install/ydlidar_ros2_driver/share/ydlidar_ros2_driver/cmake/ydlidar_ros2_driverConfig.cmake
[11.396s] -- Up-to-date symlink: /home/ubuntu/robot_ws/install/ydlidar_ros2_driver/share/ydlidar_ros2_driver/cmake/ydlidar_ros2_driverConfig-version.cmake
[11.399s] -- Up-to-date symlink: /home/ubuntu/robot_ws/install/ydlidar_ros2_driver/share/ydlidar_ros2_driver/package.xml
[11.410s] Invoked command in '/home/ubuntu/robot_ws/build/ydlidar_ros2_driver' returned '0': CMAKE_PREFIX_PATH=${CMAKE_PREFIX_PATH}:/home/ubuntu/robot_ws/install/serial_motor_demo:/home/ubuntu/robot_ws/install/joy_tester:/opt/ros/foxy /usr/bin/cmake --install /home/ubuntu/robot_ws/build/ydlidar_ros2_driver
