[4.122s] Invoking command in '/home/ubuntu/robot_ws/build/ydlidar_sdk': /usr/bin/cmake --build /home/ubuntu/robot_ws/build/ydlidar_sdk -- -j4 -l4
[4.498s] [ 42%] Built target ydlidar_sdk
[4.694s] [ 47%] Built target gs_ota
[4.755s] [ 52%] Built target tri_test
[4.770s] [ 57%] Built target et_test
[4.796s] [ 61%] Built target sdm_test
[4.935s] [ 66%] Built target tri_restart
[4.949s] [ 71%] Built target gs_test
[5.003s] [ 76%] Built target tof_test
[5.077s] [ 80%] Built target tri_and_gs_test
[5.133s] [ 85%] Built target lidar_c_api_test
[5.220s] [ 90%] Built target tmini_test
[5.241s] [ 95%] Built target scl_test
[5.277s] [100%] Built target tea_test
[6.723s] Invoked command in '/home/ubuntu/robot_ws/build/ydlidar_sdk' returned '0': /usr/bin/cmake --build /home/ubuntu/robot_ws/build/ydlidar_sdk -- -j4 -l4
[10.002s] Invoking command in '/home/ubuntu/robot_ws/build/ydlidar_sdk': /usr/bin/cmake --install /home/ubuntu/robot_ws/build/ydlidar_sdk
[10.069s] -- Install configuration: ""
[10.070s] -- Up-to-date: /home/ubuntu/robot_ws/install/ydlidar_sdk/include/core/base/datatype.h
[10.072s] -- Up-to-date: /home/ubuntu/robot_ws/install/ydlidar_sdk/include/core/base/locker.h
[10.073s] -- Up-to-date: /home/ubuntu/robot_ws/install/ydlidar_sdk/include/core/base/thread.h
[10.074s] -- Up-to-date: /home/ubuntu/robot_ws/install/ydlidar_sdk/include/core/base/timer.h
[10.075s] -- Up-to-date: /home/ubuntu/robot_ws/install/ydlidar_sdk/include/core/base/typedef.h
[10.078s] -- Up-to-date: /home/ubuntu/robot_ws/install/ydlidar_sdk/include/core/base/utils.h
[10.080s] -- Up-to-date: /home/ubuntu/robot_ws/install/ydlidar_sdk/include/core/base/v8stdint.h
[10.081s] -- Up-to-date: /home/ubuntu/robot_ws/install/ydlidar_sdk/include/core/base/ydlidar.h
[10.082s] -- Up-to-date: /home/ubuntu/robot_ws/install/ydlidar_sdk/include/core/common/ChannelDevice.h
[10.084s] -- Up-to-date: /home/ubuntu/robot_ws/install/ydlidar_sdk/include/core/common/DriverInterface.h
[10.088s] -- Up-to-date: /home/ubuntu/robot_ws/install/ydlidar_sdk/include/core/common/ydlidar_datatype.h
[10.098s] -- Up-to-date: /home/ubuntu/robot_ws/install/ydlidar_sdk/include/core/common/ydlidar_def.h
[10.099s] -- Up-to-date: /home/ubuntu/robot_ws/install/ydlidar_sdk/include/core/common/ydlidar_help.h
[10.100s] -- Up-to-date: /home/ubuntu/robot_ws/install/ydlidar_sdk/include/core/common/ydlidar_protocol.h
[10.102s] -- Up-to-date: /home/ubuntu/robot_ws/install/ydlidar_sdk/include/core/math/angles.h
[10.103s] -- Up-to-date: /home/ubuntu/robot_ws/install/ydlidar_sdk/include/core/network/ActiveSocket.h
[10.110s] -- Up-to-date: /home/ubuntu/robot_ws/install/ydlidar_sdk/include/core/network/PassiveSocket.h
[10.111s] -- Up-to-date: /home/ubuntu/robot_ws/install/ydlidar_sdk/include/core/network/SimpleSocket.h
[10.112s] -- Up-to-date: /home/ubuntu/robot_ws/install/ydlidar_sdk/include/core/network/StatTimer.h
[10.113s] -- Up-to-date: /home/ubuntu/robot_ws/install/ydlidar_sdk/include/core/serial/common.h
[10.115s] -- Up-to-date: /home/ubuntu/robot_ws/install/ydlidar_sdk/include/core/serial/serial.h
[10.115s] -- Up-to-date: /home/ubuntu/robot_ws/install/ydlidar_sdk/include/core/serial/impl/unix/lock.h
[10.116s] -- Up-to-date: /home/ubuntu/robot_ws/install/ydlidar_sdk/include/core/serial/impl/unix/unix.h
[10.116s] -- Up-to-date: /home/ubuntu/robot_ws/install/ydlidar_sdk/include/core/serial/impl/unix/unix_serial.h
[10.118s] -- Up-to-date: /home/ubuntu/robot_ws/install/ydlidar_sdk/include/src/CYdLidar.h
[10.118s] -- Up-to-date: /home/ubuntu/robot_ws/install/ydlidar_sdk/include/src/ETLidarDriver.h
[10.119s] -- Up-to-date: /home/ubuntu/robot_ws/install/ydlidar_sdk/include/src/GSLidarDriver.h
[10.119s] -- Up-to-date: /home/ubuntu/robot_ws/install/ydlidar_sdk/include/src/SDMLidarDriver.h
[10.120s] -- Up-to-date: /home/ubuntu/robot_ws/install/ydlidar_sdk/include/src/YDlidarDriver.h
[10.122s] -- Up-to-date: /home/ubuntu/robot_ws/install/ydlidar_sdk/include/src/ydlidar_sdk.h
[10.123s] -- Up-to-date: /home/ubuntu/robot_ws/install/ydlidar_sdk/include/src/filters/FilterInterface.h
[10.123s] -- Up-to-date: /home/ubuntu/robot_ws/install/ydlidar_sdk/include/src/filters/NoiseFilter.h
[10.124s] -- Up-to-date: /home/ubuntu/robot_ws/install/ydlidar_sdk/include/src/filters/StrongLightFilter.h
[10.124s] -- Up-to-date: /home/ubuntu/robot_ws/install/ydlidar_sdk/include/ydlidar_config.h
[10.126s] -- Up-to-date: /home/ubuntu/robot_ws/install/ydlidar_sdk/lib/libydlidar_sdk.a
[10.127s] -- Up-to-date: /home/ubuntu/robot_ws/install/ydlidar_sdk/lib/pkgconfig/YDLIDAR_SDK.pc
[10.128s] -- Up-to-date: /home/ubuntu/robot_ws/install/ydlidar_sdk/lib/cmake/ydlidar_sdk/ydlidar_sdkConfig.cmake
[10.128s] -- Up-to-date: /home/ubuntu/robot_ws/install/ydlidar_sdk/lib/cmake/ydlidar_sdk/ydlidar_sdkTargets.cmake
[10.130s] -- Up-to-date: /home/ubuntu/robot_ws/install/ydlidar_sdk/lib/cmake/ydlidar_sdk/ydlidar_sdkConfigVersion.cmake
[10.131s] -- Up-to-date: /home/ubuntu/robot_ws/install/ydlidar_sdk/share/YDLIDAR_SDK/FindYDLIDAR_SDK.cmake
[10.134s] -- Up-to-date: /home/ubuntu/robot_ws/install/ydlidar_sdk/share/YDLIDAR_SDK
[10.135s] -- Up-to-date: /home/ubuntu/robot_ws/install/ydlidar_sdk/share/YDLIDAR_SDK/install_package.cmake
[10.136s] -- Up-to-date: /home/ubuntu/robot_ws/install/ydlidar_sdk/share/YDLIDAR_SDK/cmake_uninstall.cmake.in
[10.136s] -- Up-to-date: /home/ubuntu/robot_ws/install/ydlidar_sdk/share/YDLIDAR_SDK/FindPackage.cmake.in
[10.137s] -- Up-to-date: /home/ubuntu/robot_ws/install/ydlidar_sdk/share/YDLIDAR_SDK/PkgConfig.pc.in
[10.139s] -- Up-to-date: /home/ubuntu/robot_ws/install/ydlidar_sdk/share/YDLIDAR_SDK/PackageConfig.cmake.in
[10.139s] -- Up-to-date: /home/ubuntu/robot_ws/install/ydlidar_sdk/share/YDLIDAR_SDK/PackageConfigVersion.cmake.in
[10.140s] -- Up-to-date: /home/ubuntu/robot_ws/install/ydlidar_sdk/share/YDLIDAR_SDK/script_show_final_summary.cmake
[10.140s] -- Up-to-date: /home/ubuntu/robot_ws/install/ydlidar_sdk/share/YDLIDAR_SDK/common
[10.141s] -- Up-to-date: /home/ubuntu/robot_ws/install/ydlidar_sdk/share/YDLIDAR_SDK/common/ydlidar_base.cmake
[10.142s] -- Up-to-date: /home/ubuntu/robot_ws/install/ydlidar_sdk/share/YDLIDAR_SDK/common/ydlidar_parse.cmake
[10.142s] -- Up-to-date: /home/ubuntu/robot_ws/install/ydlidar_sdk/share/YDLIDAR_SDK/LICENSE.txt
[10.145s] -- Up-to-date: /home/ubuntu/robot_ws/install/ydlidar_sdk/share/YDLIDAR_SDK/README.md
[10.145s] -- Up-to-date: /home/ubuntu/robot_ws/install/ydlidar_sdk/share/YDLIDAR_SDK/doc
[10.146s] -- Up-to-date: /home/ubuntu/robot_ws/install/ydlidar_sdk/share/YDLIDAR_SDK/doc/FAQs
[10.149s] -- Up-to-date: /home/ubuntu/robot_ws/install/ydlidar_sdk/share/YDLIDAR_SDK/doc/FAQs/Software_FAQs.md
[10.150s] -- Up-to-date: /home/ubuntu/robot_ws/install/ydlidar_sdk/share/YDLIDAR_SDK/doc/FAQs/General_FAQs.md
[10.150s] -- Up-to-date: /home/ubuntu/robot_ws/install/ydlidar_sdk/share/YDLIDAR_SDK/doc/FAQs/Hardware_FAQs.md
[10.151s] -- Up-to-date: /home/ubuntu/robot_ws/install/ydlidar_sdk/share/YDLIDAR_SDK/doc/FAQs/README.md
[10.154s] -- Up-to-date: /home/ubuntu/robot_ws/install/ydlidar_sdk/share/YDLIDAR_SDK/doc/FAQs/Software_FAQs_cn.md
[10.155s] -- Up-to-date: /home/ubuntu/robot_ws/install/ydlidar_sdk/share/YDLIDAR_SDK/doc/FAQs/General_FAQs_cn.md
[10.155s] -- Up-to-date: /home/ubuntu/robot_ws/install/ydlidar_sdk/share/YDLIDAR_SDK/doc/FAQs/Hardware_FAQs_cn.md
[10.157s] -- Up-to-date: /home/ubuntu/robot_ws/install/ydlidar_sdk/share/YDLIDAR_SDK/doc/YDLidar_SDK_Communication_Protocol.pdf
[10.158s] -- Up-to-date: /home/ubuntu/robot_ws/install/ydlidar_sdk/share/YDLIDAR_SDK/doc/tutorials
[10.160s] -- Up-to-date: /home/ubuntu/robot_ws/install/ydlidar_sdk/share/YDLIDAR_SDK/doc/tutorials/writing_lidar_tutorial_python.md
[10.160s] -- Up-to-date: /home/ubuntu/robot_ws/install/ydlidar_sdk/share/YDLIDAR_SDK/doc/tutorials/examine_the_simple_lidar_tutorial.md
[10.163s] -- Up-to-date: /home/ubuntu/robot_ws/install/ydlidar_sdk/share/YDLIDAR_SDK/doc/tutorials/writing_lidar_network_adapter_tutorial_c++.md
[10.164s] -- Up-to-date: /home/ubuntu/robot_ws/install/ydlidar_sdk/share/YDLIDAR_SDK/doc/tutorials/writing_lidar_tutorial_c.md
[10.164s] -- Up-to-date: /home/ubuntu/robot_ws/install/ydlidar_sdk/share/YDLIDAR_SDK/doc/tutorials/writing_lidar_tutorial_c++.md
[10.165s] -- Up-to-date: /home/ubuntu/robot_ws/install/ydlidar_sdk/share/YDLIDAR_SDK/doc/Diagram.md
[10.167s] -- Up-to-date: /home/ubuntu/robot_ws/install/ydlidar_sdk/share/YDLIDAR_SDK/doc/YDLIDAR_SDK_API_for_Developers.md
[10.167s] -- Up-to-date: /home/ubuntu/robot_ws/install/ydlidar_sdk/share/YDLIDAR_SDK/doc/Dataset.md
[10.168s] -- Up-to-date: /home/ubuntu/robot_ws/install/ydlidar_sdk/share/YDLIDAR_SDK/doc/README.md
[10.169s] -- Up-to-date: /home/ubuntu/robot_ws/install/ydlidar_sdk/share/YDLIDAR_SDK/doc/YDLidar-SDK-Communication-Protocol.html
[10.170s] -- Up-to-date: /home/ubuntu/robot_ws/install/ydlidar_sdk/share/YDLIDAR_SDK/doc/YDLidar-SDK-Communication-Protocol.md
[10.171s] -- Up-to-date: /home/ubuntu/robot_ws/install/ydlidar_sdk/share/YDLIDAR_SDK/doc/howto
[10.173s] -- Up-to-date: /home/ubuntu/robot_ws/install/ydlidar_sdk/share/YDLIDAR_SDK/doc/howto/how_to_create_a_udev_rules.md
[10.175s] -- Up-to-date: /home/ubuntu/robot_ws/install/ydlidar_sdk/share/YDLIDAR_SDK/doc/howto/how_to_build_and_install.md
[10.176s] -- Up-to-date: /home/ubuntu/robot_ws/install/ydlidar_sdk/share/YDLIDAR_SDK/doc/howto/how_to_gerenrate_vs_project_by_cmake.md
[10.176s] -- Up-to-date: /home/ubuntu/robot_ws/install/ydlidar_sdk/share/YDLIDAR_SDK/doc/howto/how_to_build_and_debug_using_vscode.md
[10.177s] -- Up-to-date: /home/ubuntu/robot_ws/install/ydlidar_sdk/share/YDLIDAR_SDK/doc/howto/README.md
[10.178s] -- Up-to-date: /home/ubuntu/robot_ws/install/ydlidar_sdk/share/YDLIDAR_SDK/doc/howto/how_to_create_a_csharp_project.md
[10.179s] -- Up-to-date: /home/ubuntu/robot_ws/install/ydlidar_sdk/share/YDLIDAR_SDK/doc/howto/images
[10.180s] -- Up-to-date: /home/ubuntu/robot_ws/install/ydlidar_sdk/share/YDLIDAR_SDK/doc/howto/images/csharp_running.png
[10.180s] -- Up-to-date: /home/ubuntu/robot_ws/install/ydlidar_sdk/share/YDLIDAR_SDK/doc/howto/images/cpack.png
[10.181s] -- Up-to-date: /home/ubuntu/robot_ws/install/ydlidar_sdk/share/YDLIDAR_SDK/doc/howto/images/csharp_exception.png
[10.182s] -- Up-to-date: /home/ubuntu/robot_ws/install/ydlidar_sdk/share/YDLIDAR_SDK/doc/howto/images/ttyUSB1.png
[10.183s] -- Up-to-date: /home/ubuntu/robot_ws/install/ydlidar_sdk/share/YDLIDAR_SDK/doc/howto/images/ydlidar_lidar_monitor.png
[10.184s] -- Up-to-date: /home/ubuntu/robot_ws/install/ydlidar_sdk/share/YDLIDAR_SDK/doc/howto/images/ttyUSB0.png
[10.187s] -- Up-to-date: /home/ubuntu/robot_ws/install/ydlidar_sdk/share/YDLIDAR_SDK/doc/howto/images/csharp_build.png
[10.188s] -- Up-to-date: /home/ubuntu/robot_ws/install/ydlidar_sdk/share/YDLIDAR_SDK/doc/howto/images/csharp_project.png
[10.189s] -- Up-to-date: /home/ubuntu/robot_ws/install/ydlidar_sdk/share/YDLIDAR_SDK/doc/howto/images/sequence.png
[10.189s] -- Up-to-date: /home/ubuntu/robot_ws/install/ydlidar_sdk/share/YDLIDAR_SDK/doc/howto/images/csharp_library.png
[10.190s] -- Up-to-date: /home/ubuntu/robot_ws/install/ydlidar_sdk/share/YDLIDAR_SDK/doc/howto/images/vscode
[10.191s] -- Up-to-date: /home/ubuntu/robot_ws/install/ydlidar_sdk/share/YDLIDAR_SDK/doc/howto/images/vscode/run_tasks.jpg
[10.192s] -- Up-to-date: /home/ubuntu/robot_ws/install/ydlidar_sdk/share/YDLIDAR_SDK/doc/howto/images/vscode/tasks.png
[10.193s] -- Up-to-date: /home/ubuntu/robot_ws/install/ydlidar_sdk/share/YDLIDAR_SDK/doc/howto/images/sdk_init.png
[10.193s] -- Up-to-date: /home/ubuntu/robot_ws/install/ydlidar_sdk/share/YDLIDAR_SDK/doc/howto/images/sdk_scanning.png
[10.195s] -- Up-to-date: /home/ubuntu/robot_ws/install/ydlidar_sdk/share/YDLIDAR_SDK/doc/howto/how_to_solve_slow_pull_from_cn.md
[10.197s] -- Up-to-date: /home/ubuntu/robot_ws/install/ydlidar_sdk/share/YDLIDAR_SDK/doc/howto/how_to_create_a_pull.md
[10.198s] -- Up-to-date: /home/ubuntu/robot_ws/install/ydlidar_sdk/share/YDLIDAR_SDK/doc/YDLidar-SDK-Communication-Protocol.pdf
[10.199s] -- Up-to-date: /home/ubuntu/robot_ws/install/ydlidar_sdk/share/YDLIDAR_SDK/doc/SDK.pdf
[10.199s] -- Up-to-date: /home/ubuntu/robot_ws/install/ydlidar_sdk/share/YDLIDAR_SDK/doc/images
[10.199s] -- Up-to-date: /home/ubuntu/robot_ws/install/ydlidar_sdk/share/YDLIDAR_SDK/doc/images/sdk_architecture.png
[10.200s] -- Up-to-date: /home/ubuntu/robot_ws/install/ydlidar_sdk/share/YDLIDAR_SDK/doc/images/frame_intensity.png
[10.200s] -- Up-to-date: /home/ubuntu/robot_ws/install/ydlidar_sdk/share/YDLIDAR_SDK/doc/images/FlowChart.png
[10.201s] -- Up-to-date: /home/ubuntu/robot_ws/install/ydlidar_sdk/share/YDLIDAR_SDK/doc/images/frame.png
[10.202s] -- Up-to-date: /home/ubuntu/robot_ws/install/ydlidar_sdk/share/YDLIDAR_SDK/doc/images/communication_mechanism.png
[10.202s] -- Up-to-date: /home/ubuntu/robot_ws/install/ydlidar_sdk/share/YDLIDAR_SDK/doc/images/YDLidar.jpg
[10.203s] -- Up-to-date: /home/ubuntu/robot_ws/install/ydlidar_sdk/share/YDLIDAR_SDK/doc/images/sequence.png
[10.203s] -- Up-to-date: /home/ubuntu/robot_ws/install/ydlidar_sdk/share/YDLIDAR_SDK/doc/images/system_workflow.png
[10.205s] -- Up-to-date: /home/ubuntu/robot_ws/install/ydlidar_sdk/share/YDLIDAR_SDK/doc/images/angle_q2.png
[10.206s] -- Up-to-date: /home/ubuntu/robot_ws/install/ydlidar_sdk/share/YDLIDAR_SDK/doc/images/EAI.png
[10.206s] -- Up-to-date: /home/ubuntu/robot_ws/install/ydlidar_sdk/share/YDLIDAR_SDK/doc/images/YDLidar.png
[10.207s] -- Up-to-date: /home/ubuntu/robot_ws/install/ydlidar_sdk/share/YDLIDAR_SDK/doc/images/sdk_init.png
[10.208s] -- Up-to-date: /home/ubuntu/robot_ws/install/ydlidar_sdk/share/YDLIDAR_SDK/doc/images/sdk_scanning.png
[10.209s] -- Up-to-date: /home/ubuntu/robot_ws/install/ydlidar_sdk/share/YDLIDAR_SDK/doc/Tutorials.md
[10.209s] -- Up-to-date: /home/ubuntu/robot_ws/install/ydlidar_sdk/share/YDLIDAR_SDK/doc/quickstart
[10.210s] -- Up-to-date: /home/ubuntu/robot_ws/install/ydlidar_sdk/share/YDLIDAR_SDK/doc/quickstart/ydlidar_sdk_software_installation_guide.md
[10.211s] -- Up-to-date: /home/ubuntu/robot_ws/install/ydlidar_sdk/share/YDLIDAR_SDK/doc/quickstart/README.md
[10.212s] -- Up-to-date: /home/ubuntu/robot_ws/install/ydlidar_sdk/startup/initenv.sh
[10.213s] -- Up-to-date: /home/ubuntu/robot_ws/install/ydlidar_sdk/bin/et_test
[10.215s] -- Up-to-date: /home/ubuntu/robot_ws/install/ydlidar_sdk/bin/gs_ota
[10.216s] -- Up-to-date: /home/ubuntu/robot_ws/install/ydlidar_sdk/bin/gs_test
[10.217s] -- Up-to-date: /home/ubuntu/robot_ws/install/ydlidar_sdk/bin/scl_test
[10.217s] -- Up-to-date: /home/ubuntu/robot_ws/install/ydlidar_sdk/bin/sdm_test
[10.218s] -- Up-to-date: /home/ubuntu/robot_ws/install/ydlidar_sdk/bin/tea_test
[10.219s] -- Up-to-date: /home/ubuntu/robot_ws/install/ydlidar_sdk/bin/tmini_test
[10.220s] -- Up-to-date: /home/ubuntu/robot_ws/install/ydlidar_sdk/bin/tof_test
[10.221s] -- Up-to-date: /home/ubuntu/robot_ws/install/ydlidar_sdk/bin/tri_and_gs_test
[10.222s] -- Up-to-date: /home/ubuntu/robot_ws/install/ydlidar_sdk/bin/tri_restart
[10.225s] -- Up-to-date: /home/ubuntu/robot_ws/install/ydlidar_sdk/bin/tri_test
[10.232s] -- Up-to-date: /home/ubuntu/robot_ws/install/ydlidar_sdk/bin/lidar_c_api_test
[10.250s] Invoked command in '/home/ubuntu/robot_ws/build/ydlidar_sdk' returned '0': /usr/bin/cmake --install /home/ubuntu/robot_ws/build/ydlidar_sdk
