[2.792s] Invoking command in '/home/ubuntu/robot_ws/build/ydlidar_ros2_driver': CMAKE_PREFIX_PATH=${CMAKE_PREFIX_PATH}:/opt/ros/foxy /usr/bin/cmake --build /home/ubuntu/robot_ws/build/ydlidar_ros2_driver -- -j4 -l4
[3.565s] [ 50%] Built target ydlidar_ros2_driver_node
[3.611s] [100%] Built target ydlidar_ros2_driver_client
[3.668s] Invoked command in '/home/ubuntu/robot_ws/build/ydlidar_ros2_driver' returned '0': CMAKE_PREFIX_PATH=${CMAKE_PREFIX_PATH}:/opt/ros/foxy /usr/bin/cmake --build /home/ubuntu/robot_ws/build/ydlidar_ros2_driver -- -j4 -l4
[4.118s] Invoking command in '/home/ubuntu/robot_ws/build/ydlidar_ros2_driver': CMAKE_PREFIX_PATH=${CMAKE_PREFIX_PATH}:/opt/ros/foxy /usr/bin/cmake --install /home/ubuntu/robot_ws/build/ydlidar_ros2_driver
[4.228s] -- Install configuration: ""
[4.234s] -- Up-to-date: /home/ubuntu/robot_ws/install/ydlidar_ros2_driver/lib/ydlidar_ros2_driver/ydlidar_ros2_driver_node
[4.269s] -- Up-to-date: /home/ubuntu/robot_ws/install/ydlidar_ros2_driver/lib/ydlidar_ros2_driver/ydlidar_ros2_driver_client
[4.270s] -- Up-to-date: /home/ubuntu/robot_ws/install/ydlidar_ros2_driver/share/ydlidar_ros2_driver/launch
[4.276s] -- Up-to-date: /home/ubuntu/robot_ws/install/ydlidar_ros2_driver/share/ydlidar_ros2_driver/launch/ydlidar_launch_view.py
[4.277s] -- Up-to-date: /home/ubuntu/robot_ws/install/ydlidar_ros2_driver/share/ydlidar_ros2_driver/launch/ydlidar_launch.py
[4.278s] -- Up-to-date: /home/ubuntu/robot_ws/install/ydlidar_ros2_driver/share/ydlidar_ros2_driver/launch/ydlidar.py
[4.278s] -- Up-to-date: /home/ubuntu/robot_ws/install/ydlidar_ros2_driver/share/ydlidar_ros2_driver/params
[4.281s] -- Up-to-date: /home/ubuntu/robot_ws/install/ydlidar_ros2_driver/share/ydlidar_ros2_driver/params/G2.yaml
[4.283s] -- Up-to-date: /home/ubuntu/robot_ws/install/ydlidar_ros2_driver/share/ydlidar_ros2_driver/params/X4.yaml
[4.284s] -- Up-to-date: /home/ubuntu/robot_ws/install/ydlidar_ros2_driver/share/ydlidar_ros2_driver/params/G1.yaml
[4.285s] -- Up-to-date: /home/ubuntu/robot_ws/install/ydlidar_ros2_driver/share/ydlidar_ros2_driver/params/TG.yaml
[4.285s] -- Up-to-date: /home/ubuntu/robot_ws/install/ydlidar_ros2_driver/share/ydlidar_ros2_driver/params/X2.yaml
[4.295s] -- Up-to-date: /home/ubuntu/robot_ws/install/ydlidar_ros2_driver/share/ydlidar_ros2_driver/params/G6.yaml
[4.298s] -- Up-to-date: /home/ubuntu/robot_ws/install/ydlidar_ros2_driver/share/ydlidar_ros2_driver/params/TminiPro.yaml
[4.300s] -- Up-to-date: /home/ubuntu/robot_ws/install/ydlidar_ros2_driver/share/ydlidar_ros2_driver/params/X4-Pro.yaml
[4.304s] -- Up-to-date: /home/ubuntu/robot_ws/install/ydlidar_ros2_driver/share/ydlidar_ros2_driver/params/ydlidar.yaml
[4.307s] -- Up-to-date: /home/ubuntu/robot_ws/install/ydlidar_ros2_driver/share/ydlidar_ros2_driver/startup
[4.312s] -- Up-to-date: /home/ubuntu/robot_ws/install/ydlidar_ros2_driver/share/ydlidar_ros2_driver/startup/initenv.sh
[4.313s] -- Up-to-date: /home/ubuntu/robot_ws/install/ydlidar_ros2_driver/share/ydlidar_ros2_driver/config
[4.314s] -- Up-to-date: /home/ubuntu/robot_ws/install/ydlidar_ros2_driver/share/ydlidar_ros2_driver/config/ydlidar.rviz
[4.315s] -- Up-to-date: /home/ubuntu/robot_ws/install/ydlidar_ros2_driver/share/ament_index/resource_index/package_run_dependencies/ydlidar_ros2_driver
[4.316s] -- Up-to-date: /home/ubuntu/robot_ws/install/ydlidar_ros2_driver/share/ament_index/resource_index/parent_prefix_path/ydlidar_ros2_driver
[4.317s] -- Up-to-date: /home/ubuntu/robot_ws/install/ydlidar_ros2_driver/share/ydlidar_ros2_driver/environment/ament_prefix_path.sh
[4.318s] -- Up-to-date: /home/ubuntu/robot_ws/install/ydlidar_ros2_driver/share/ydlidar_ros2_driver/environment/ament_prefix_path.dsv
[4.320s] -- Up-to-date: /home/ubuntu/robot_ws/install/ydlidar_ros2_driver/share/ydlidar_ros2_driver/environment/path.sh
[4.320s] -- Up-to-date: /home/ubuntu/robot_ws/install/ydlidar_ros2_driver/share/ydlidar_ros2_driver/environment/path.dsv
[4.321s] -- Up-to-date: /home/ubuntu/robot_ws/install/ydlidar_ros2_driver/share/ydlidar_ros2_driver/local_setup.bash
[4.322s] -- Up-to-date: /home/ubuntu/robot_ws/install/ydlidar_ros2_driver/share/ydlidar_ros2_driver/local_setup.sh
[4.324s] -- Up-to-date: /home/ubuntu/robot_ws/install/ydlidar_ros2_driver/share/ydlidar_ros2_driver/local_setup.zsh
[4.325s] -- Up-to-date: /home/ubuntu/robot_ws/install/ydlidar_ros2_driver/share/ydlidar_ros2_driver/local_setup.dsv
[4.325s] -- Installing: /home/ubuntu/robot_ws/install/ydlidar_ros2_driver/share/ydlidar_ros2_driver/package.dsv
[4.330s] -- Up-to-date: /home/ubuntu/robot_ws/install/ydlidar_ros2_driver/share/ament_index/resource_index/packages/ydlidar_ros2_driver
[4.332s] -- Up-to-date: /home/ubuntu/robot_ws/install/ydlidar_ros2_driver/share/ydlidar_ros2_driver/cmake/ydlidar_ros2_driverConfig.cmake
[4.333s] -- Up-to-date: /home/ubuntu/robot_ws/install/ydlidar_ros2_driver/share/ydlidar_ros2_driver/cmake/ydlidar_ros2_driverConfig-version.cmake
[4.335s] -- Up-to-date: /home/ubuntu/robot_ws/install/ydlidar_ros2_driver/share/ydlidar_ros2_driver/package.xml
[4.352s] Invoked command in '/home/ubuntu/robot_ws/build/ydlidar_ros2_driver' returned '0': CMAKE_PREFIX_PATH=${CMAKE_PREFIX_PATH}:/opt/ros/foxy /usr/bin/cmake --install /home/ubuntu/robot_ws/build/ydlidar_ros2_driver
