[1.134s] Invoking command in '/home/ubuntu/robot_ws/build/ydlidar_ros2_driver': CMAKE_PREFIX_PATH=/opt/ros/foxy /usr/bin/cmake /home/ubuntu/robot_ws/src/ydlidar_ros2_driver -DCMAKE_INSTALL_PREFIX=/home/ubuntu/robot_ws/install/ydlidar_ros2_driver
[1.415s] -- The C compiler identification is GNU 9.4.0
[1.664s] -- The CXX compiler identification is GNU 9.4.0
[1.682s] -- Check for working C compiler: /usr/bin/cc
[2.017s] -- Check for working C compiler: /usr/bin/cc -- works
[2.020s] -- Detecting C compiler ABI info
[2.521s] -- Detecting C compiler ABI info - done
[2.561s] -- Detecting C compile features
[2.564s] -- Detecting C compile features - done
[2.576s] -- Check for working CXX compiler: /usr/bin/c++
[2.927s] -- Check for working CXX compiler: /usr/bin/c++ -- works
[2.931s] -- Detecting CXX compiler ABI info
[3.295s] -- Detecting CXX compiler ABI info - done
[3.333s] -- Detecting CXX compile features
[3.335s] -- Detecting CXX compile features - done
[3.390s] -- Found ament_cmake: 0.9.12 (/opt/ros/foxy/share/ament_cmake/cmake)
[3.545s] -- Found PythonInterp: /usr/bin/python3 (found suitable version "3.8.10", minimum required is "3") 
[3.545s] -- Using PYTHON_EXECUTABLE: /usr/bin/python3
[4.834s] -- Found rclcpp: 2.4.3 (/opt/ros/foxy/share/rclcpp/cmake)
[5.264s] -- Using all available rosidl_typesupport_c: rosidl_typesupport_fastrtps_c;rosidl_typesupport_introspection_c
[5.326s] -- Found rosidl_adapter: 1.3.1 (/opt/ros/foxy/share/rosidl_adapter/cmake)
[6.534s] -- Found OpenSSL: /usr/lib/aarch64-linux-gnu/libcrypto.so (found version "1.1.1f")  
[7.008s] -- Found FastRTPS: /opt/ros/foxy/include  
[8.971s] -- Using all available rosidl_typesupport_cpp: rosidl_typesupport_fastrtps_cpp;rosidl_typesupport_introspection_cpp
[9.759s] -- Found rmw_implementation_cmake: 1.0.4 (/opt/ros/foxy/share/rmw_implementation_cmake/cmake)
[9.792s] -- Using RMW implementation 'rmw_fastrtps_cpp' as default
[9.802s] -- Looking for pthread.h
[11.022s] -- Looking for pthread.h - found
[11.023s] -- Performing Test CMAKE_HAVE_LIBC_PTHREAD
[12.189s] -- Performing Test CMAKE_HAVE_LIBC_PTHREAD - Failed
[12.190s] -- Looking for pthread_create in pthreads
[13.081s] -- Looking for pthread_create in pthreads - not found
[13.083s] -- Looking for pthread_create in pthread
[14.038s] -- Looking for pthread_create in pthread - found
[14.043s] -- Found Threads: TRUE  
[16.187s] -- Found sensor_msgs: 2.0.5 (/opt/ros/foxy/share/sensor_msgs/cmake)
[17.559s] -- Found visualization_msgs: 2.0.5 (/opt/ros/foxy/share/visualization_msgs/cmake)
[18.189s] -- Found std_srvs: 2.0.5 (/opt/ros/foxy/share/std_srvs/cmake)
[18.472s] -- Found ament_lint_auto: 0.9.8 (/opt/ros/foxy/share/ament_lint_auto/cmake)
[19.761s] -- Added test 'copyright' to check source files copyright and LICENSE
[19.982s] -- Added test 'cppcheck' to perform static code analysis on C / C++ code
[19.984s] -- Configured cppcheck include dirs: /home/ubuntu/robot_ws/src/ydlidar_ros2_driver/src
[19.986s] -- Configured cppcheck exclude dirs and/or files: 
[20.204s] -- Added test 'cpplint' to check C / C++ code against the Google style
[20.215s] -- Configured cpplint exclude dirs and/or files: 
[20.255s] -- Added test 'flake8' to check Python code syntax and style conventions
[20.301s] -- Added test 'lint_cmake' to check CMake code style
[20.333s] -- Added test 'pep257' to check Python code against some of the style conventions in PEP 257
[20.581s] -- Added test 'uncrustify' to check C / C++ code style
[20.582s] -- Configured uncrustify additional arguments: 
[20.626s] -- Added test 'xmllint' to check XML markup files
[20.680s] -- Configuring done
[20.812s] -- Generating done
[20.826s] -- Build files have been written to: /home/ubuntu/robot_ws/build/ydlidar_ros2_driver
[20.887s] Invoked command in '/home/ubuntu/robot_ws/build/ydlidar_ros2_driver' returned '0': CMAKE_PREFIX_PATH=/opt/ros/foxy /usr/bin/cmake /home/ubuntu/robot_ws/src/ydlidar_ros2_driver -DCMAKE_INSTALL_PREFIX=/home/ubuntu/robot_ws/install/ydlidar_ros2_driver
[20.902s] Invoking command in '/home/ubuntu/robot_ws/build/ydlidar_ros2_driver': CMAKE_PREFIX_PATH=/opt/ros/foxy /usr/bin/cmake --build /home/ubuntu/robot_ws/build/ydlidar_ros2_driver -- -j4 -l4
[21.539s] [35m[1mScanning dependencies of target ydlidar_ros2_driver_node[0m
[21.540s] [35m[1mScanning dependencies of target ydlidar_ros2_driver_client[0m
[22.453s] [ 25%] [32mBuilding CXX object CMakeFiles/ydlidar_ros2_driver_node.dir/src/ydlidar_ros2_driver_node.cpp.o[0m
[22.458s] [ 50%] [32mBuilding CXX object CMakeFiles/ydlidar_ros2_driver_client.dir/src/ydlidar_ros2_driver_client.cpp.o[0m
[33.136s] [01m[K/home/ubuntu/robot_ws/src/ydlidar_ros2_driver/src/ydlidar_ros2_driver_node.cpp:[m[K In lambda function:
[33.137s] [01m[K/home/ubuntu/robot_ws/src/ydlidar_ros2_driver/src/ydlidar_ros2_driver_node.cpp:168:54:[m[K [01;35m[Kwarning: [m[Kunused parameter ‘[01m[Krequest_header[m[K’ [[01;35m[K-Wunused-parameter[m[K]
[33.139s]   168 |     [&laser]([01;35m[Kconst std::shared_ptr<rmw_request_id_t> request_header[m[K,
[33.141s]       |              [01;35m[K~~~~~~~~~~~~~~~~~~~~~~~~~~~~~~~~~~~~~~~~^~~~~~~~~~~~~~[m[K
[33.144s] [01m[K/home/ubuntu/robot_ws/src/ydlidar_ros2_driver/src/ydlidar_ros2_driver_node.cpp:169:56:[m[K [01;35m[Kwarning: [m[Kunused parameter ‘[01m[Kreq[m[K’ [[01;35m[K-Wunused-parameter[m[K]
[33.145s]   169 |   [01;35m[Kconst std::shared_ptr<std_srvs::srv::Empty::Request> req[m[K,
[33.146s]       |   [01;35m[K~~~~~~~~~~~~~~~~~~~~~~~~~~~~~~~~~~~~~~~~~~~~~~~~~~~~~^~~[m[K
[33.148s] [01m[K/home/ubuntu/robot_ws/src/ydlidar_ros2_driver/src/ydlidar_ros2_driver_node.cpp:170:51:[m[K [01;35m[Kwarning: [m[Kunused parameter ‘[01m[Kresponse[m[K’ [[01;35m[K-Wunused-parameter[m[K]
[33.150s]   170 |   [01;35m[Kstd::shared_ptr<std_srvs::srv::Empty::Response> response[m[K) -> bool
[33.159s]       |   [01;35m[K~~~~~~~~~~~~~~~~~~~~~~~~~~~~~~~~~~~~~~~~~~~~~~~~^~~~~~~~[m[K
[33.179s] [01m[K/home/ubuntu/robot_ws/src/ydlidar_ros2_driver/src/ydlidar_ros2_driver_node.cpp:[m[K In lambda function:
[33.181s] [01m[K/home/ubuntu/robot_ws/src/ydlidar_ros2_driver/src/ydlidar_ros2_driver_node.cpp:178:54:[m[K [01;35m[Kwarning: [m[Kunused parameter ‘[01m[Krequest_header[m[K’ [[01;35m[K-Wunused-parameter[m[K]
[33.183s]   178 |     [&laser]([01;35m[Kconst std::shared_ptr<rmw_request_id_t> request_header[m[K,
[33.184s]       |              [01;35m[K~~~~~~~~~~~~~~~~~~~~~~~~~~~~~~~~~~~~~~~~^~~~~~~~~~~~~~[m[K
[33.186s] [01m[K/home/ubuntu/robot_ws/src/ydlidar_ros2_driver/src/ydlidar_ros2_driver_node.cpp:179:56:[m[K [01;35m[Kwarning: [m[Kunused parameter ‘[01m[Kreq[m[K’ [[01;35m[K-Wunused-parameter[m[K]
[33.187s]   179 |   [01;35m[Kconst std::shared_ptr<std_srvs::srv::Empty::Request> req[m[K,
[33.189s]       |   [01;35m[K~~~~~~~~~~~~~~~~~~~~~~~~~~~~~~~~~~~~~~~~~~~~~~~~~~~~~^~~[m[K
[33.190s] [01m[K/home/ubuntu/robot_ws/src/ydlidar_ros2_driver/src/ydlidar_ros2_driver_node.cpp:180:51:[m[K [01;35m[Kwarning: [m[Kunused parameter ‘[01m[Kresponse[m[K’ [[01;35m[K-Wunused-parameter[m[K]
[33.191s]   180 |   [01;35m[Kstd::shared_ptr<std_srvs::srv::Empty::Response> response[m[K) -> bool
[33.192s]       |   [01;35m[K~~~~~~~~~~~~~~~~~~~~~~~~~~~~~~~~~~~~~~~~~~~~~~~~^~~~~~~~[m[K
[47.853s] [ 75%] [32m[1mLinking CXX executable ydlidar_ros2_driver_node[0m
[49.354s] [ 75%] Built target ydlidar_ros2_driver_node
[53.797s] [100%] [32m[1mLinking CXX executable ydlidar_ros2_driver_client[0m
[54.980s] [100%] Built target ydlidar_ros2_driver_client
[55.022s] Invoked command in '/home/ubuntu/robot_ws/build/ydlidar_ros2_driver' returned '0': CMAKE_PREFIX_PATH=/opt/ros/foxy /usr/bin/cmake --build /home/ubuntu/robot_ws/build/ydlidar_ros2_driver -- -j4 -l4
[55.171s] Invoking command in '/home/ubuntu/robot_ws/build/ydlidar_ros2_driver': CMAKE_PREFIX_PATH=/opt/ros/foxy /usr/bin/cmake --install /home/ubuntu/robot_ws/build/ydlidar_ros2_driver
[55.206s] -- Install configuration: ""
[55.207s] -- Installing: /home/ubuntu/robot_ws/install/ydlidar_ros2_driver/lib/ydlidar_ros2_driver/ydlidar_ros2_driver_node
[55.217s] -- Set runtime path of "/home/ubuntu/robot_ws/install/ydlidar_ros2_driver/lib/ydlidar_ros2_driver/ydlidar_ros2_driver_node" to ""
[55.218s] -- Installing: /home/ubuntu/robot_ws/install/ydlidar_ros2_driver/lib/ydlidar_ros2_driver/ydlidar_ros2_driver_client
[55.229s] -- Set runtime path of "/home/ubuntu/robot_ws/install/ydlidar_ros2_driver/lib/ydlidar_ros2_driver/ydlidar_ros2_driver_client" to ""
[55.230s] -- Installing: /home/ubuntu/robot_ws/install/ydlidar_ros2_driver/share/ydlidar_ros2_driver/launch
[55.230s] -- Installing: /home/ubuntu/robot_ws/install/ydlidar_ros2_driver/share/ydlidar_ros2_driver/launch/ydlidar_launch_view.py
[55.232s] -- Installing: /home/ubuntu/robot_ws/install/ydlidar_ros2_driver/share/ydlidar_ros2_driver/launch/ydlidar_launch.py
[55.232s] -- Installing: /home/ubuntu/robot_ws/install/ydlidar_ros2_driver/share/ydlidar_ros2_driver/launch/ydlidar.py
[55.233s] -- Installing: /home/ubuntu/robot_ws/install/ydlidar_ros2_driver/share/ydlidar_ros2_driver/params
[55.233s] -- Installing: /home/ubuntu/robot_ws/install/ydlidar_ros2_driver/share/ydlidar_ros2_driver/params/G2.yaml
[55.234s] -- Installing: /home/ubuntu/robot_ws/install/ydlidar_ros2_driver/share/ydlidar_ros2_driver/params/X4.yaml
[55.235s] -- Installing: /home/ubuntu/robot_ws/install/ydlidar_ros2_driver/share/ydlidar_ros2_driver/params/G1.yaml
[55.237s] -- Installing: /home/ubuntu/robot_ws/install/ydlidar_ros2_driver/share/ydlidar_ros2_driver/params/TG.yaml
[55.240s] -- Installing: /home/ubuntu/robot_ws/install/ydlidar_ros2_driver/share/ydlidar_ros2_driver/params/X2.yaml
[55.240s] -- Installing: /home/ubuntu/robot_ws/install/ydlidar_ros2_driver/share/ydlidar_ros2_driver/params/G6.yaml
[55.241s] -- Installing: /home/ubuntu/robot_ws/install/ydlidar_ros2_driver/share/ydlidar_ros2_driver/params/TminiPro.yaml
[55.241s] -- Installing: /home/ubuntu/robot_ws/install/ydlidar_ros2_driver/share/ydlidar_ros2_driver/params/X4-Pro.yaml
[55.242s] -- Installing: /home/ubuntu/robot_ws/install/ydlidar_ros2_driver/share/ydlidar_ros2_driver/params/ydlidar.yaml
[55.243s] -- Installing: /home/ubuntu/robot_ws/install/ydlidar_ros2_driver/share/ydlidar_ros2_driver/startup
[55.243s] -- Installing: /home/ubuntu/robot_ws/install/ydlidar_ros2_driver/share/ydlidar_ros2_driver/startup/initenv.sh
[55.244s] -- Installing: /home/ubuntu/robot_ws/install/ydlidar_ros2_driver/share/ydlidar_ros2_driver/config
[55.244s] -- Installing: /home/ubuntu/robot_ws/install/ydlidar_ros2_driver/share/ydlidar_ros2_driver/config/ydlidar.rviz
[55.246s] -- Installing: /home/ubuntu/robot_ws/install/ydlidar_ros2_driver/share/ament_index/resource_index/package_run_dependencies/ydlidar_ros2_driver
[55.247s] -- Installing: /home/ubuntu/robot_ws/install/ydlidar_ros2_driver/share/ament_index/resource_index/parent_prefix_path/ydlidar_ros2_driver
[55.248s] -- Installing: /home/ubuntu/robot_ws/install/ydlidar_ros2_driver/share/ydlidar_ros2_driver/environment/ament_prefix_path.sh
[55.249s] -- Installing: /home/ubuntu/robot_ws/install/ydlidar_ros2_driver/share/ydlidar_ros2_driver/environment/ament_prefix_path.dsv
[55.251s] -- Installing: /home/ubuntu/robot_ws/install/ydlidar_ros2_driver/share/ydlidar_ros2_driver/environment/path.sh
[55.252s] -- Installing: /home/ubuntu/robot_ws/install/ydlidar_ros2_driver/share/ydlidar_ros2_driver/environment/path.dsv
[55.252s] -- Installing: /home/ubuntu/robot_ws/install/ydlidar_ros2_driver/share/ydlidar_ros2_driver/local_setup.bash
[55.253s] -- Installing: /home/ubuntu/robot_ws/install/ydlidar_ros2_driver/share/ydlidar_ros2_driver/local_setup.sh
[55.255s] -- Installing: /home/ubuntu/robot_ws/install/ydlidar_ros2_driver/share/ydlidar_ros2_driver/local_setup.zsh
[55.255s] -- Installing: /home/ubuntu/robot_ws/install/ydlidar_ros2_driver/share/ydlidar_ros2_driver/local_setup.dsv
[55.256s] -- Installing: /home/ubuntu/robot_ws/install/ydlidar_ros2_driver/share/ydlidar_ros2_driver/package.dsv
[55.258s] -- Installing: /home/ubuntu/robot_ws/install/ydlidar_ros2_driver/share/ament_index/resource_index/packages/ydlidar_ros2_driver
[55.259s] -- Installing: /home/ubuntu/robot_ws/install/ydlidar_ros2_driver/share/ydlidar_ros2_driver/cmake/ydlidar_ros2_driverConfig.cmake
[55.260s] -- Installing: /home/ubuntu/robot_ws/install/ydlidar_ros2_driver/share/ydlidar_ros2_driver/cmake/ydlidar_ros2_driverConfig-version.cmake
[55.261s] -- Installing: /home/ubuntu/robot_ws/install/ydlidar_ros2_driver/share/ydlidar_ros2_driver/package.xml
[55.267s] Invoked command in '/home/ubuntu/robot_ws/build/ydlidar_ros2_driver' returned '0': CMAKE_PREFIX_PATH=/opt/ros/foxy /usr/bin/cmake --install /home/ubuntu/robot_ws/build/ydlidar_ros2_driver
