[3.254s] Invoking command in '/home/ubuntu/robot_ws/build/serial_motor_demo_msgs': CMAKE_PREFIX_PATH=${CMAKE_PREFIX_PATH}:/home/ubuntu/robot_ws/install/serial_motor_demo:/home/ubuntu/robot_ws/install/joy_tester:/opt/ros/foxy /usr/bin/cmake --build /home/ubuntu/robot_ws/build/serial_motor_demo_msgs -- -j4 -l4
[6.072s] [  2%] Built target serial_motor_demo_msgs__cpp
[6.073s] [ 12%] Built target serial_motor_demo_msgs__rosidl_generator_c
[6.073s] [ 23%] Built target serial_motor_demo_msgs__rosidl_typesupport_cpp
[6.074s] [ 34%] Built target serial_motor_demo_msgs__rosidl_typesupport_introspection_c
[6.074s] [ 44%] Built target serial_motor_demo_msgs__rosidl_typesupport_introspection_cpp
[6.075s] [ 55%] Built target serial_motor_demo_msgs__rosidl_typesupport_fastrtps_cpp
[6.077s] [ 65%] Built target serial_motor_demo_msgs__rosidl_typesupport_c
[6.078s] [ 76%] Built target serial_motor_demo_msgs__rosidl_typesupport_fastrtps_c
[6.078s] [ 76%] Built target serial_motor_demo_msgs
[6.079s] [ 78%] Built target serial_motor_demo_msgs__py
[6.080s] [ 87%] Built target serial_motor_demo_msgs__python
[6.081s] [ 91%] Built target serial_motor_demo_msgs__rosidl_typesupport_introspection_c__pyext
[6.084s] [ 95%] Built target serial_motor_demo_msgs__rosidl_typesupport_c__pyext
[6.090s] [100%] Built target serial_motor_demo_msgs__rosidl_typesupport_fastrtps_c__pyext
[6.117s] Invoked command in '/home/ubuntu/robot_ws/build/serial_motor_demo_msgs' returned '0': CMAKE_PREFIX_PATH=${CMAKE_PREFIX_PATH}:/home/ubuntu/robot_ws/install/serial_motor_demo:/home/ubuntu/robot_ws/install/joy_tester:/opt/ros/foxy /usr/bin/cmake --build /home/ubuntu/robot_ws/build/serial_motor_demo_msgs -- -j4 -l4
[8.712s] Invoking command in '/home/ubuntu/robot_ws/build/serial_motor_demo_msgs': CMAKE_PREFIX_PATH=${CMAKE_PREFIX_PATH}:/home/ubuntu/robot_ws/install/serial_motor_demo:/home/ubuntu/robot_ws/install/joy_tester:/opt/ros/foxy /usr/bin/cmake --install /home/ubuntu/robot_ws/build/serial_motor_demo_msgs
[8.802s] -- Install configuration: ""
[8.855s] -- Execute custom install script
[8.858s] -- Up-to-date symlink: /home/ubuntu/robot_ws/install/serial_motor_demo_msgs/share/ament_index/resource_index/rosidl_interfaces/serial_motor_demo_msgs
[8.861s] -- Up-to-date symlink: /home/ubuntu/robot_ws/install/serial_motor_demo_msgs/include/serial_motor_demo_msgs/msg/detail/encoder_vals__functions.h
[8.865s] -- Up-to-date symlink: /home/ubuntu/robot_ws/install/serial_motor_demo_msgs/include/serial_motor_demo_msgs/msg/detail/encoder_vals__struct.h
[8.886s] -- Up-to-date symlink: /home/ubuntu/robot_ws/install/serial_motor_demo_msgs/include/serial_motor_demo_msgs/msg/detail/encoder_vals__type_support.h
[8.887s] -- Up-to-date symlink: /home/ubuntu/robot_ws/install/serial_motor_demo_msgs/include/serial_motor_demo_msgs/msg/detail/motor_command__functions.h
[8.888s] -- Up-to-date symlink: /home/ubuntu/robot_ws/install/serial_motor_demo_msgs/include/serial_motor_demo_msgs/msg/detail/motor_command__struct.h
[8.888s] -- Up-to-date symlink: /home/ubuntu/robot_ws/install/serial_motor_demo_msgs/include/serial_motor_demo_msgs/msg/detail/motor_command__type_support.h
[8.889s] -- Up-to-date symlink: /home/ubuntu/robot_ws/install/serial_motor_demo_msgs/include/serial_motor_demo_msgs/msg/detail/motor_vels__functions.h
[8.889s] -- Up-to-date symlink: /home/ubuntu/robot_ws/install/serial_motor_demo_msgs/include/serial_motor_demo_msgs/msg/detail/motor_vels__struct.h
[8.894s] -- Up-to-date symlink: /home/ubuntu/robot_ws/install/serial_motor_demo_msgs/include/serial_motor_demo_msgs/msg/detail/motor_vels__type_support.h
[8.896s] -- Up-to-date symlink: /home/ubuntu/robot_ws/install/serial_motor_demo_msgs/include/serial_motor_demo_msgs/msg/encoder_vals.h
[8.896s] -- Up-to-date symlink: /home/ubuntu/robot_ws/install/serial_motor_demo_msgs/include/serial_motor_demo_msgs/msg/motor_command.h
[8.898s] -- Up-to-date symlink: /home/ubuntu/robot_ws/install/serial_motor_demo_msgs/include/serial_motor_demo_msgs/msg/motor_vels.h
[8.900s] -- Up-to-date symlink: /home/ubuntu/robot_ws/install/serial_motor_demo_msgs/include/serial_motor_demo_msgs/msg/rosidl_generator_c__visibility_control.h
[8.904s] -- Up-to-date symlink: /home/ubuntu/robot_ws/install/serial_motor_demo_msgs/share/serial_motor_demo_msgs/environment/library_path.sh
[8.905s] -- Up-to-date symlink: /home/ubuntu/robot_ws/install/serial_motor_demo_msgs/share/serial_motor_demo_msgs/environment/library_path.dsv
[8.906s] -- Up-to-date symlink: /home/ubuntu/robot_ws/install/serial_motor_demo_msgs/include/serial_motor_demo_msgs/msg/detail/encoder_vals__rosidl_typesupport_fastrtps_c.h
[8.906s] -- Up-to-date symlink: /home/ubuntu/robot_ws/install/serial_motor_demo_msgs/include/serial_motor_demo_msgs/msg/detail/motor_command__rosidl_typesupport_fastrtps_c.h
[8.907s] -- Up-to-date symlink: /home/ubuntu/robot_ws/install/serial_motor_demo_msgs/include/serial_motor_demo_msgs/msg/detail/motor_vels__rosidl_typesupport_fastrtps_c.h
[8.907s] -- Up-to-date symlink: /home/ubuntu/robot_ws/install/serial_motor_demo_msgs/include/serial_motor_demo_msgs/msg/rosidl_typesupport_fastrtps_c__visibility_control.h
[9.037s] -- Up-to-date symlink: /home/ubuntu/robot_ws/install/serial_motor_demo_msgs/lib/libserial_motor_demo_msgs__rosidl_typesupport_fastrtps_c.so
[9.038s] -- Up-to-date symlink: /home/ubuntu/robot_ws/install/serial_motor_demo_msgs/include/serial_motor_demo_msgs/msg/detail/encoder_vals__rosidl_typesupport_fastrtps_cpp.hpp
[9.039s] -- Up-to-date symlink: /home/ubuntu/robot_ws/install/serial_motor_demo_msgs/include/serial_motor_demo_msgs/msg/detail/motor_command__rosidl_typesupport_fastrtps_cpp.hpp
[9.040s] -- Up-to-date symlink: /home/ubuntu/robot_ws/install/serial_motor_demo_msgs/include/serial_motor_demo_msgs/msg/detail/motor_vels__rosidl_typesupport_fastrtps_cpp.hpp
[9.048s] -- Up-to-date symlink: /home/ubuntu/robot_ws/install/serial_motor_demo_msgs/include/serial_motor_demo_msgs/msg/rosidl_typesupport_fastrtps_cpp__visibility_control.h
[9.052s] -- Up-to-date symlink: /home/ubuntu/robot_ws/install/serial_motor_demo_msgs/lib/libserial_motor_demo_msgs__rosidl_typesupport_fastrtps_cpp.so
[9.060s] -- Up-to-date symlink: /home/ubuntu/robot_ws/install/serial_motor_demo_msgs/include/serial_motor_demo_msgs/msg/detail/encoder_vals__rosidl_typesupport_introspection_c.h
[9.061s] -- Up-to-date symlink: /home/ubuntu/robot_ws/install/serial_motor_demo_msgs/include/serial_motor_demo_msgs/msg/detail/motor_command__rosidl_typesupport_introspection_c.h
[9.064s] -- Up-to-date symlink: /home/ubuntu/robot_ws/install/serial_motor_demo_msgs/include/serial_motor_demo_msgs/msg/detail/motor_vels__rosidl_typesupport_introspection_c.h
[9.066s] -- Up-to-date symlink: /home/ubuntu/robot_ws/install/serial_motor_demo_msgs/include/serial_motor_demo_msgs/msg/rosidl_typesupport_introspection_c__visibility_control.h
[9.072s] -- Up-to-date symlink: /home/ubuntu/robot_ws/install/serial_motor_demo_msgs/include/serial_motor_demo_msgs/msg/detail/encoder_vals__builder.hpp
[9.073s] -- Up-to-date symlink: /home/ubuntu/robot_ws/install/serial_motor_demo_msgs/include/serial_motor_demo_msgs/msg/detail/encoder_vals__struct.hpp
[9.076s] -- Up-to-date symlink: /home/ubuntu/robot_ws/install/serial_motor_demo_msgs/include/serial_motor_demo_msgs/msg/detail/encoder_vals__traits.hpp
[9.080s] -- Up-to-date symlink: /home/ubuntu/robot_ws/install/serial_motor_demo_msgs/include/serial_motor_demo_msgs/msg/detail/encoder_vals__type_support.hpp
[9.081s] -- Up-to-date symlink: /home/ubuntu/robot_ws/install/serial_motor_demo_msgs/include/serial_motor_demo_msgs/msg/detail/motor_command__builder.hpp
[9.081s] -- Up-to-date symlink: /home/ubuntu/robot_ws/install/serial_motor_demo_msgs/include/serial_motor_demo_msgs/msg/detail/motor_command__struct.hpp
[9.082s] -- Up-to-date symlink: /home/ubuntu/robot_ws/install/serial_motor_demo_msgs/include/serial_motor_demo_msgs/msg/detail/motor_command__traits.hpp
[9.085s] -- Up-to-date symlink: /home/ubuntu/robot_ws/install/serial_motor_demo_msgs/include/serial_motor_demo_msgs/msg/detail/motor_command__type_support.hpp
[9.086s] -- Up-to-date symlink: /home/ubuntu/robot_ws/install/serial_motor_demo_msgs/include/serial_motor_demo_msgs/msg/detail/motor_vels__builder.hpp
[9.089s] -- Up-to-date symlink: /home/ubuntu/robot_ws/install/serial_motor_demo_msgs/include/serial_motor_demo_msgs/msg/detail/motor_vels__struct.hpp
[9.090s] -- Up-to-date symlink: /home/ubuntu/robot_ws/install/serial_motor_demo_msgs/include/serial_motor_demo_msgs/msg/detail/motor_vels__traits.hpp
[9.091s] -- Up-to-date symlink: /home/ubuntu/robot_ws/install/serial_motor_demo_msgs/include/serial_motor_demo_msgs/msg/detail/motor_vels__type_support.hpp
[9.104s] -- Up-to-date symlink: /home/ubuntu/robot_ws/install/serial_motor_demo_msgs/include/serial_motor_demo_msgs/msg/encoder_vals.hpp
[9.109s] -- Up-to-date symlink: /home/ubuntu/robot_ws/install/serial_motor_demo_msgs/include/serial_motor_demo_msgs/msg/motor_command.hpp
[9.110s] -- Up-to-date symlink: /home/ubuntu/robot_ws/install/serial_motor_demo_msgs/include/serial_motor_demo_msgs/msg/motor_vels.hpp
[9.114s] -- Up-to-date symlink: /home/ubuntu/robot_ws/install/serial_motor_demo_msgs/include/serial_motor_demo_msgs/msg/rosidl_generator_cpp__visibility_control.hpp
[9.114s] -- Up-to-date symlink: /home/ubuntu/robot_ws/install/serial_motor_demo_msgs/include/serial_motor_demo_msgs/msg/detail/encoder_vals__rosidl_typesupport_introspection_cpp.hpp
[9.115s] -- Up-to-date symlink: /home/ubuntu/robot_ws/install/serial_motor_demo_msgs/include/serial_motor_demo_msgs/msg/detail/motor_command__rosidl_typesupport_introspection_cpp.hpp
[9.115s] -- Up-to-date symlink: /home/ubuntu/robot_ws/install/serial_motor_demo_msgs/include/serial_motor_demo_msgs/msg/detail/motor_vels__rosidl_typesupport_introspection_cpp.hpp
[9.116s] -- Up-to-date symlink: /home/ubuntu/robot_ws/install/serial_motor_demo_msgs/share/serial_motor_demo_msgs/environment/pythonpath.sh
[9.116s] -- Up-to-date symlink: /home/ubuntu/robot_ws/install/serial_motor_demo_msgs/share/serial_motor_demo_msgs/environment/pythonpath.dsv
[9.117s] -- Up-to-date symlink: /home/ubuntu/robot_ws/install/serial_motor_demo_msgs/lib/python3.8/site-packages/serial_motor_demo_msgs/__init__.py
[9.117s] -- Up-to-date symlink: /home/ubuntu/robot_ws/install/serial_motor_demo_msgs/lib/python3.8/site-packages/serial_motor_demo_msgs/msg/__init__.py
[9.117s] -- Up-to-date symlink: /home/ubuntu/robot_ws/install/serial_motor_demo_msgs/lib/python3.8/site-packages/serial_motor_demo_msgs/msg/_encoder_vals.py
[9.118s] -- Up-to-date symlink: /home/ubuntu/robot_ws/install/serial_motor_demo_msgs/lib/python3.8/site-packages/serial_motor_demo_msgs/msg/_motor_command.py
[9.118s] -- Up-to-date symlink: /home/ubuntu/robot_ws/install/serial_motor_demo_msgs/lib/python3.8/site-packages/serial_motor_demo_msgs/msg/_motor_vels.py
[9.137s] -- Up-to-date symlink: /home/ubuntu/robot_ws/install/serial_motor_demo_msgs/lib/python3.8/site-packages/serial_motor_demo_msgs/serial_motor_demo_msgs_s__rosidl_typesupport_fastrtps_c.cpython-38-aarch64-linux-gnu.so
[9.148s] -- Up-to-date symlink: /home/ubuntu/robot_ws/install/serial_motor_demo_msgs/lib/python3.8/site-packages/serial_motor_demo_msgs/serial_motor_demo_msgs_s__rosidl_typesupport_introspection_c.cpython-38-aarch64-linux-gnu.so
[9.165s] -- Up-to-date symlink: /home/ubuntu/robot_ws/install/serial_motor_demo_msgs/lib/python3.8/site-packages/serial_motor_demo_msgs/serial_motor_demo_msgs_s__rosidl_typesupport_c.cpython-38-aarch64-linux-gnu.so
[9.190s] -- Up-to-date symlink: /home/ubuntu/robot_ws/install/serial_motor_demo_msgs/lib/libserial_motor_demo_msgs__python.so
[9.192s] -- Up-to-date symlink: /home/ubuntu/robot_ws/install/serial_motor_demo_msgs/share/serial_motor_demo_msgs/msg/MotorCommand.idl
[9.194s] -- Up-to-date symlink: /home/ubuntu/robot_ws/install/serial_motor_demo_msgs/share/serial_motor_demo_msgs/msg/MotorVels.idl
[9.196s] -- Up-to-date symlink: /home/ubuntu/robot_ws/install/serial_motor_demo_msgs/share/serial_motor_demo_msgs/msg/EncoderVals.idl
[9.198s] -- Up-to-date symlink: /home/ubuntu/robot_ws/install/serial_motor_demo_msgs/share/serial_motor_demo_msgs/msg/MotorCommand.msg
[9.200s] -- Up-to-date symlink: /home/ubuntu/robot_ws/install/serial_motor_demo_msgs/share/serial_motor_demo_msgs/msg/MotorVels.msg
[9.202s] -- Up-to-date symlink: /home/ubuntu/robot_ws/install/serial_motor_demo_msgs/share/serial_motor_demo_msgs/msg/EncoderVals.msg
[9.204s] -- Up-to-date symlink: /home/ubuntu/robot_ws/install/serial_motor_demo_msgs/share/ament_index/resource_index/package_run_dependencies/serial_motor_demo_msgs
[9.214s] -- Up-to-date symlink: /home/ubuntu/robot_ws/install/serial_motor_demo_msgs/share/ament_index/resource_index/parent_prefix_path/serial_motor_demo_msgs
[9.217s] -- Up-to-date symlink: /home/ubuntu/robot_ws/install/serial_motor_demo_msgs/share/serial_motor_demo_msgs/environment/ament_prefix_path.sh
[9.217s] -- Up-to-date symlink: /home/ubuntu/robot_ws/install/serial_motor_demo_msgs/share/serial_motor_demo_msgs/environment/ament_prefix_path.dsv
[9.218s] -- Up-to-date symlink: /home/ubuntu/robot_ws/install/serial_motor_demo_msgs/share/serial_motor_demo_msgs/environment/path.sh
[9.219s] -- Up-to-date symlink: /home/ubuntu/robot_ws/install/serial_motor_demo_msgs/share/serial_motor_demo_msgs/environment/path.dsv
[9.220s] -- Up-to-date symlink: /home/ubuntu/robot_ws/install/serial_motor_demo_msgs/share/serial_motor_demo_msgs/local_setup.bash
[9.222s] -- Up-to-date symlink: /home/ubuntu/robot_ws/install/serial_motor_demo_msgs/share/serial_motor_demo_msgs/local_setup.sh
[9.224s] -- Up-to-date symlink: /home/ubuntu/robot_ws/install/serial_motor_demo_msgs/share/serial_motor_demo_msgs/local_setup.zsh
[9.226s] -- Up-to-date symlink: /home/ubuntu/robot_ws/install/serial_motor_demo_msgs/share/serial_motor_demo_msgs/local_setup.dsv
[9.232s] -- Symlinking: /home/ubuntu/robot_ws/install/serial_motor_demo_msgs/share/serial_motor_demo_msgs/package.dsv
[9.263s] -- Up-to-date symlink: /home/ubuntu/robot_ws/install/serial_motor_demo_msgs/share/ament_index/resource_index/packages/serial_motor_demo_msgs
[9.267s] -- Up-to-date symlink: /home/ubuntu/robot_ws/install/serial_motor_demo_msgs/share/serial_motor_demo_msgs/cmake/rosidl_cmake-extras.cmake
[9.269s] -- Up-to-date symlink: /home/ubuntu/robot_ws/install/serial_motor_demo_msgs/share/serial_motor_demo_msgs/cmake/ament_cmake_export_dependencies-extras.cmake
[9.269s] -- Up-to-date symlink: /home/ubuntu/robot_ws/install/serial_motor_demo_msgs/share/serial_motor_demo_msgs/cmake/ament_cmake_export_libraries-extras.cmake
[9.272s] -- Up-to-date symlink: /home/ubuntu/robot_ws/install/serial_motor_demo_msgs/share/serial_motor_demo_msgs/cmake/ament_cmake_export_targets-extras.cmake
[9.276s] -- Up-to-date symlink: /home/ubuntu/robot_ws/install/serial_motor_demo_msgs/share/serial_motor_demo_msgs/cmake/ament_cmake_export_include_directories-extras.cmake
[9.277s] -- Up-to-date symlink: /home/ubuntu/robot_ws/install/serial_motor_demo_msgs/share/serial_motor_demo_msgs/cmake/rosidl_cmake_export_typesupport_libraries-extras.cmake
[9.283s] -- Up-to-date symlink: /home/ubuntu/robot_ws/install/serial_motor_demo_msgs/share/serial_motor_demo_msgs/cmake/rosidl_cmake_export_typesupport_targets-extras.cmake
[9.284s] -- Up-to-date symlink: /home/ubuntu/robot_ws/install/serial_motor_demo_msgs/share/serial_motor_demo_msgs/cmake/serial_motor_demo_msgsConfig.cmake
[9.286s] -- Up-to-date symlink: /home/ubuntu/robot_ws/install/serial_motor_demo_msgs/share/serial_motor_demo_msgs/cmake/serial_motor_demo_msgsConfig-version.cmake
[9.290s] -- Up-to-date symlink: /home/ubuntu/robot_ws/install/serial_motor_demo_msgs/share/serial_motor_demo_msgs/package.xml
[9.393s] -- Up-to-date: /home/ubuntu/robot_ws/install/serial_motor_demo_msgs/lib/libserial_motor_demo_msgs__rosidl_generator_c.so
[9.401s] -- Up-to-date: /home/ubuntu/robot_ws/install/serial_motor_demo_msgs/lib/libserial_motor_demo_msgs__rosidl_typesupport_introspection_c.so
[9.407s] -- Up-to-date: /home/ubuntu/robot_ws/install/serial_motor_demo_msgs/lib/libserial_motor_demo_msgs__rosidl_typesupport_c.so
[9.435s] -- Up-to-date: /home/ubuntu/robot_ws/install/serial_motor_demo_msgs/lib/libserial_motor_demo_msgs__rosidl_typesupport_introspection_cpp.so
[9.439s] -- Up-to-date: /home/ubuntu/robot_ws/install/serial_motor_demo_msgs/lib/libserial_motor_demo_msgs__rosidl_typesupport_cpp.so
[9.671s] -- Up-to-date: /home/ubuntu/robot_ws/install/serial_motor_demo_msgs/share/serial_motor_demo_msgs/cmake/serial_motor_demo_msgs__rosidl_generator_cExport.cmake
[9.674s] -- Up-to-date: /home/ubuntu/robot_ws/install/serial_motor_demo_msgs/share/serial_motor_demo_msgs/cmake/serial_motor_demo_msgs__rosidl_generator_cExport-noconfig.cmake
[9.680s] -- Up-to-date: /home/ubuntu/robot_ws/install/serial_motor_demo_msgs/share/serial_motor_demo_msgs/cmake/serial_motor_demo_msgs__rosidl_typesupport_introspection_cExport.cmake
[9.683s] -- Up-to-date: /home/ubuntu/robot_ws/install/serial_motor_demo_msgs/share/serial_motor_demo_msgs/cmake/serial_motor_demo_msgs__rosidl_typesupport_introspection_cExport-noconfig.cmake
[9.683s] -- Up-to-date: /home/ubuntu/robot_ws/install/serial_motor_demo_msgs/share/serial_motor_demo_msgs/cmake/serial_motor_demo_msgs__rosidl_typesupport_cExport.cmake
[9.687s] -- Up-to-date: /home/ubuntu/robot_ws/install/serial_motor_demo_msgs/share/serial_motor_demo_msgs/cmake/serial_motor_demo_msgs__rosidl_typesupport_cExport-noconfig.cmake
[9.689s] -- Up-to-date: /home/ubuntu/robot_ws/install/serial_motor_demo_msgs/share/serial_motor_demo_msgs/cmake/serial_motor_demo_msgs__rosidl_generator_cppExport.cmake
[9.693s] -- Up-to-date: /home/ubuntu/robot_ws/install/serial_motor_demo_msgs/share/serial_motor_demo_msgs/cmake/serial_motor_demo_msgs__rosidl_typesupport_introspection_cppExport.cmake
[9.694s] -- Up-to-date: /home/ubuntu/robot_ws/install/serial_motor_demo_msgs/share/serial_motor_demo_msgs/cmake/serial_motor_demo_msgs__rosidl_typesupport_introspection_cppExport-noconfig.cmake
[9.694s] -- Up-to-date: /home/ubuntu/robot_ws/install/serial_motor_demo_msgs/share/serial_motor_demo_msgs/cmake/serial_motor_demo_msgs__rosidl_typesupport_cppExport.cmake
[9.695s] -- Up-to-date: /home/ubuntu/robot_ws/install/serial_motor_demo_msgs/share/serial_motor_demo_msgs/cmake/serial_motor_demo_msgs__rosidl_typesupport_cppExport-noconfig.cmake
[11.146s] Invoked command in '/home/ubuntu/robot_ws/build/serial_motor_demo_msgs' returned '0': CMAKE_PREFIX_PATH=${CMAKE_PREFIX_PATH}:/home/ubuntu/robot_ws/install/serial_motor_demo:/home/ubuntu/robot_ws/install/joy_tester:/opt/ros/foxy /usr/bin/cmake --install /home/ubuntu/robot_ws/build/serial_motor_demo_msgs
