[3.492s] Invoking command in '/home/ubuntu/robot_ws/build/sasa_bot': CMAKE_PREFIX_PATH=${CMAKE_PREFIX_PATH}:/home/ubuntu/robot_ws/install/joy_tester:/opt/ros/foxy /usr/bin/cmake /home/ubuntu/robot_ws/src/sasa_bot -DAMENT_CMAKE_SYMLINK_INSTALL=1 -DCMAKE_INSTALL_PREFIX=/home/ubuntu/robot_ws/install/sasa_bot
[3.569s] -- Found ament_cmake: 0.9.12 (/opt/ros/foxy/share/ament_cmake/cmake)
[3.714s] -- Using PYTHON_EXECUTABLE: /usr/bin/python3
[5.056s] -- Override CMake install command with custom implementation using symlinks instead of copying resources
[5.143s] -- Found ament_lint_auto: 0.9.8 (/opt/ros/foxy/share/ament_lint_auto/cmake)
[5.642s] -- Added test 'copyright' to check source files copyright and LICENSE
[5.666s] -- Added test 'flake8' to check Python code syntax and style conventions
[5.671s] -- Added test 'lint_cmake' to check CMake code style
[5.675s] -- Added test 'pep257' to check Python code against some of the style conventions in PEP 257
[5.690s] -- Added test 'xmllint' to check XML markup files
[5.705s] -- Configuring done
[5.746s] -- Generating done
[5.756s] -- Build files have been written to: /home/ubuntu/robot_ws/build/sasa_bot
[5.778s] Invoked command in '/home/ubuntu/robot_ws/build/sasa_bot' returned '0': CMAKE_PREFIX_PATH=${CMAKE_PREFIX_PATH}:/home/ubuntu/robot_ws/install/joy_tester:/opt/ros/foxy /usr/bin/cmake /home/ubuntu/robot_ws/src/sasa_bot -DAMENT_CMAKE_SYMLINK_INSTALL=1 -DCMAKE_INSTALL_PREFIX=/home/ubuntu/robot_ws/install/sasa_bot
[5.782s] Invoking command in '/home/ubuntu/robot_ws/build/sasa_bot': CMAKE_PREFIX_PATH=${CMAKE_PREFIX_PATH}:/home/ubuntu/robot_ws/install/joy_tester:/opt/ros/foxy /usr/bin/cmake --build /home/ubuntu/robot_ws/build/sasa_bot -- -j4 -l4
[5.997s] Invoked command in '/home/ubuntu/robot_ws/build/sasa_bot' returned '0': CMAKE_PREFIX_PATH=${CMAKE_PREFIX_PATH}:/home/ubuntu/robot_ws/install/joy_tester:/opt/ros/foxy /usr/bin/cmake --build /home/ubuntu/robot_ws/build/sasa_bot -- -j4 -l4
[6.922s] Invoking command in '/home/ubuntu/robot_ws/build/sasa_bot': CMAKE_PREFIX_PATH=${CMAKE_PREFIX_PATH}:/home/ubuntu/robot_ws/install/joy_tester:/opt/ros/foxy /usr/bin/cmake --install /home/ubuntu/robot_ws/build/sasa_bot
[6.977s] -- Install configuration: ""
[6.978s] -- Execute custom install script
[6.980s] -- Symlinking: /home/ubuntu/robot_ws/install/sasa_bot/share/sasa_bot/config/empty.yaml
[7.026s] -- Symlinking: /home/ubuntu/robot_ws/install/sasa_bot/share/sasa_bot/config/gazebo_params.yaml
[7.073s] -- Symlinking: /home/ubuntu/robot_ws/install/sasa_bot/share/sasa_bot/config/my_controllers.yaml
[7.122s] -- Symlinking: /home/ubuntu/robot_ws/install/sasa_bot/share/sasa_bot/config/view_bot.rviz
[7.202s] -- Symlinking: /home/ubuntu/robot_ws/install/sasa_bot/share/sasa_bot/description/camera.xacro
[7.250s] -- Symlinking: /home/ubuntu/robot_ws/install/sasa_bot/share/sasa_bot/description/depth_camera.xacro
[7.300s] -- Symlinking: /home/ubuntu/robot_ws/install/sasa_bot/share/sasa_bot/description/gazebo_control.xacro
[7.352s] -- Symlinking: /home/ubuntu/robot_ws/install/sasa_bot/share/sasa_bot/description/inertial_macros.xacro
[7.401s] -- Symlinking: /home/ubuntu/robot_ws/install/sasa_bot/share/sasa_bot/description/lidar.xacro
[7.449s] -- Symlinking: /home/ubuntu/robot_ws/install/sasa_bot/share/sasa_bot/description/robot.urdf.xacro
[7.495s] -- Symlinking: /home/ubuntu/robot_ws/install/sasa_bot/share/sasa_bot/description/robot_core.xacro
[7.543s] -- Symlinking: /home/ubuntu/robot_ws/install/sasa_bot/share/sasa_bot/description/ros2_control.xacro
[7.590s] -- Symlinking: /home/ubuntu/robot_ws/install/sasa_bot/share/sasa_bot/launch/launch_sim.launch.py
[7.642s] -- Symlinking: /home/ubuntu/robot_ws/install/sasa_bot/share/sasa_bot/launch/rsp.launch.py
[7.691s] -- Symlinking: /home/ubuntu/robot_ws/install/sasa_bot/share/sasa_bot/worlds/empty.world
[7.740s] -- Symlinking: /home/ubuntu/robot_ws/install/sasa_bot/share/ament_index/resource_index/package_run_dependencies/sasa_bot
[7.798s] -- Symlinking: /home/ubuntu/robot_ws/install/sasa_bot/share/ament_index/resource_index/parent_prefix_path/sasa_bot
[7.846s] -- Symlinking: /home/ubuntu/robot_ws/install/sasa_bot/share/sasa_bot/environment/ament_prefix_path.sh
[7.895s] -- Symlinking: /home/ubuntu/robot_ws/install/sasa_bot/share/sasa_bot/environment/ament_prefix_path.dsv
[7.944s] -- Symlinking: /home/ubuntu/robot_ws/install/sasa_bot/share/sasa_bot/environment/path.sh
[7.993s] -- Symlinking: /home/ubuntu/robot_ws/install/sasa_bot/share/sasa_bot/environment/path.dsv
[8.041s] -- Symlinking: /home/ubuntu/robot_ws/install/sasa_bot/share/sasa_bot/local_setup.bash
[8.090s] -- Symlinking: /home/ubuntu/robot_ws/install/sasa_bot/share/sasa_bot/local_setup.sh
[8.140s] -- Symlinking: /home/ubuntu/robot_ws/install/sasa_bot/share/sasa_bot/local_setup.zsh
[8.188s] -- Symlinking: /home/ubuntu/robot_ws/install/sasa_bot/share/sasa_bot/local_setup.dsv
[8.236s] -- Symlinking: /home/ubuntu/robot_ws/install/sasa_bot/share/sasa_bot/package.dsv
[8.293s] -- Symlinking: /home/ubuntu/robot_ws/install/sasa_bot/share/ament_index/resource_index/packages/sasa_bot
[8.347s] -- Symlinking: /home/ubuntu/robot_ws/install/sasa_bot/share/sasa_bot/cmake/sasa_botConfig.cmake
[8.397s] -- Symlinking: /home/ubuntu/robot_ws/install/sasa_bot/share/sasa_bot/cmake/sasa_botConfig-version.cmake
[8.444s] -- Symlinking: /home/ubuntu/robot_ws/install/sasa_bot/share/sasa_bot/package.xml
[9.433s] Invoked command in '/home/ubuntu/robot_ws/build/sasa_bot' returned '0': CMAKE_PREFIX_PATH=${CMAKE_PREFIX_PATH}:/home/ubuntu/robot_ws/install/joy_tester:/opt/ros/foxy /usr/bin/cmake --install /home/ubuntu/robot_ws/build/sasa_bot
